<?xml version="1.0" encoding="UTF-8"?>
<!-- Generated by org.testng.reporters.JUnitReportReporter -->
<testsuite hostname="MIGUEL" failures="0" tests="3" name="com.timp.test.ATR.CopiaEstruturas.CopiaGrupoDeEstruturas.GrupoDeEstruturaVer" time="62.777" errors="0" timestamp="16 mar. 2021 06:38:29 GMT" skipped="0">
  <testcase classname="com.timp.test.ATR.CopiaEstruturas.CopiaGrupoDeEstruturas.GrupoDeEstruturaVer" name="login" time="7.828"/>
  <testcase classname="com.timp.test.ATR.CopiaEstruturas.CopiaGrupoDeEstruturas.GrupoDeEstruturaVer" name="ATREntrar" time="14.640"/>
  <testcase classname="com.timp.test.ATR.CopiaEstruturas.CopiaGrupoDeEstruturas.GrupoDeEstruturaVer" name="visualizar" time="40.309"/>
</testsuite> <!-- com.timp.test.ATR.CopiaEstruturas.CopiaGrupoDeEstruturas.GrupoDeEstruturaVer -->
