<?xml version="1.0" encoding="UTF-8"?>
<!-- Generated by org.testng.reporters.JUnitReportReporter -->
<testsuite hostname="LAPTOP-EIQG1MUE" failures="0" tests="2" name="com.timp.test.BRE.RegrasDeAuditoriaN4.ParametrosGerais.RegrasdeAuditoriaN4LixeiraExcluirdefinitivamente" time="168.901" errors="0" timestamp="28 Jul 2021 11:13:02 GMT" skipped="0">
  <testcase classname="com.timp.test.BRE.RegrasDeAuditoriaN4.ParametrosGerais.RegrasdeAuditoriaN4LixeiraExcluirdefinitivamente" name="excluirDefinitivo" time="50.720"/>
  <testcase classname="com.timp.test.BRE.RegrasDeAuditoriaN4.ParametrosGerais.RegrasdeAuditoriaN4LixeiraExcluirdefinitivamente" name="lixeira" time="118.181"/>
</testsuite> <!-- com.timp.test.BRE.RegrasDeAuditoriaN4.ParametrosGerais.RegrasdeAuditoriaN4LixeiraExcluirdefinitivamente -->
