<?xml version="1.0" encoding="UTF-8"?>
<!-- Generated by org.testng.reporters.JUnitReportReporter -->
<testsuite hostname="LAPTOP-EIQG1MUE" failures="0" tests="1" name="com.timp.test.BRB.PublicoEPrivado" time="195.255" errors="0" timestamp="28 Jul 2021 17:33:34 GMT" skipped="0">
  <testcase classname="com.timp.test.BRB.PublicoEPrivado" name="publicoYPRivado" time="195.255"/>
</testsuite> <!-- com.timp.test.BRB.PublicoEPrivado -->
