<?xml version="1.0" encoding="UTF-8"?>
<!-- Generated by org.testng.reporters.JUnitReportReporter -->
<testsuite hostname="LAPTOP-EIQG1MUE" failures="0" tests="1" name="com.timp.test.MDR.TabelasApoioESocial.DiagnosticoDeProcessos.DiagnosticoDeProcessosCriar" time="76.896" errors="0" timestamp="23 Jul 2021 16:59:22 GMT" skipped="0">
  <testcase classname="com.timp.test.MDR.TabelasApoioESocial.DiagnosticoDeProcessos.DiagnosticoDeProcessosCriar" name="criar" time="76.896"/>
</testsuite> <!-- com.timp.test.MDR.TabelasApoioESocial.DiagnosticoDeProcessos.DiagnosticoDeProcessosCriar -->
