<?xml version="1.0" encoding="UTF-8"?>
<!-- Generated by org.testng.reporters.JUnitReportReporter -->
<testsuite hostname="LAPTOP-IN7IV9K5" failures="0" tests="2" name="com.timp.test.ATR.Estruturas.MapeamentoDeParametrosDeEntrada.MapeamentoDeParametrosDeEntradaExcluirEmMassa" time="114.898" errors="0" timestamp="25 jun. 2021 08:17:53 GMT" skipped="0">
  <testcase classname="com.timp.test.ATR.Estruturas.MapeamentoDeParametrosDeEntrada.MapeamentoDeParametrosDeEntradaExcluirEmMassa" name="excluir" time="23.521"/>
  <testcase classname="com.timp.test.ATR.Estruturas.MapeamentoDeParametrosDeEntrada.MapeamentoDeParametrosDeEntradaExcluirEmMassa" name="criar" time="91.377"/>
</testsuite> <!-- com.timp.test.ATR.Estruturas.MapeamentoDeParametrosDeEntrada.MapeamentoDeParametrosDeEntradaExcluirEmMassa -->
