<?xml version="1.0" encoding="UTF-8"?>
<!-- Generated by org.testng.reporters.JUnitReportReporter -->
<testsuite hostname="CRISTHIAN-VASQUEZ" failures="0" tests="3" name="com.timp.test.BCB.ParametrosGeraisHierarquiaVisualizar" time="68.766" errors="0" timestamp="10 Feb 2021 19:00:07 GMT">
  <testcase classname="com.timp.test.BCB.ParametrosGeraisHierarquiaVisualizar" name="login" time="7.195"/>
  <testcase classname="com.timp.test.BCB.ParametrosGeraisHierarquiaVisualizar" name="visualizar" time="37.691"/>
  <testcase classname="com.timp.test.BCB.ParametrosGeraisHierarquiaVisualizar" name="brbEntrar" time="23.880"/>
</testsuite> <!-- com.timp.test.BCB.ParametrosGeraisHierarquiaVisualizar -->
