<?xml version="1.0" encoding="UTF-8"?>
<!-- Generated by org.testng.reporters.JUnitReportReporter -->
<testsuite hostname="LAPTOP-EIQG1MUE" failures="0" tests="1" name="com.timp.test.BRB.AdicionarColunas" time="195.307" errors="0" timestamp="29 Jul 2021 06:52:16 GMT" skipped="0">
  <testcase classname="com.timp.test.BRB.AdicionarColunas" name="adicionarColunas" time="195.307"/>
</testsuite> <!-- com.timp.test.BRB.AdicionarColunas -->
