<?xml version="1.0" encoding="UTF-8"?>
<!-- Generated by org.testng.reporters.JUnitReportReporter -->
<testsuite hostname="MIGUEL" failures="0" tests="3" name="com.timp.test.ATR.CopiaEstruturas.CopiaGrupoDeEstruturas.GrupoDeEstruturasExcluirEmMassa" time="110.617" errors="0" timestamp="16 mar. 2021 06:42:35 GMT" skipped="0">
  <testcase classname="com.timp.test.ATR.CopiaEstruturas.CopiaGrupoDeEstruturas.GrupoDeEstruturasExcluirEmMassa" name="login" time="7.711"/>
  <testcase classname="com.timp.test.ATR.CopiaEstruturas.CopiaGrupoDeEstruturas.GrupoDeEstruturasExcluirEmMassa" name="acessarATR" time="13.811"/>
  <testcase classname="com.timp.test.ATR.CopiaEstruturas.CopiaGrupoDeEstruturas.GrupoDeEstruturasExcluirEmMassa" name="criar" time="89.095"/>
</testsuite> <!-- com.timp.test.ATR.CopiaEstruturas.CopiaGrupoDeEstruturas.GrupoDeEstruturasExcluirEmMassa -->
