<?xml version="1.0" encoding="UTF-8"?>
<!-- Generated by org.testng.reporters.JUnitReportReporter -->
<testsuite hostname="LAPTOP-IN7IV9K5" failures="0" tests="3" name="com.timp.test.BRE.RegrasDeEscrituração.RegrasDeEscrituraçãoCriarComCopia" time="154.157" errors="0" timestamp="19 feb. 2021 21:42:39 GMT" skipped="0">
  <testcase classname="com.timp.test.BRE.RegrasDeEscrituração.RegrasDeEscrituraçãoCriarComCopia" name="login" time="8.861"/>
  <testcase classname="com.timp.test.BRE.RegrasDeEscrituração.RegrasDeEscrituraçãoCriarComCopia" name="acessarBRE" time="18.610"/>
  <testcase classname="com.timp.test.BRE.RegrasDeEscrituração.RegrasDeEscrituraçãoCriarComCopia" name="criar" time="126.686"/>
</testsuite> <!-- com.timp.test.BRE.RegrasDeEscrituração.RegrasDeEscrituraçãoCriarComCopia -->
