<?xml version="1.0" encoding="UTF-8"?>
<!-- Generated by org.testng.reporters.JUnitReportReporter -->
<testsuite hostname="DESKTOP-C57COV6" failures="0" tests="1" name="com.timp.test.TDK.Kpis.KpisLixeiraExcluir" time="135.825" errors="0" timestamp="03 jul. 2021 05:48:03 GMT" skipped="0">
  <testcase classname="com.timp.test.TDK.Kpis.KpisLixeiraExcluir" name="lixeira" time="135.825"/>
</testsuite> <!-- com.timp.test.TDK.Kpis.KpisLixeiraExcluir -->
