<?xml version="1.0" encoding="UTF-8"?>
<!-- Generated by org.testng.reporters.JUnitReportReporter -->
<testsuite hostname="DESKTOP-SUF121B" failures="0" tests="3" name="com.timp.test.MDR.Tributos.TributosCriar" time="253.114" errors="0" timestamp="27 Jul 2020 10:14:18 GMT">
  <testcase classname="com.timp.test.MDR.Tributos.TributosCriar" name="tributoCriar" time="211.102"/>
  <testcase classname="com.timp.test.MDR.Tributos.TributosCriar" name="acessarMDR" time="32.776"/>
  <testcase classname="com.timp.test.MDR.Tributos.TributosCriar" name="login" time="9.236"/>
</testsuite> <!-- com.timp.test.MDR.Tributos.TributosCriar -->
