<?xml version="1.0" encoding="UTF-8"?>
<!-- Generated by org.testng.reporters.JUnitReportReporter -->
<testsuite hostname="LitoSoler" name="com.timp.test.MDR.SCANC.ProductosSCANCCriar" tests="3" failures="0" timestamp="29 Aug 2020 01:40:36 GMT" time="109.365" errors="0">
  <testcase name="acessarMDR" time="11.019" classname="com.timp.test.MDR.SCANC.ProductosSCANCCriar"/>
  <testcase name="login" time="7.490" classname="com.timp.test.MDR.SCANC.ProductosSCANCCriar"/>
  <testcase name="criar" time="90.856" classname="com.timp.test.MDR.SCANC.ProductosSCANCCriar"/>
</testsuite> <!-- com.timp.test.MDR.SCANC.ProductosSCANCCriar -->
