<?xml version="1.0" encoding="UTF-8"?>
<!-- Generated by org.testng.reporters.JUnitReportReporter -->
<testsuite hostname="LAPTOP-EIQG1MUE" failures="0" tests="1" name="com.timp.test.MDR.ThinCapitalization.Emprestimos.EmprestimosExcluir" time="102.708" errors="0" timestamp="25 Jul 2021 17:18:19 GMT" skipped="0">
  <testcase classname="com.timp.test.MDR.ThinCapitalization.Emprestimos.EmprestimosExcluir" name="excluirEmprestimos" time="102.708"/>
</testsuite> <!-- com.timp.test.MDR.ThinCapitalization.Emprestimos.EmprestimosExcluir -->
