<?xml version="1.0" encoding="UTF-8"?>
<!-- Generated by org.testng.reporters.JUnitReportReporter -->
<<<<<<< HEAD
<testsuite hostname="DESKTOP-C57COV6" failures="0" tests="9" name="com.timp.test.BCB.Formula.HierarquiaConfiguracao.FormulaHierarquiaConfiguracaoTodasAsFuncionalidadesParte1" time="716.491" errors="0" timestamp="25 jun. 2021 16:35:53 GMT" skipped="0">
  <testcase classname="com.timp.test.BCB.Formula.HierarquiaConfiguracao.FormulaHierarquiaConfiguracaoTodasAsFuncionalidadesParte1" name="login" time="8.186"/>
  <testcase classname="com.timp.test.BCB.Formula.HierarquiaConfiguracao.FormulaHierarquiaConfiguracaoTodasAsFuncionalidadesParte1" name="brbEntrar" time="19.353"/>
  <testcase classname="com.timp.test.BCB.Formula.HierarquiaConfiguracao.FormulaHierarquiaConfiguracaoTodasAsFuncionalidadesParte1" name="criarConfiguracaoHierarquia" time="94.606"/>
  <testcase classname="com.timp.test.BCB.Formula.HierarquiaConfiguracao.FormulaHierarquiaConfiguracaoTodasAsFuncionalidadesParte1" name="criarConfiguracionConfiguracao" time="245.281"/>
  <testcase classname="com.timp.test.BCB.Formula.HierarquiaConfiguracao.FormulaHierarquiaConfiguracaoTodasAsFuncionalidadesParte1" name="criarConfiguracao" time="170.408"/>
  <testcase classname="com.timp.test.BCB.Formula.HierarquiaConfiguracao.FormulaHierarquiaConfiguracaoTodasAsFuncionalidadesParte1" name="outputBCB" time="47.465"/>
  <testcase classname="com.timp.test.BCB.Formula.HierarquiaConfiguracao.FormulaHierarquiaConfiguracaoTodasAsFuncionalidadesParte1" name="subNivel2" time="36.839"/>
  <testcase classname="com.timp.test.BCB.Formula.HierarquiaConfiguracao.FormulaHierarquiaConfiguracaoTodasAsFuncionalidadesParte1" name="subNivel3" time="42.988"/>
  <testcase classname="com.timp.test.BCB.Formula.HierarquiaConfiguracao.FormulaHierarquiaConfiguracaoTodasAsFuncionalidadesParte1" name="subNivel4" time="51.365"/>
=======
<testsuite hostname="LAPTOP-IN7IV9K5" failures="0" tests="9" name="com.timp.test.BCB.Formula.HierarquiaConfiguracao.FormulaHierarquiaConfiguracaoTodasAsFuncionalidadesParte1" time="632.855" errors="0" timestamp="13 may. 2021 02:42:34 GMT" skipped="0">
  <testcase classname="com.timp.test.BCB.Formula.HierarquiaConfiguracao.FormulaHierarquiaConfiguracaoTodasAsFuncionalidadesParte1" name="login" time="7.611"/>
  <testcase classname="com.timp.test.BCB.Formula.HierarquiaConfiguracao.FormulaHierarquiaConfiguracaoTodasAsFuncionalidadesParte1" name="brbEntrar" time="15.322"/>
  <testcase classname="com.timp.test.BCB.Formula.HierarquiaConfiguracao.FormulaHierarquiaConfiguracaoTodasAsFuncionalidadesParte1" name="criarConfiguracaoHierarquia" time="75.763"/>
  <testcase classname="com.timp.test.BCB.Formula.HierarquiaConfiguracao.FormulaHierarquiaConfiguracaoTodasAsFuncionalidadesParte1" name="criarConfiguracionConfiguracao" time="190.401"/>
  <testcase classname="com.timp.test.BCB.Formula.HierarquiaConfiguracao.FormulaHierarquiaConfiguracaoTodasAsFuncionalidadesParte1" name="criarConfiguracao" time="175.403"/>
  <testcase classname="com.timp.test.BCB.Formula.HierarquiaConfiguracao.FormulaHierarquiaConfiguracaoTodasAsFuncionalidadesParte1" name="outputBCB" time="52.335"/>
  <testcase classname="com.timp.test.BCB.Formula.HierarquiaConfiguracao.FormulaHierarquiaConfiguracaoTodasAsFuncionalidadesParte1" name="subNivel2" time="35.534"/>
  <testcase classname="com.timp.test.BCB.Formula.HierarquiaConfiguracao.FormulaHierarquiaConfiguracaoTodasAsFuncionalidadesParte1" name="subNivel3" time="41.709"/>
  <testcase classname="com.timp.test.BCB.Formula.HierarquiaConfiguracao.FormulaHierarquiaConfiguracaoTodasAsFuncionalidadesParte1" name="subNivel4" time="38.777"/>
>>>>>>> refs/remotes/origin/Kenssy
</testsuite> <!-- com.timp.test.BCB.Formula.HierarquiaConfiguracao.FormulaHierarquiaConfiguracaoTodasAsFuncionalidadesParte1 -->
