<?xml version="1.0" encoding="UTF-8"?>
<!-- Generated by org.testng.reporters.JUnitReportReporter -->
<testsuite hostname="MIGUEL" failures="0" tests="17" name="com.timp.test.BCB.DemaisHierarquiaConfiguracaoTodasAsFuncionalidadesParte1" time="1161.263" errors="0" timestamp="10 Feb 2021 23:37:30 GMT">
  <testcase classname="com.timp.test.BCB.DemaisHierarquiaConfiguracaoTodasAsFuncionalidadesParte1" name="criarConfiguracionConfiguracao" time="159.837"/>
  <testcase classname="com.timp.test.BCB.DemaisHierarquiaConfiguracaoTodasAsFuncionalidadesParte1" name="relacionamentoTotalizadorSubperiodoFixoReplicar" time="64.860"/>
  <testcase classname="com.timp.test.BCB.DemaisHierarquiaConfiguracaoTodasAsFuncionalidadesParte1" name="criarConfiguracaoHierarquia2" time="77.883"/>
  <testcase classname="com.timp.test.BCB.DemaisHierarquiaConfiguracaoTodasAsFuncionalidadesParte1" name="login" time="8.815"/>
  <testcase classname="com.timp.test.BCB.DemaisHierarquiaConfiguracaoTodasAsFuncionalidadesParte1" name="brbEntrar" time="14.410"/>
  <testcase classname="com.timp.test.BCB.DemaisHierarquiaConfiguracaoTodasAsFuncionalidadesParte1" name="criarConfiguracao" time="110.486"/>
  <testcase classname="com.timp.test.BCB.DemaisHierarquiaConfiguracaoTodasAsFuncionalidadesParte1" name="executar2" time="19.798"/>
  <testcase classname="com.timp.test.BCB.DemaisHierarquiaConfiguracaoTodasAsFuncionalidadesParte1" name="adicionarEntradaManual2" time="52.239"/>
  <testcase classname="com.timp.test.BCB.DemaisHierarquiaConfiguracaoTodasAsFuncionalidadesParte1" name="executar1" time="56.773"/>
  <testcase classname="com.timp.test.BCB.DemaisHierarquiaConfiguracaoTodasAsFuncionalidadesParte1" name="resultadoFinalParte1" time="70.498"/>
  <testcase classname="com.timp.test.BCB.DemaisHierarquiaConfiguracaoTodasAsFuncionalidadesParte1" name="resultadoFinalParte2" time="23.705"/>
  <testcase classname="com.timp.test.BCB.DemaisHierarquiaConfiguracaoTodasAsFuncionalidadesParte1" name="resultadoDoAbaParte1" time="61.716"/>
  <testcase classname="com.timp.test.BCB.DemaisHierarquiaConfiguracaoTodasAsFuncionalidadesParte1" name="configurarConfiguracaoRelacionamiento" time="118.540"/>
  <testcase classname="com.timp.test.BCB.DemaisHierarquiaConfiguracaoTodasAsFuncionalidadesParte1" name="entradaManual" time="36.037"/>
  <testcase classname="com.timp.test.BCB.DemaisHierarquiaConfiguracaoTodasAsFuncionalidadesParte1" name="criarConfiguracaoExecucoes" time="63.035"/>
  <testcase classname="com.timp.test.BCB.DemaisHierarquiaConfiguracaoTodasAsFuncionalidadesParte1" name="criarConfiguracionConfiguracao2" time="170.570"/>
  <testcase classname="com.timp.test.BCB.DemaisHierarquiaConfiguracaoTodasAsFuncionalidadesParte1" name="campoOutput" time="52.061"/>
</testsuite> <!-- com.timp.test.BCB.DemaisHierarquiaConfiguracaoTodasAsFuncionalidadesParte1 -->
