<?xml version="1.0" encoding="UTF-8"?>
<!-- Generated by org.testng.reporters.JUnitReportReporter -->
<testsuite hostname="LAPTOP-EIQG1MUE" failures="0" tests="1" name="com.timp.test.BRB.Paginacao" time="88.067" errors="0" timestamp="28 Jul 2021 14:16:16 GMT" skipped="0">
  <testcase classname="com.timp.test.BRB.Paginacao" name="paginacion" time="88.067"/>
</testsuite> <!-- com.timp.test.BRB.Paginacao -->
