<?xml version="1.0" encoding="UTF-8"?>
<!-- Generated by org.testng.reporters.JUnitReportReporter -->
<testsuite hostname="LAPTOP-EIQG1MUE" failures="0" tests="2" name="com.timp.test.MDR.RegistroECAC.RegistroECACExcluirMassa" time="219.380" errors="0" timestamp="22 Jul 2021 14:31:43 GMT" skipped="0">
  <testcase classname="com.timp.test.MDR.RegistroECAC.RegistroECACExcluirMassa" name="criar" time="176.076"/>
  <testcase classname="com.timp.test.MDR.RegistroECAC.RegistroECACExcluirMassa" name="excluirMassa" time="43.304"/>
</testsuite> <!-- com.timp.test.MDR.RegistroECAC.RegistroECACExcluirMassa -->
