<?xml version="1.0" encoding="UTF-8"?>
<!-- Generated by org.testng.reporters.JUnitReportReporter -->
<testsuite hostname="LAPTOP-EIQG1MUE" failures="0" tests="2" name="com.timp.test.MDR.CadastroDerex.CadastroResponsavel.ResponsavelMovimientoExcluirMasas" time="241.836" errors="0" timestamp="19 Jul 2021 16:20:04 GMT" skipped="0">
  <testcase classname="com.timp.test.MDR.CadastroDerex.CadastroResponsavel.ResponsavelMovimientoExcluirMasas" name="excluir" time="33.946"/>
  <testcase classname="com.timp.test.MDR.CadastroDerex.CadastroResponsavel.ResponsavelMovimientoExcluirMasas" name="criar" time="207.890"/>
</testsuite> <!-- com.timp.test.MDR.CadastroDerex.CadastroResponsavel.ResponsavelMovimientoExcluirMasas -->
