<?xml version="1.0" encoding="UTF-8"?>
<!-- Generated by org.testng.reporters.JUnitReportReporter -->
<testsuite hostname="DESKTOP-SUF121B" failures="0" tests="3" name="com.timp.test.MDR.Tributos.TributosDetalhes" time="77.433" errors="0" timestamp="27 Jul 2020 21:29:16 GMT">
  <testcase classname="com.timp.test.MDR.Tributos.TributosDetalhes" name="acessarMDR" time="39.396"/>
  <testcase classname="com.timp.test.MDR.Tributos.TributosDetalhes" name="login" time="8.606"/>
  <testcase classname="com.timp.test.MDR.Tributos.TributosDetalhes" name="tributoDetalhes" time="29.431"/>
</testsuite> <!-- com.timp.test.MDR.Tributos.TributosDetalhes -->
