<?xml version="1.0" encoding="UTF-8"?>
<!-- Generated by org.testng.reporters.JUnitReportReporter -->
<testsuite hostname="CRISTHIAN-VASQUEZ" failures="0" tests="3" name="com.timp.test.MDR.TaxasDeActualizacao.AliquotasDeTaxaDeActualizacaoCriar" time="88.670" errors="0" timestamp="27 Oct 2020 11:22:50 GMT">
  <testcase classname="com.timp.test.MDR.TaxasDeActualizacao.AliquotasDeTaxaDeActualizacaoCriar" name="acessarMDR" time="11.287"/>
  <testcase classname="com.timp.test.MDR.TaxasDeActualizacao.AliquotasDeTaxaDeActualizacaoCriar" name="criar" time="68.881"/>
  <testcase classname="com.timp.test.MDR.TaxasDeActualizacao.AliquotasDeTaxaDeActualizacaoCriar" name="login" time="8.502"/>
</testsuite> <!-- com.timp.test.MDR.TaxasDeActualizacao.AliquotasDeTaxaDeActualizacaoCriar -->
