<?xml version="1.0" encoding="UTF-8"?>
<!-- Generated by org.testng.reporters.JUnitReportReporter -->
<testsuite hostname="LAPTOP-IN7IV9K5" failures="0" tests="1" name="com.timp.test.MDR.TabelasApoioESocial.Tabela23.FactoresDeRiscoVisualizar" time="155.149" errors="0" timestamp="09 mar. 2021 01:59:49 GMT" skipped="0">
  <testcase classname="com.timp.test.MDR.TabelasApoioESocial.Tabela23.FactoresDeRiscoVisualizar" name="visualizar" time="155.149"/>
</testsuite> <!-- com.timp.test.MDR.TabelasApoioESocial.Tabela23.FactoresDeRiscoVisualizar -->
