<?xml version="1.0" encoding="UTF-8"?>
<!-- Generated by org.testng.reporters.JUnitReportReporter -->
<testsuite hostname="DESKTOP-C57COV6" failures="0" tests="3" name="com.timp.test.MDR.TabelasComplementaresParaObrigaçoesAcessorias.TabelaLogradouros.TabelaLogradouroVisualizar" time="96.384" errors="0" timestamp="15 jun. 2021 06:19:58 GMT" skipped="0">
  <testcase classname="com.timp.test.MDR.TabelasComplementaresParaObrigaçoesAcessorias.TabelaLogradouros.TabelaLogradouroVisualizar" name="login" time="13.272"/>
  <testcase classname="com.timp.test.MDR.TabelasComplementaresParaObrigaçoesAcessorias.TabelaLogradouros.TabelaLogradouroVisualizar" name="acessarMDR" time="32.411"/>
  <testcase classname="com.timp.test.MDR.TabelasComplementaresParaObrigaçoesAcessorias.TabelaLogradouros.TabelaLogradouroVisualizar" name="visualizar" time="50.701"/>
</testsuite> <!-- com.timp.test.MDR.TabelasComplementaresParaObrigaçoesAcessorias.TabelaLogradouros.TabelaLogradouroVisualizar -->
