<?xml version="1.0" encoding="UTF-8"?>
<!-- Generated by org.testng.reporters.JUnitReportReporter -->
<testsuite hostname="LAPTOP-IN7IV9K5" failures="0" tests="3" name="com.timp.test.TBD.Configuração.CamposChaves.CamposChavesFiltroPorID" time="40.976" errors="0" timestamp="27 abr. 2021 14:37:26 GMT" skipped="0">
  <testcase classname="com.timp.test.TBD.Configuração.CamposChaves.CamposChavesFiltroPorID" name="login" time="8.311"/>
  <testcase classname="com.timp.test.TBD.Configuração.CamposChaves.CamposChavesFiltroPorID" name="TBDEntrar" time="17.830"/>
  <testcase classname="com.timp.test.TBD.Configuração.CamposChaves.CamposChavesFiltroPorID" name="filtro" time="14.835"/>
</testsuite> <!-- com.timp.test.TBD.Configuração.CamposChaves.CamposChavesFiltroPorID -->
