<?xml version="1.0" encoding="UTF-8"?>
<!-- Generated by org.testng.reporters.JUnitReportReporter -->
<testsuite hostname="DESKTOP-35UG9UP" name="com.timp.test.MDR.TEST.AntecipacaoEditar" tests="3" failures="0" timestamp="5 Aug 2020 16:24:19 GMT" time="102.157" errors="0">
  <testcase name="acessarMDR" time="11.214" classname="com.timp.test.MDR.TEST.AntecipacaoEditar"/>
  <testcase name="login" time="10.273" classname="com.timp.test.MDR.TEST.AntecipacaoEditar"/>
  <testcase name="visualizar" time="80.670" classname="com.timp.test.MDR.TEST.AntecipacaoEditar"/>
</testsuite> <!-- com.timp.test.MDR.TEST.AntecipacaoEditar -->
