<?xml version="1.0" encoding="UTF-8"?>
<!-- Generated by org.testng.reporters.JUnitReportReporter -->
<testsuite hostname="DESKTOP-5P4F1JE" failures="0" tests="3" name="com.timp.test.TCC.BancoDeCreditoExtemporaneo.PainelBCEConfiguracaoEExecucao.PainelBCEConfiguracaoEExecucaoCriar" time="75.292" errors="0" timestamp="14 Jan 2021 19:28:19 GMT">
  <testcase classname="com.timp.test.TCC.BancoDeCreditoExtemporaneo.PainelBCEConfiguracaoEExecucao.PainelBCEConfiguracaoEExecucaoCriar" name="login" time="9.276"/>
  <testcase classname="com.timp.test.TCC.BancoDeCreditoExtemporaneo.PainelBCEConfiguracaoEExecucao.PainelBCEConfiguracaoEExecucaoCriar" name="criar" time="44.716"/>
  <testcase classname="com.timp.test.TCC.BancoDeCreditoExtemporaneo.PainelBCEConfiguracaoEExecucao.PainelBCEConfiguracaoEExecucaoCriar" name="acessarTCC" time="21.300"/>
</testsuite> <!-- com.timp.test.TCC.BancoDeCreditoExtemporaneo.PainelBCEConfiguracaoEExecucao.PainelBCEConfiguracaoEExecucaoCriar -->
