<?xml version="1.0" encoding="UTF-8"?>
<!-- Generated by org.testng.reporters.JUnitReportReporter -->
<testsuite hostname="MIGUEL" failures="0" tests="3" name="com.timp.test.MDR.TabelasApoioSped.CFOP.CFOVisualizar" time="86.394" errors="0" timestamp="20 Oct 2020 22:19:11 GMT">
  <testcase classname="com.timp.test.MDR.TabelasApoioSped.CFOP.CFOVisualizar" name="ingresar" time="9.613"/>
  <testcase classname="com.timp.test.MDR.TabelasApoioSped.CFOP.CFOVisualizar" name="mdrEntrar" time="9.851"/>
  <testcase classname="com.timp.test.MDR.TabelasApoioSped.CFOP.CFOVisualizar" name="visualizar" time="66.930"/>
</testsuite> <!-- com.timp.test.MDR.TabelasApoioSped.CFOP.CFOVisualizar -->
