<?xml version="1.0" encoding="UTF-8"?>
<!-- Generated by org.testng.reporters.JUnitReportReporter -->
<testsuite hostname="LitoSoler" name="com.timp.test.MDR.TabelasApoioESocial.Tabela10.TiposDeLotacaoTributariaExcluir" tests="3" failures="0" timestamp="27 Oct 2020 17:26:19 GMT" time="59.102" errors="0">
  <testcase name="acessarMDR" time="15.448" classname="com.timp.test.MDR.TabelasApoioESocial.Tabela10.TiposDeLotacaoTributariaExcluir"/>
  <testcase name="login" time="7.130" classname="com.timp.test.MDR.TabelasApoioESocial.Tabela10.TiposDeLotacaoTributariaExcluir"/>
  <testcase name="excluir" time="36.524" classname="com.timp.test.MDR.TabelasApoioESocial.Tabela10.TiposDeLotacaoTributariaExcluir"/>
</testsuite> <!-- com.timp.test.MDR.TabelasApoioESocial.Tabela10.TiposDeLotacaoTributariaExcluir -->
