<?xml version="1.0" encoding="UTF-8"?>
<!-- Generated by org.testng.reporters.JUnitReportReporter -->
<testsuite hostname="LitoSoler" name="com.timp.test.MDR.SCANC.ProductosSCANCEditar" tests="3" failures="0" timestamp="28 Aug 2020 15:35:14 GMT" time="107.391" errors="0">
  <testcase name="login" time="6.459" classname="com.timp.test.MDR.SCANC.ProductosSCANCEditar"/>
  <testcase name="criar" time="92.397" classname="com.timp.test.MDR.SCANC.ProductosSCANCEditar"/>
  <testcase name="acessarMDR" time="8.535" classname="com.timp.test.MDR.SCANC.ProductosSCANCEditar"/>
</testsuite> <!-- com.timp.test.MDR.SCANC.ProductosSCANCEditar -->
