<?xml version="1.0" encoding="UTF-8"?>
<!-- Generated by org.testng.reporters.JUnitReportReporter -->
<testsuite hostname="LAPTOP-EIQG1MUE" failures="0" tests="2" name="com.timp.test.BRB.FormatacaoEVariante" time="193.056" errors="0" timestamp="29 Jul 2021 10:15:15 GMT" skipped="0">
  <testcase classname="com.timp.test.BRB.FormatacaoEVariante" name="excluirVariante" time="29.061"/>
  <testcase classname="com.timp.test.BRB.FormatacaoEVariante" name="formatacaoEVariante" time="163.995"/>
</testsuite> <!-- com.timp.test.BRB.FormatacaoEVariante -->
