<?xml version="1.0" encoding="UTF-8"?>
<!-- Generated by org.testng.reporters.JUnitReportReporter -->
<testsuite hostname="DESKTOP-BNBDMGT" failures="0" tests="3" name="com.timp.test.TDK.Kpis.KpisLixeiraExcluirEmMassa" time="273.354" errors="0" timestamp="11 Feb 2021 03:21:29 GMT">
  <testcase classname="com.timp.test.TDK.Kpis.KpisLixeiraExcluirEmMassa" name="login" time="81.986"/>
  <testcase classname="com.timp.test.TDK.Kpis.KpisLixeiraExcluirEmMassa" name="acessarTDK" time="117.789"/>
  <testcase classname="com.timp.test.TDK.Kpis.KpisLixeiraExcluirEmMassa" name="excluir" time="73.579"/>
</testsuite> <!-- com.timp.test.TDK.Kpis.KpisLixeiraExcluirEmMassa -->
