<?xml version="1.0" encoding="UTF-8"?>
<!-- Generated by org.testng.reporters.JUnitReportReporter -->
<testsuite hostname="LitoSoler" name="com.timp.test.MDR.Bairro.BairroFiltros" tests="3" failures="0" timestamp="17 Jul 2020 21:49:12 GMT" time="49.279" errors="0">
  <testcase name="login" time="6.608" classname="com.timp.test.MDR.Bairro.BairroFiltros"/>
  <testcase name="filtro" time="20.156" classname="com.timp.test.MDR.Bairro.BairroFiltros"/>
  <testcase name="acessarMDR" time="22.515" classname="com.timp.test.MDR.Bairro.BairroFiltros"/>
</testsuite> <!-- com.timp.test.MDR.Bairro.BairroFiltros -->
