<?xml version="1.0" encoding="UTF-8"?>
<!-- Generated by org.testng.reporters.JUnitReportReporter -->
<testsuite hostname="MIGUEL" failures="0" tests="2" name="com.timp.test.BFB.AcessarBFB" time="24.317" errors="0" timestamp="03 mar. 2021 16:08:16 GMT" skipped="0">
  <testcase classname="com.timp.test.BFB.AcessarBFB" name="login" time="9.903"/>
  <testcase classname="com.timp.test.BFB.AcessarBFB" name="MDREntrar" time="14.414"/>
</testsuite> <!-- com.timp.test.BFB.AcessarBFB -->
