<?xml version="1.0" encoding="UTF-8"?>
<!-- Generated by org.testng.reporters.JUnitReportReporter -->
<testsuite hostname="LitoSoler" name="com.timp.test.MDR.SCANC.ProductosSCANCVisualizar" tests="3" failures="0" timestamp="28 Aug 2020 19:38:48 GMT" time="85.205" errors="0">
  <testcase name="login" time="6.690" classname="com.timp.test.MDR.SCANC.ProductosSCANCVisualizar"/>
  <testcase name="acessarMDR" time="9.106" classname="com.timp.test.MDR.SCANC.ProductosSCANCVisualizar"/>
  <testcase name="criar" time="69.409" classname="com.timp.test.MDR.SCANC.ProductosSCANCVisualizar"/>
</testsuite> <!-- com.timp.test.MDR.SCANC.ProductosSCANCVisualizar -->
