<?xml version="1.0" encoding="UTF-8"?>
<!-- Generated by org.testng.reporters.JUnitReportReporter -->
<testsuite hostname="DESKTOP-BNBDMGT" failures="0" tests="3" name="com.timp.test.TDK.Kpis.KpisLixeiraEmMassa" time="309.273" errors="0" timestamp="11 Feb 2021 03:06:49 GMT">
  <testcase classname="com.timp.test.TDK.Kpis.KpisLixeiraEmMassa" name="login" time="20.826"/>
  <testcase classname="com.timp.test.TDK.Kpis.KpisLixeiraEmMassa" name="acessarTDK" time="97.430"/>
  <testcase classname="com.timp.test.TDK.Kpis.KpisLixeiraEmMassa" name="criar" time="191.017"/>
</testsuite> <!-- com.timp.test.TDK.Kpis.KpisLixeiraEmMassa -->
