<?xml version="1.0" encoding="UTF-8"?>
<!-- Generated by org.testng.reporters.JUnitReportReporter -->
<testsuite hostname="CRISTHIAN-VASQUEZ" failures="0" tests="3" name="com.timp.test.TCC.GestaoDeCreditoTributarioPIS.ConfiguracaoEExecucao.Registros1102.Registros1102Visualizar" time="91.978" errors="0" timestamp="28 Jan 2021 14:04:09 GMT">
  <testcase classname="com.timp.test.TCC.GestaoDeCreditoTributarioPIS.ConfiguracaoEExecucao.Registros1102.Registros1102Visualizar" name="acessarTCC" time="22.584"/>
  <testcase classname="com.timp.test.TCC.GestaoDeCreditoTributarioPIS.ConfiguracaoEExecucao.Registros1102.Registros1102Visualizar" name="login" time="9.683"/>
  <testcase classname="com.timp.test.TCC.GestaoDeCreditoTributarioPIS.ConfiguracaoEExecucao.Registros1102.Registros1102Visualizar" name="visualizar" time="59.711"/>
</testsuite> <!-- com.timp.test.TCC.GestaoDeCreditoTributarioPIS.ConfiguracaoEExecucao.Registros1102.Registros1102Visualizar -->
