<?xml version="1.0" encoding="UTF-8"?>
<!-- Generated by org.testng.reporters.JUnitReportReporter -->
<testsuite hostname="LAPTOP-EIQG1MUE" failures="0" tests="1" name="com.timp.test.BRE.RegrasdeAuditoriaN1.Edicao.RegrasDeAuditoriaN1Relacionamento" time="132.187" errors="0" timestamp="26 Jul 2021 18:24:08 GMT" skipped="0">
  <testcase classname="com.timp.test.BRE.RegrasdeAuditoriaN1.Edicao.RegrasDeAuditoriaN1Relacionamento" name="editar" time="132.187"/>
</testsuite> <!-- com.timp.test.BRE.RegrasdeAuditoriaN1.Edicao.RegrasDeAuditoriaN1Relacionamento -->
