<?xml version="1.0" encoding="UTF-8"?>
<!-- Generated by org.testng.reporters.JUnitReportReporter -->
<testsuite hostname="LAPTOP-EIQG1MUE" failures="0" tests="1" name="com.timp.test.MDR.EventosESocial.S1250AquisicaoDeProducaoRural.S1250DetNotaFiscal.S1250DetNotaFiscalEditar" time="135.415" errors="0" timestamp="25 Jul 2021 14:12:25 GMT" skipped="0">
  <testcase classname="com.timp.test.MDR.EventosESocial.S1250AquisicaoDeProducaoRural.S1250DetNotaFiscal.S1250DetNotaFiscalEditar" name="editar" time="135.415"/>
</testsuite> <!-- com.timp.test.MDR.EventosESocial.S1250AquisicaoDeProducaoRural.S1250DetNotaFiscal.S1250DetNotaFiscalEditar -->
