<?xml version="1.0" encoding="UTF-8"?>
<!-- Generated by org.testng.reporters.JUnitReportReporter -->
<testsuite hostname="DESKTOP-5P4F1JE" failures="0" tests="3" name="com.timp.test.TCC.GestaoDeCreditoTributarioPIS.ConfiguracaoEExecucao.Registro1220.Registro1220Visualizar" time="102.177" errors="0" timestamp="27 Jan 2021 13:24:24 GMT">
  <testcase classname="com.timp.test.TCC.GestaoDeCreditoTributarioPIS.ConfiguracaoEExecucao.Registro1220.Registro1220Visualizar" name="login" time="7.666"/>
  <testcase classname="com.timp.test.TCC.GestaoDeCreditoTributarioPIS.ConfiguracaoEExecucao.Registro1220.Registro1220Visualizar" name="acessarTCC" time="20.403"/>
  <testcase classname="com.timp.test.TCC.GestaoDeCreditoTributarioPIS.ConfiguracaoEExecucao.Registro1220.Registro1220Visualizar" name="visualizar" time="74.108"/>
</testsuite> <!-- com.timp.test.TCC.GestaoDeCreditoTributarioPIS.ConfiguracaoEExecucao.Registro1220.Registro1220Visualizar -->
