<?xml version="1.0" encoding="UTF-8"?>
<!-- Generated by org.testng.reporters.JUnitReportReporter -->
<testsuite hostname="LAPTOP-EIQG1MUE" failures="0" tests="1" name="com.timp.test.BRB.Visualizar" time="65.863" errors="0" timestamp="29 Jul 2021 12:13:35 GMT" skipped="0">
  <testcase classname="com.timp.test.BRB.Visualizar" name="visualizar" time="65.863"/>
</testsuite> <!-- com.timp.test.BRB.Visualizar -->
