<?xml version="1.0" encoding="UTF-8"?>
<!-- Generated by org.testng.reporters.JUnitReportReporter -->
<testsuite hostname="LAPTOP-IN7IV9K5" failures="0" tests="3" name="com.timp.test.SCANC.RelatoriosRefineriaGerados.RelatorioRefineriaGeradosManutencaoEditarLancamento" time="228.941" errors="0" timestamp="19 mar. 2021 20:00:44 GMT" skipped="0">
  <testcase classname="com.timp.test.SCANC.RelatoriosRefineriaGerados.RelatorioRefineriaGeradosManutencaoEditarLancamento" name="ingresar" time="43.592"/>
  <testcase classname="com.timp.test.SCANC.RelatoriosRefineriaGerados.RelatorioRefineriaGeradosManutencaoEditarLancamento" name="scancEntrar" time="32.424"/>
  <testcase classname="com.timp.test.SCANC.RelatoriosRefineriaGerados.RelatorioRefineriaGeradosManutencaoEditarLancamento" name="manutencaoEditarLancamento" time="152.925"/>
</testsuite> <!-- com.timp.test.SCANC.RelatoriosRefineriaGerados.RelatorioRefineriaGeradosManutencaoEditarLancamento -->
