<?xml version="1.0" encoding="UTF-8"?>
<!-- Generated by org.testng.reporters.JUnitReportReporter -->
<testsuite hostname="LAPTOP-EIQG1MUE" failures="0" tests="1" name="com.timp.test.BRB.AtivarCorrecao" time="116.328" errors="0" timestamp="29 Jul 2021 09:18:07 GMT" skipped="0">
  <testcase classname="com.timp.test.BRB.AtivarCorrecao" name="ativarCorreccion" time="116.328"/>
</testsuite> <!-- com.timp.test.BRB.AtivarCorrecao -->
