<?xml version="1.0" encoding="UTF-8"?>
<!-- Generated by org.testng.reporters.JUnitReportReporter -->
<testsuite hostname="LAPTOP-IN7IV9K5" failures="0" tests="1" name="com.timp.test.BRE.RegrasDeEscrituração.Edicao.BRERegradeEscrituraçãoEdiçãoSimular" time="143.599" errors="0" timestamp="26 mar. 2021 22:27:15 GMT" skipped="0">
  <testcase classname="com.timp.test.BRE.RegrasDeEscrituração.Edicao.BRERegradeEscrituraçãoEdiçãoSimular" name="simular" time="143.599"/>
</testsuite> <!-- com.timp.test.BRE.RegrasDeEscrituração.Edicao.BRERegradeEscrituraçãoEdiçãoSimular -->
