<?xml version="1.0" encoding="UTF-8"?>
<!-- Generated by org.testng.reporters.JUnitReportReporter -->
<testsuite hostname="DESKTOP-5P4F1JE" failures="0" tests="3" name="com.timp.test.TCC.BancoDeCreditoExtemporaneo.PainelBCEConfiguracaoEExecucao.PainelBCEConfiguracaoEExecucaoExecutar" time="112.648" errors="0" timestamp="14 Jan 2021 20:18:49 GMT">
  <testcase classname="com.timp.test.TCC.BancoDeCreditoExtemporaneo.PainelBCEConfiguracaoEExecucao.PainelBCEConfiguracaoEExecucaoExecutar" name="criar" time="81.565"/>
  <testcase classname="com.timp.test.TCC.BancoDeCreditoExtemporaneo.PainelBCEConfiguracaoEExecucao.PainelBCEConfiguracaoEExecucaoExecutar" name="login" time="9.069"/>
  <testcase classname="com.timp.test.TCC.BancoDeCreditoExtemporaneo.PainelBCEConfiguracaoEExecucao.PainelBCEConfiguracaoEExecucaoExecutar" name="acessarTCC" time="22.014"/>
</testsuite> <!-- com.timp.test.TCC.BancoDeCreditoExtemporaneo.PainelBCEConfiguracaoEExecucao.PainelBCEConfiguracaoEExecucaoExecutar -->
