<?xml version="1.0" encoding="UTF-8"?>
<!-- Generated by org.testng.reporters.JUnitReportReporter -->
<testsuite hostname="DESKTOP-5P4F1JE" failures="0" tests="3" name="com.timp.test.BRE.RegrasDeAuditoriaN3.RegrasdeAuditoriaN3ValoresCalculados" time="162.355" errors="0" timestamp="15 Feb 2021 21:00:00 GMT">
  <testcase classname="com.timp.test.BRE.RegrasDeAuditoriaN3.RegrasdeAuditoriaN3ValoresCalculados" name="editar" time="136.614"/>
  <testcase classname="com.timp.test.BRE.RegrasDeAuditoriaN3.RegrasdeAuditoriaN3ValoresCalculados" name="acessarBRE" time="18.051"/>
  <testcase classname="com.timp.test.BRE.RegrasDeAuditoriaN3.RegrasdeAuditoriaN3ValoresCalculados" name="login" time="7.690"/>
</testsuite> <!-- com.timp.test.BRE.RegrasDeAuditoriaN3.RegrasdeAuditoriaN3ValoresCalculados -->
