<?xml version="1.0" encoding="UTF-8"?>
<!-- Generated by org.testng.reporters.JUnitReportReporter -->
<testsuite hostname="DESKTOP-BNBDMGT" failures="0" tests="3" name="com.timp.test.TBD.Configuração.TipoDeDocumento.TipoDeDocumentoVisualizar" time="68.232" errors="0" timestamp="27 abr. 2021 15:48:21 GMT" skipped="0">
  <testcase classname="com.timp.test.TBD.Configuração.TipoDeDocumento.TipoDeDocumentoVisualizar" name="login" time="5.997"/>
  <testcase classname="com.timp.test.TBD.Configuração.TipoDeDocumento.TipoDeDocumentoVisualizar" name="TBDEntrar" time="14.913"/>
  <testcase classname="com.timp.test.TBD.Configuração.TipoDeDocumento.TipoDeDocumentoVisualizar" name="visualizar" time="47.322"/>
</testsuite> <!-- com.timp.test.TBD.Configuração.TipoDeDocumento.TipoDeDocumentoVisualizar -->
