<?xml version="1.0" encoding="UTF-8"?>
<!-- Generated by org.testng.reporters.JUnitReportReporter -->
<testsuite hostname="DESKTOP-BNBDMGT" failures="0" tests="1" name="com.timp.test.TFP.Configurações.StatusPeriodo.StatusPeriodoFiltroID" time="60.955" errors="0" timestamp="17 feb. 2021 22:06:02 GMT" skipped="0">
  <testcase classname="com.timp.test.TFP.Configurações.StatusPeriodo.StatusPeriodoFiltroID" name="criar" time="60.955"/>
</testsuite> <!-- com.timp.test.TFP.Configurações.StatusPeriodo.StatusPeriodoFiltroID -->
