<?xml version="1.0" encoding="UTF-8"?>
<!-- Generated by org.testng.reporters.JUnitReportReporter -->
<testsuite hostname="LitoSoler" name="com.timp.test.MDR.Bairro.BairroEditar" tests="3" failures="0" timestamp="17 Jul 2020 21:51:39 GMT" time="109.131" errors="0">
  <testcase name="login" time="6.200" classname="com.timp.test.MDR.Bairro.BairroEditar"/>
  <testcase name="filtro" time="79.830" classname="com.timp.test.MDR.Bairro.BairroEditar"/>
  <testcase name="acessarMDR" time="23.101" classname="com.timp.test.MDR.Bairro.BairroEditar"/>
</testsuite> <!-- com.timp.test.MDR.Bairro.BairroEditar -->
