<?xml version="1.0" encoding="UTF-8"?>
<!-- Generated by org.testng.reporters.JUnitReportReporter -->
<testsuite hostname="LAPTOP-EIQG1MUE" failures="0" tests="1" name="com.timp.test.ADM.LoginBRB" time="35.840" errors="0" timestamp="28 Jul 2021 13:02:16 GMT" skipped="0">
  <testcase classname="com.timp.test.ADM.LoginBRB" name="Login" time="35.840"/>
</testsuite> <!-- com.timp.test.ADM.LoginBRB -->
