<?xml version="1.0" encoding="UTF-8"?>
<!-- Generated by org.testng.reporters.JUnitReportReporter -->
<testsuite hostname="LitoSoler" name="com.timp.test.MDR.GrupoAtividadeFiscal.GrupoAtividadeEditar" tests="3" failures="0" timestamp="14 Jul 2020 22:18:03 GMT" time="75.124" errors="0">
  <testcase name="acessarMDR" time="8.091" classname="com.timp.test.MDR.GrupoAtividadeFiscal.GrupoAtividadeEditar"/>
  <testcase name="login" time="6.931" classname="com.timp.test.MDR.GrupoAtividadeFiscal.GrupoAtividadeEditar"/>
  <testcase name="visualizar" time="60.102" classname="com.timp.test.MDR.GrupoAtividadeFiscal.GrupoAtividadeEditar"/>
</testsuite> <!-- com.timp.test.MDR.GrupoAtividadeFiscal.GrupoAtividadeEditar -->
