<?xml version="1.0" encoding="UTF-8"?>
<!-- Generated by org.testng.reporters.JUnitReportReporter -->
<testsuite hostname="LAPTOP-EIQG1MUE" failures="0" tests="1" name="com.timp.test.MDR.CadastroDerex.CadastroResponsavel.ResponsavelMovimentoVisualizar" time="102.336" errors="0" timestamp="19 Jul 2021 16:11:00 GMT" skipped="0">
  <testcase classname="com.timp.test.MDR.CadastroDerex.CadastroResponsavel.ResponsavelMovimentoVisualizar" name="visualizar" time="102.336"/>
</testsuite> <!-- com.timp.test.MDR.CadastroDerex.CadastroResponsavel.ResponsavelMovimentoVisualizar -->
