<?xml version="1.0" encoding="UTF-8"?>
<!-- Generated by org.testng.reporters.JUnitReportReporter -->
<testsuite hostname="CRISTHIAN-VASQUEZ" failures="0" tests="3" name="com.timp.test.BRE.RegrasDeMensagens.RegrasDeMensagensEditar" time="134.848" errors="0" timestamp="19 feb. 2021 19:47:00 GMT" skipped="0">
  <testcase classname="com.timp.test.BRE.RegrasDeMensagens.RegrasDeMensagensEditar" name="login" time="8.647"/>
  <testcase classname="com.timp.test.BRE.RegrasDeMensagens.RegrasDeMensagensEditar" name="acessarBRE" time="20.069"/>
  <testcase classname="com.timp.test.BRE.RegrasDeMensagens.RegrasDeMensagensEditar" name="editar" time="106.132"/>
</testsuite> <!-- com.timp.test.BRE.RegrasDeMensagens.RegrasDeMensagensEditar -->
