<?xml version="1.0" encoding="UTF-8"?>
<!-- Generated by org.testng.reporters.JUnitReportReporter -->
<testsuite hostname="DESKTOP-BNBDMGT" failures="0" tests="1" name="com.timp.test.TFP.Configurações.Subperíodo.SubperiodoEditar" time="76.044" errors="0" timestamp="17 feb. 2021 05:36:01 GMT" skipped="0">
  <testcase classname="com.timp.test.TFP.Configurações.Subperíodo.SubperiodoEditar" name="Editar" time="76.044"/>
</testsuite> <!-- com.timp.test.TFP.Configurações.Subperíodo.SubperiodoEditar -->
