<?xml version="1.0" encoding="UTF-8"?>
<!-- Generated by org.testng.reporters.JUnitReportReporter -->
<testsuite hostname="LAPTOP-EIQG1MUE" failures="0" tests="1" name="com.timp.test.BRB.RenomearColuna" time="125.146" errors="0" timestamp="29 Jul 2021 09:26:22 GMT" skipped="0">
  <testcase classname="com.timp.test.BRB.RenomearColuna" name="renomearColuna" time="125.146"/>
</testsuite> <!-- com.timp.test.BRB.RenomearColuna -->
