<?xml version="1.0" encoding="UTF-8"?>
<!-- Generated by org.testng.reporters.JUnitReportReporter -->
<testsuite hostname="LAPTOP-EIQG1MUE" failures="0" tests="2" name="com.timp.test.MDR.Reinf.R1070DadosAdicionais.R1070DadosAdicionaisExcluirEmMassa" time="250.393" errors="0" timestamp="22 Jul 2021 16:36:22 GMT" skipped="0">
  <testcase classname="com.timp.test.MDR.Reinf.R1070DadosAdicionais.R1070DadosAdicionaisExcluirEmMassa" name="criar" time="213.861"/>
  <testcase classname="com.timp.test.MDR.Reinf.R1070DadosAdicionais.R1070DadosAdicionaisExcluirEmMassa" name="excluirEmMassa" time="36.532"/>
</testsuite> <!-- com.timp.test.MDR.Reinf.R1070DadosAdicionais.R1070DadosAdicionaisExcluirEmMassa -->
