<?xml version="1.0" encoding="UTF-8"?>
<!-- Generated by org.testng.reporters.JUnitReportReporter -->
<testsuite hostname="LAPTOP-EIQG1MUE" failures="0" tests="1" name="com.timp.test.MDR.NotasDeclararAnexoIIIDIAAM.NotasDeclararAnexoIIIDetalhe" time="75.844" errors="0" timestamp="21 Jul 2021 12:26:17 GMT" skipped="0">
  <testcase classname="com.timp.test.MDR.NotasDeclararAnexoIIIDIAAM.NotasDeclararAnexoIIIDetalhe" name="detalhe" time="75.844"/>
</testsuite> <!-- com.timp.test.MDR.NotasDeclararAnexoIIIDIAAM.NotasDeclararAnexoIIIDetalhe -->
