<?xml version="1.0" encoding="UTF-8"?>
<!-- Generated by org.testng.reporters.JUnitReportReporter -->
<testsuite hostname="LAPTOP-EIQG1MUE" failures="0" tests="1" name="com.timp.test.MDR.CEP.Bairro.BairroFiltros" time="44.134" errors="0" timestamp="20 Jul 2021 12:47:43 GMT" skipped="0">
  <testcase classname="com.timp.test.MDR.CEP.Bairro.BairroFiltros" name="filtro" time="44.134"/>
</testsuite> <!-- com.timp.test.MDR.CEP.Bairro.BairroFiltros -->
