<?xml version="1.0" encoding="UTF-8"?>
<!-- Generated by org.testng.reporters.JUnitReportReporter -->
<testsuite hostname="DESKTOP-JP1A9E6" failures="0" tests="1" name="com.timp.test.TCC.GestaoDeCreditoTributarioPISCONFINS.GestaoDeCreditoTributarioCOFINS.ConfiguracaoEExecucao.Registro1502.Registro1502Excluir" time="167.056" errors="0" timestamp="01 jul. 2021 16:26:36 GMT" skipped="0">
  <testcase classname="com.timp.test.TCC.GestaoDeCreditoTributarioPISCONFINS.GestaoDeCreditoTributarioCOFINS.ConfiguracaoEExecucao.Registro1502.Registro1502Excluir" name="excluir" time="167.056"/>
</testsuite> <!-- com.timp.test.TCC.GestaoDeCreditoTributarioPISCONFINS.GestaoDeCreditoTributarioCOFINS.ConfiguracaoEExecucao.Registro1502.Registro1502Excluir -->
