<?xml version="1.0" encoding="UTF-8"?>
<!-- Generated by org.testng.reporters.JUnitReportReporter -->
<testsuite hostname="LAPTOP-EIQG1MUE" failures="0" tests="1" name="com.timp.test.MDR.AtividadesParaTributacao.TiposDeServicos.TiposDeServicosExcluir" time="97.024" errors="0" timestamp="22 Jul 2021 14:50:36 GMT" skipped="0">
  <testcase classname="com.timp.test.MDR.AtividadesParaTributacao.TiposDeServicos.TiposDeServicosExcluir" name="excluir" time="97.024"/>
</testsuite> <!-- com.timp.test.MDR.AtividadesParaTributacao.TiposDeServicos.TiposDeServicosExcluir -->
