<?xml version="1.0" encoding="UTF-8"?>
<!-- Generated by org.testng.reporters.JUnitReportReporter -->
<testsuite hostname="DESKTOP-35UG9UP" name="com.timp.test.MDR.TEST.AntecipacaoCriar" tests="3" failures="0" timestamp="5 Aug 2020 16:21:39 GMT" time="158.722" errors="0">
  <testcase name="criar" time="136.225" classname="com.timp.test.MDR.TEST.AntecipacaoCriar"/>
  <testcase name="acessarMDR" time="11.896" classname="com.timp.test.MDR.TEST.AntecipacaoCriar"/>
  <testcase name="login" time="10.601" classname="com.timp.test.MDR.TEST.AntecipacaoCriar"/>
</testsuite> <!-- com.timp.test.MDR.TEST.AntecipacaoCriar -->
