<?xml version="1.0" encoding="UTF-8"?>
<!-- Generated by org.testng.reporters.JUnitReportReporter -->
<testsuite hostname="LAPTOP-EIQG1MUE" failures="0" tests="1" name="com.timp.test.MDR.TabelasApoioSped.TabelaCodigoDaSituaçaoTributaria.TabelaCodigoDaSituaçaoTributariaCriar" time="88.567" errors="0" timestamp="21 Jul 2021 14:00:57 GMT" skipped="0">
  <testcase classname="com.timp.test.MDR.TabelasApoioSped.TabelaCodigoDaSituaçaoTributaria.TabelaCodigoDaSituaçaoTributariaCriar" name="criar" time="88.567"/>
</testsuite> <!-- com.timp.test.MDR.TabelasApoioSped.TabelaCodigoDaSituaçaoTributaria.TabelaCodigoDaSituaçaoTributariaCriar -->
