<?xml version="1.0" encoding="UTF-8"?>
<!-- Generated by org.testng.reporters.JUnitReportReporter -->
<testsuite hostname="LitoSoler" name="com.timp.test.MDR.TabelaApoioECD.CodigoFatosContabeis" tests="3" failures="0" timestamp="12 Oct 2020 00:58:15 GMT" time="74.900" errors="0">
  <testcase name="ingresar" time="7.057" classname="com.timp.test.MDR.TabelaApoioECD.CodigoFatosContabeis"/>
  <testcase name="mdrEntrar" time="9.535" classname="com.timp.test.MDR.TabelaApoioECD.CodigoFatosContabeis"/>
  <testcase name="criar" time="58.308" classname="com.timp.test.MDR.TabelaApoioECD.CodigoFatosContabeis"/>
</testsuite> <!-- com.timp.test.MDR.TabelaApoioECD.CodigoFatosContabeis -->
