<?xml version="1.0" encoding="UTF-8"?>
<!-- Generated by org.testng.reporters.JUnitReportReporter -->
<testsuite hostname="LitoSoler" name="com.timp.test.MDR.AtividadeFiscal.AtividadeEliminar" tests="3" failures="0" timestamp="18 Jul 2020 01:01:23 GMT" time="67.013" errors="0">
  <testcase name="login" time="11.010" classname="com.timp.test.MDR.AtividadeFiscal.AtividadeEliminar"/>
  <testcase name="acessarMDR" time="14.127" classname="com.timp.test.MDR.AtividadeFiscal.AtividadeEliminar"/>
  <testcase name="eliminar" time="41.876" classname="com.timp.test.MDR.AtividadeFiscal.AtividadeEliminar"/>
</testsuite> <!-- com.timp.test.MDR.AtividadeFiscal.AtividadeEliminar -->
