<?xml version="1.0" encoding="UTF-8"?>
<!-- Generated by org.testng.reporters.JUnitReportReporter -->
<testsuite hostname="LAPTOP-EIQG1MUE" failures="0" tests="1" name="com.timp.test.BRB.AcessarBRB" time="48.258" errors="0" timestamp="28 Jul 2021 13:11:51 GMT" skipped="0">
  <testcase classname="com.timp.test.BRB.AcessarBRB" name="brbEntrar" time="48.258"/>
</testsuite> <!-- com.timp.test.BRB.AcessarBRB -->
