<?xml version="1.0" encoding="UTF-8"?>
<!-- Generated by org.testng.reporters.JUnitReportReporter -->
<testsuite hostname="LAPTOP-EIQG1MUE" failures="0" tests="1" name="com.timp.test.MDR.RateioDeConsorcio.RateioDeConsorcioPesquisaPorID" time="81.005" errors="0" timestamp="25 Jul 2021 09:43:35 GMT" skipped="0">
  <testcase classname="com.timp.test.MDR.RateioDeConsorcio.RateioDeConsorcioPesquisaPorID" name="filtro" time="81.005"/>
</testsuite> <!-- com.timp.test.MDR.RateioDeConsorcio.RateioDeConsorcioPesquisaPorID -->
