<?xml version="1.0" encoding="UTF-8"?>
<!-- Generated by org.testng.reporters.JUnitReportReporter -->
<testsuite hostname="LitoSoler" name="com.timp.test.MDR.AtividadeFiscal.AtividadeEditar" tests="3" failures="0" timestamp="18 Jul 2020 00:59:55 GMT" time="97.216" errors="0">
  <testcase name="visualizar" time="72.742" classname="com.timp.test.MDR.AtividadeFiscal.AtividadeEditar"/>
  <testcase name="acessarMDR" time="11.920" classname="com.timp.test.MDR.AtividadeFiscal.AtividadeEditar"/>
  <testcase name="login" time="12.554" classname="com.timp.test.MDR.AtividadeFiscal.AtividadeEditar"/>
</testsuite> <!-- com.timp.test.MDR.AtividadeFiscal.AtividadeEditar -->
