<?xml version="1.0" encoding="UTF-8"?>
<!-- Generated by org.testng.reporters.JUnitReportReporter -->
<testsuite hostname="LitoSoler" name="com.timp.test.MDR.GrupoAtividadeFiscal.GrupoAtividadeVisualizar" tests="3" failures="0" timestamp="14 Jul 2020 22:41:26 GMT" time="59.369" errors="0">
  <testcase name="login" time="6.038" classname="com.timp.test.MDR.GrupoAtividadeFiscal.GrupoAtividadeVisualizar"/>
  <testcase name="filtro" time="32.973" classname="com.timp.test.MDR.GrupoAtividadeFiscal.GrupoAtividadeVisualizar"/>
  <testcase name="acessarMDR" time="20.358" classname="com.timp.test.MDR.GrupoAtividadeFiscal.GrupoAtividadeVisualizar"/>
</testsuite> <!-- com.timp.test.MDR.GrupoAtividadeFiscal.GrupoAtividadeVisualizar -->
