<?xml version="1.0" encoding="UTF-8"?>
<!-- Generated by org.testng.reporters.JUnitReportReporter -->
<testsuite hostname="LAPTOP-EIQG1MUE" failures="0" tests="1" name="com.timp.test.MDR.CEP.Municipio.MunicipioFiltros" time="42.869" errors="0" timestamp="20 Jul 2021 14:11:17 GMT" skipped="0">
  <testcase classname="com.timp.test.MDR.CEP.Municipio.MunicipioFiltros" name="filtros" time="42.869"/>
</testsuite> <!-- com.timp.test.MDR.CEP.Municipio.MunicipioFiltros -->
