<?xml version="1.0" encoding="UTF-8"?>
<!-- Generated by org.testng.reporters.JUnitReportReporter -->
<testsuite hostname="LAPTOP-EIQG1MUE" failures="0" tests="1" name="com.timp.test.BRB.CrescenteEDecrescente" time="214.774" errors="0" timestamp="29 Jul 2021 11:33:21 GMT" skipped="0">
  <testcase classname="com.timp.test.BRB.CrescenteEDecrescente" name="crescenteEDecrescente" time="214.774"/>
</testsuite> <!-- com.timp.test.BRB.CrescenteEDecrescente -->
