<?xml version="1.0" encoding="UTF-8"?>
<!-- Generated by org.testng.reporters.JUnitReportReporter -->
<testsuite hostname="DESKTOP-BNBDMGT" failures="0" tests="1" name="com.timp.test.TFP.Configurações.Subperíodo.SubperíodoVer" time="64.500" errors="0" timestamp="17 feb. 2021 05:37:31 GMT" skipped="0">
  <testcase classname="com.timp.test.TFP.Configurações.Subperíodo.SubperíodoVer" name="ver" time="64.500"/>
</testsuite> <!-- com.timp.test.TFP.Configurações.Subperíodo.SubperíodoVer -->
