<?xml version="1.0" encoding="UTF-8"?>
<!-- Generated by org.testng.reporters.JUnitReportReporter -->
<testsuite hostname="LitoSoler" name="com.timp.test.MDR.Bairro.BairroVisualizar" tests="3" failures="0" timestamp="17 Jul 2020 21:53:21 GMT" time="63.167" errors="0">
  <testcase name="acessarMDR" time="21.794" classname="com.timp.test.MDR.Bairro.BairroVisualizar"/>
  <testcase name="login" time="6.470" classname="com.timp.test.MDR.Bairro.BairroVisualizar"/>
  <testcase name="filtro" time="34.903" classname="com.timp.test.MDR.Bairro.BairroVisualizar"/>
</testsuite> <!-- com.timp.test.MDR.Bairro.BairroVisualizar -->
