<?xml version="1.0" encoding="UTF-8"?>
<!-- Generated by org.testng.reporters.JUnitReportReporter -->
<testsuite hostname="LitoSoler" name="com.timp.test.BRB.Editar" tests="3" failures="0" timestamp="2 Dec 2020 21:00:41 GMT" time="98.560" errors="0">
  <testcase name="brbEntrar" time="25.367" classname="com.timp.test.BRB.Editar"/>
  <testcase name="login" time="7.101" classname="com.timp.test.BRB.Editar"/>
  <testcase name="editar" time="66.092" classname="com.timp.test.BRB.Editar"/>
</testsuite> <!-- com.timp.test.BRB.Editar -->
