<?xml version="1.0" encoding="UTF-8"?>
<!-- Generated by org.testng.reporters.JUnitReportReporter -->
<testsuite hostname="MIGUEL" failures="0" tests="3" name="com.timp.test.BCB.ParametrosGeraisHierarquiaLixeira" time="64.219" errors="0" timestamp="10 Feb 2021 23:15:52 GMT">
  <testcase classname="com.timp.test.BCB.ParametrosGeraisHierarquiaLixeira" name="brbEntrar" time="13.922"/>
  <testcase classname="com.timp.test.BCB.ParametrosGeraisHierarquiaLixeira" name="excluir" time="42.910"/>
  <testcase classname="com.timp.test.BCB.ParametrosGeraisHierarquiaLixeira" name="login" time="7.387"/>
</testsuite> <!-- com.timp.test.BCB.ParametrosGeraisHierarquiaLixeira -->
