<?xml version="1.0" encoding="UTF-8"?>
<!-- Generated by org.testng.reporters.JUnitReportReporter -->
<testsuite hostname="LAPTOP-EIQG1MUE" failures="0" tests="1" name="com.timp.test.BRE.RegrasDeAuditoriaN3.ParametrosGerais.RegrasDeAuditoriaN3CriarMasCaminho" time="183.425" errors="0" timestamp="27 Jul 2021 17:28:10 GMT" skipped="0">
  <testcase classname="com.timp.test.BRE.RegrasDeAuditoriaN3.ParametrosGerais.RegrasDeAuditoriaN3CriarMasCaminho" name="criarComCaminho" time="183.425"/>
</testsuite> <!-- com.timp.test.BRE.RegrasDeAuditoriaN3.ParametrosGerais.RegrasDeAuditoriaN3CriarMasCaminho -->
