<<<<<<< HEAD
<?xml version="1.0" encoding="UTF-8"?>
<!-- Generated by org.testng.reporters.JUnitReportReporter -->
<testsuite hostname="DESKTOP-C57COV6" failures="0" tests="3" name="com.timp.test.TBD.Configuração.RangeDeNumeracao.RangeDeNumeracaoVisualizar" time="64.972" errors="0" timestamp="22 abr. 2021 01:49:43 GMT" skipped="0">
  <testcase classname="com.timp.test.TBD.Configuração.RangeDeNumeracao.RangeDeNumeracaoVisualizar" name="login" time="9.438"/>
  <testcase classname="com.timp.test.TBD.Configuração.RangeDeNumeracao.RangeDeNumeracaoVisualizar" name="TBDEntrar" time="15.436"/>
  <testcase classname="com.timp.test.TBD.Configuração.RangeDeNumeracao.RangeDeNumeracaoVisualizar" name="visualizar" time="40.098"/>
</testsuite> <!-- com.timp.test.TBD.Configuração.RangeDeNumeracao.RangeDeNumeracaoVisualizar -->
=======
<?xml version="1.0" encoding="UTF-8"?>
<!-- Generated by org.testng.reporters.JUnitReportReporter -->
<testsuite hostname="MIGUEL" failures="0" tests="3" name="com.timp.test.TBD.Configuração.RangeDeNumeracao.RangeDeNumeracaoVisualizar" time="63.207" errors="0" timestamp="22 abr. 2021 14:43:53 GMT" skipped="0">
  <testcase classname="com.timp.test.TBD.Configuração.RangeDeNumeracao.RangeDeNumeracaoVisualizar" name="login" time="8.874"/>
  <testcase classname="com.timp.test.TBD.Configuração.RangeDeNumeracao.RangeDeNumeracaoVisualizar" name="TBDEntrar" time="14.153"/>
  <testcase classname="com.timp.test.TBD.Configuração.RangeDeNumeracao.RangeDeNumeracaoVisualizar" name="visualizar" time="40.180"/>
</testsuite> <!-- com.timp.test.TBD.Configuração.RangeDeNumeracao.RangeDeNumeracaoVisualizar -->
>>>>>>> refs/heads/Fernando
