<?xml version="1.0" encoding="UTF-8"?>
<!-- Generated by org.testng.reporters.JUnitReportReporter -->
<testsuite hostname="LAPTOP-EIQG1MUE" failures="0" tests="1" name="com.timp.test.MDR.CEP.Bairro.BairroEliminar" time="66.565" errors="0" timestamp="20 Jul 2021 12:47:43 GMT" skipped="0">
  <testcase classname="com.timp.test.MDR.CEP.Bairro.BairroEliminar" name="eliminar" time="66.565"/>
</testsuite> <!-- com.timp.test.MDR.CEP.Bairro.BairroEliminar -->
