<?xml version="1.0" encoding="UTF-8"?>
<!-- Generated by org.testng.reporters.JUnitReportReporter -->
<testsuite hostname="DESKTOP-JP1A9E6" failures="0" tests="1" name="com.timp.test.TDK.Dashboard.DashboardPublicos.DashboardFiltroPorID" time="78.065" errors="0" timestamp="25 jun. 2021 16:21:32 GMT" skipped="0">
  <testcase classname="com.timp.test.TDK.Dashboard.DashboardPublicos.DashboardFiltroPorID" name="filtro" time="78.065"/>
</testsuite> <!-- com.timp.test.TDK.Dashboard.DashboardPublicos.DashboardFiltroPorID -->
