<?xml version="1.0" encoding="UTF-8"?>
<!-- Generated by org.testng.reporters.JUnitReportReporter -->
<testsuite hostname="DESKTOP-SUF121B" failures="0" tests="3" name="com.timp.test.MDR.TributosCriar.TributosCriar" time="43.473" errors="0" timestamp="24 Jul 2020 08:36:33 GMT">
  <testcase classname="com.timp.test.MDR.TributosCriar.TributosCriar" name="acessarMDR" time="11.843"/>
  <testcase classname="com.timp.test.MDR.TributosCriar.TributosCriar" name="login" time="9.278"/>
  <testcase classname="com.timp.test.MDR.TributosCriar.TributosCriar" name="tributoCriar" time="22.352"/>
</testsuite> <!-- com.timp.test.MDR.TributosCriar.TributosCriar -->
