<?xml version="1.0" encoding="UTF-8"?>
<!-- Generated by org.testng.reporters.JUnitReportReporter -->
<testsuite hostname="CRISTHIAN-VASQUEZ" failures="0" tests="3" name="com.timp.test.BCB.ParametrosGeraisHierarquiaRaiz" time="50.261" errors="0" timestamp="10 Feb 2021 18:57:20 GMT">
  <testcase classname="com.timp.test.BCB.ParametrosGeraisHierarquiaRaiz" name="criarConfiguracao" time="27.505"/>
  <testcase classname="com.timp.test.BCB.ParametrosGeraisHierarquiaRaiz" name="login" time="7.429"/>
  <testcase classname="com.timp.test.BCB.ParametrosGeraisHierarquiaRaiz" name="brbEntrar" time="15.327"/>
</testsuite> <!-- com.timp.test.BCB.ParametrosGeraisHierarquiaRaiz -->
