<?xml version="1.0" encoding="UTF-8"?>
<!-- Generated by org.testng.reporters.JUnitReportReporter -->
<testsuite hostname="DESKTOP-BNBDMGT" failures="0" tests="11" name="com.timp.test.CALENDAR.Tarefas.TarefaAutomatizada" time="827.629" errors="0" timestamp="05 abr. 2021 02:53:44 GMT" skipped="0">
  <testcase classname="com.timp.test.CALENDAR.Tarefas.TarefaAutomatizada" name="login" time="17.985"/>
  <testcase classname="com.timp.test.CALENDAR.Tarefas.TarefaAutomatizada" name="BPMAEntrar" time="25.980"/>
  <testcase classname="com.timp.test.CALENDAR.Tarefas.TarefaAutomatizada" name="criar" time="361.188"/>
  <testcase classname="com.timp.test.CALENDAR.Tarefas.TarefaAutomatizada" name="TFPEntrar" time="31.184"/>
  <testcase classname="com.timp.test.CALENDAR.Tarefas.TarefaAutomatizada" name="irTFP" time="65.838"/>
  <testcase classname="com.timp.test.CALENDAR.Tarefas.TarefaAutomatizada" name="CalendarioEntrar" time="42.072"/>
  <testcase classname="com.timp.test.CALENDAR.Tarefas.TarefaAutomatizada" name="irCalendario" time="57.241"/>
  <testcase classname="com.timp.test.CALENDAR.Tarefas.TarefaAutomatizada" name="TFPEntrar2" time="24.137"/>
  <testcase classname="com.timp.test.CALENDAR.Tarefas.TarefaAutomatizada" name="irTFP2" time="62.351"/>
  <testcase classname="com.timp.test.CALENDAR.Tarefas.TarefaAutomatizada" name="BPMAEntrar2" time="16.068"/>
  <testcase classname="com.timp.test.CALENDAR.Tarefas.TarefaAutomatizada" name="Lixeria" time="123.585"/>
</testsuite> <!-- com.timp.test.CALENDAR.Tarefas.TarefaAutomatizada -->
