<?xml version="1.0" encoding="UTF-8"?>
<!-- Generated by org.testng.reporters.JUnitReportReporter -->
<testsuite hostname="LitoSoler" name="com.timp.test.MDR.DEREXInstituicao.InstituicaoVisualizar" tests="3" failures="0" timestamp="17 Jul 2020 20:01:33 GMT" time="33.213" errors="0">
  <testcase name="login" time="7.218" classname="com.timp.test.MDR.DEREXInstituicao.InstituicaoVisualizar"/>
  <testcase name="visualizar" time="17.481" classname="com.timp.test.MDR.DEREXInstituicao.InstituicaoVisualizar"/>
  <testcase name="acessarMDR" time="8.514" classname="com.timp.test.MDR.DEREXInstituicao.InstituicaoVisualizar"/>
</testsuite> <!-- com.timp.test.MDR.DEREXInstituicao.InstituicaoVisualizar -->
