<?xml version="1.0" encoding="UTF-8"?>
<!-- Generated by org.testng.reporters.JUnitReportReporter -->
<testsuite hostname="LAPTOP-EIQG1MUE" failures="0" tests="1" name="com.timp.test.MDR.Antecipacao.AntecipacaoEliminar" time="128.880" errors="0" timestamp="15 Jul 2021 12:04:58 GMT" skipped="0">
  <testcase classname="com.timp.test.MDR.Antecipacao.AntecipacaoEliminar" name="excluir" time="128.880"/>
</testsuite> <!-- com.timp.test.MDR.Antecipacao.AntecipacaoEliminar -->
