<?xml version="1.0" encoding="UTF-8"?>
<!-- Generated by org.testng.reporters.JUnitReportReporter -->
<testsuite hostname="MIGUEL" failures="0" tests="3" name="com.timp.test.MDR.TabelasApoioSped.CFOP.CFOPEditar" time="127.964" errors="0" timestamp="21 Oct 2020 17:28:23 GMT">
  <testcase classname="com.timp.test.MDR.TabelasApoioSped.CFOP.CFOPEditar" name="mdrEntrar" time="54.941"/>
  <testcase classname="com.timp.test.MDR.TabelasApoioSped.CFOP.CFOPEditar" name="editar" time="62.360"/>
  <testcase classname="com.timp.test.MDR.TabelasApoioSped.CFOP.CFOPEditar" name="ingresar" time="10.663"/>
</testsuite> <!-- com.timp.test.MDR.TabelasApoioSped.CFOP.CFOPEditar -->
