<?xml version="1.0" encoding="UTF-8"?>
<!-- Generated by org.testng.reporters.JUnitReportReporter -->
<testsuite hostname="LAPTOP-EIQG1MUE" failures="0" tests="1" name="com.timp.test.MDR.Filiais.FiliaisVisualizar" time="73.048" errors="0" timestamp="24 Jul 2021 12:42:49 GMT" skipped="0">
  <testcase classname="com.timp.test.MDR.Filiais.FiliaisVisualizar" name="visualizar" time="73.048"/>
</testsuite> <!-- com.timp.test.MDR.Filiais.FiliaisVisualizar -->
