<?xml version="1.0" encoding="UTF-8"?>
<!-- Generated by org.testng.reporters.JUnitReportReporter -->
<testsuite hostname="DESKTOP-C57COV6" failures="0" tests="3" name="com.timp.test.BPMA.ProcessodeNegocio.CriarProcessocomTarefaManual" time="210.381" errors="0" timestamp="13 may. 2021 01:55:20 GMT" skipped="0">
  <testcase classname="com.timp.test.BPMA.ProcessodeNegocio.CriarProcessocomTarefaManual" name="login" time="13.498"/>
  <testcase classname="com.timp.test.BPMA.ProcessodeNegocio.CriarProcessocomTarefaManual" name="BPMAEntrar" time="14.565"/>
  <testcase classname="com.timp.test.BPMA.ProcessodeNegocio.CriarProcessocomTarefaManual" name="criar" time="182.318"/>
</testsuite> <!-- com.timp.test.BPMA.ProcessodeNegocio.CriarProcessocomTarefaManual -->
