<?xml version="1.0" encoding="UTF-8"?>
<!-- Generated by org.testng.reporters.JUnitReportReporter -->
<testsuite hostname="LitoSoler" name="com.timp.test.MDR.GrupoAtividadeFiscal.GrupoAtividadeCriar" tests="3" failures="0" timestamp="14 Jul 2020 21:33:26 GMT" time="67.839" errors="0">
  <testcase name="criar" time="52.314" classname="com.timp.test.MDR.GrupoAtividadeFiscal.GrupoAtividadeCriar"/>
  <testcase name="login" time="7.131" classname="com.timp.test.MDR.GrupoAtividadeFiscal.GrupoAtividadeCriar"/>
  <testcase name="acessarMDR" time="8.394" classname="com.timp.test.MDR.GrupoAtividadeFiscal.GrupoAtividadeCriar"/>
</testsuite> <!-- com.timp.test.MDR.GrupoAtividadeFiscal.GrupoAtividadeCriar -->
