<?xml version="1.0" encoding="UTF-8"?>
<!-- Generated by org.testng.reporters.JUnitReportReporter -->
<testsuite hostname="LAPTOP-EIQG1MUE" failures="0" tests="1" name="com.timp.test.MDR.PrecoDeTransferencia.ValoresParaMetodosDeImportacao.ValoresParaMetodoPIC.ValoresParaMetodoPICDetalhes" time="100.087" errors="0" timestamp="23 Jul 2021 09:36:02 GMT" skipped="0">
  <testcase classname="com.timp.test.MDR.PrecoDeTransferencia.ValoresParaMetodosDeImportacao.ValoresParaMetodoPIC.ValoresParaMetodoPICDetalhes" name="Detalhes" time="100.087"/>
</testsuite> <!-- com.timp.test.MDR.PrecoDeTransferencia.ValoresParaMetodosDeImportacao.ValoresParaMetodoPIC.ValoresParaMetodoPICDetalhes -->
