<?xml version="1.0" encoding="UTF-8"?>
<!-- Generated by org.testng.reporters.JUnitReportReporter -->
<testsuite hostname="DESKTOP-BNBDMGT" failures="0" tests="3" name="com.timp.test.CALENDAR.Tarefas.TarefasNAGatewayPortaMultipla" time="111.183" errors="0" timestamp="12 abr. 2021 17:27:51 GMT" skipped="0">
  <testcase classname="com.timp.test.CALENDAR.Tarefas.TarefasNAGatewayPortaMultipla" name="login" time="26.102"/>
  <testcase classname="com.timp.test.CALENDAR.Tarefas.TarefasNAGatewayPortaMultipla" name="acessarCalendar" time="39.314"/>
  <testcase classname="com.timp.test.CALENDAR.Tarefas.TarefasNAGatewayPortaMultipla" name="Calendar" time="45.767"/>
</testsuite> <!-- com.timp.test.CALENDAR.Tarefas.TarefasNAGatewayPortaMultipla -->
