<?xml version="1.0" encoding="UTF-8"?>
<!-- Generated by org.testng.reporters.JUnitReportReporter -->
<testsuite hostname="LAPTOP-IN7IV9K5" failures="0" tests="3" name="com.timp.test.TBD.Configuração.CamposChaves.CamposChavesExcluir" time="66.309" errors="0" timestamp="27 abr. 2021 15:23:02 GMT" skipped="0">
  <testcase classname="com.timp.test.TBD.Configuração.CamposChaves.CamposChavesExcluir" name="login" time="8.228"/>
  <testcase classname="com.timp.test.TBD.Configuração.CamposChaves.CamposChavesExcluir" name="TBDEntrar" time="15.841"/>
  <testcase classname="com.timp.test.TBD.Configuração.CamposChaves.CamposChavesExcluir" name="excluir" time="42.240"/>
</testsuite> <!-- com.timp.test.TBD.Configuração.CamposChaves.CamposChavesExcluir -->
