<?xml version="1.0" encoding="UTF-8"?>
<!-- Generated by org.testng.reporters.JUnitReportReporter -->
<testsuite hostname="DESKTOP-BNBDMGT" failures="0" tests="3" name="com.timp.test.CALENDAR.Tarefas.TarefasExecutarRelatorioBRB" time="155.624" errors="0" timestamp="06 abr. 2021 06:05:51 GMT" skipped="0">
  <testcase classname="com.timp.test.CALENDAR.Tarefas.TarefasExecutarRelatorioBRB" name="login" time="10.320"/>
  <testcase classname="com.timp.test.CALENDAR.Tarefas.TarefasExecutarRelatorioBRB" name="acessarCalendar" time="26.818"/>
  <testcase classname="com.timp.test.CALENDAR.Tarefas.TarefasExecutarRelatorioBRB" name="CalendarEntrar" time="118.486"/>
</testsuite> <!-- com.timp.test.CALENDAR.Tarefas.TarefasExecutarRelatorioBRB -->
