<?xml version="1.0" encoding="UTF-8"?>
<<<<<<< HEAD
<!-- Generated by org.testng.reporters.JUnitReportReporter -->
<testsuite hostname="LAPTOP-IN7IV9K5" failures="0" tests="3" name="com.timp.test.SCANC.ArquivosImportados.ArquivosImportadosPesquisa" time="66.548" errors="0" timestamp="11 mar. 2021 15:32:03 GMT" skipped="0">
  <testcase classname="com.timp.test.SCANC.ArquivosImportados.ArquivosImportadosPesquisa" name="ingresar" time="6.492"/>
  <testcase classname="com.timp.test.SCANC.ArquivosImportados.ArquivosImportadosPesquisa" name="scancEntrar" time="25.400"/>
  <testcase classname="com.timp.test.SCANC.ArquivosImportados.ArquivosImportadosPesquisa" name="pesquisar" time="34.656"/>
=======
<!-- Generated by org.testng.reporters.JUnitReportReporter -->
<testsuite hostname="LAPTOP-IN7IV9K5" failures="0" tests="3" name="com.timp.test.SCANC.ArquivosImportados.ArquivosImportadosPesquisa" time="158.745" errors="0" timestamp="19 mar. 2021 19:15:06 GMT" skipped="0">
  <testcase classname="com.timp.test.SCANC.ArquivosImportados.ArquivosImportadosPesquisa" name="ingresar" time="94.133"/>
  <testcase classname="com.timp.test.SCANC.ArquivosImportados.ArquivosImportadosPesquisa" name="scancEntrar" time="28.291"/>
  <testcase classname="com.timp.test.SCANC.ArquivosImportados.ArquivosImportadosPesquisa" name="pesquisar" time="36.321"/>
>>>>>>> refs/remotes/origin/Kenssy
</testsuite> <!-- com.timp.test.SCANC.ArquivosImportados.ArquivosImportadosPesquisa -->
