<?xml version="1.0" encoding="UTF-8"?>
<!-- Generated by org.testng.reporters.JUnitReportReporter -->
<testsuite hostname="LAPTOP-EIQG1MUE" failures="0" tests="1" name="com.timp.test.BRE.RegrasDeMensagens.Edicao.RegraDeMensagensRelacionamento" time="129.463" errors="0" timestamp="27 Jul 2021 14:26:36 GMT" skipped="0">
  <testcase classname="com.timp.test.BRE.RegrasDeMensagens.Edicao.RegraDeMensagensRelacionamento" name="relacionamento" time="129.463"/>
</testsuite> <!-- com.timp.test.BRE.RegrasDeMensagens.Edicao.RegraDeMensagensRelacionamento -->
