<?xml version="1.0" encoding="UTF-8"?>
<!-- Generated by org.testng.reporters.JUnitReportReporter -->
<testsuite hostname="DESKTOP-BNBDMGT" failures="0" tests="3" name="com.timp.test.TCC.GestaoDeCreditoTributarioPIS.ConfiguracaoEExecucao.Registro1100.Registro1100Editar" time="80.090" errors="0" timestamp="27 Jan 2021 04:35:10 GMT">
  <testcase classname="com.timp.test.TCC.GestaoDeCreditoTributarioPIS.ConfiguracaoEExecucao.Registro1100.Registro1100Editar" name="login" time="8.882"/>
  <testcase classname="com.timp.test.TCC.GestaoDeCreditoTributarioPIS.ConfiguracaoEExecucao.Registro1100.Registro1100Editar" name="Editar" time="49.749"/>
  <testcase classname="com.timp.test.TCC.GestaoDeCreditoTributarioPIS.ConfiguracaoEExecucao.Registro1100.Registro1100Editar" name="acessarTCC" time="21.459"/>
</testsuite> <!-- com.timp.test.TCC.GestaoDeCreditoTributarioPIS.ConfiguracaoEExecucao.Registro1100.Registro1100Editar -->
