<?xml version="1.0" encoding="UTF-8"?>
<!-- Generated by org.testng.reporters.JUnitReportReporter -->
<testsuite hostname="MIGUEL" failures="0" tests="3" name="com.timp.test.SCANC.RelatoriosRefineriaGerados.RelatorioRefinariaGeradosManutencaoCriarLancamentoVisulizacaoAnexo" time="207.945" errors="0" timestamp="1 Dec 2020 22:40:42 GMT">
  <testcase classname="com.timp.test.SCANC.RelatoriosRefineriaGerados.RelatorioRefinariaGeradosManutencaoCriarLancamentoVisulizacaoAnexo" name="scancEntrar" time="26.052"/>
  <testcase classname="com.timp.test.SCANC.RelatoriosRefineriaGerados.RelatorioRefinariaGeradosManutencaoCriarLancamentoVisulizacaoAnexo" name="ingresar" time="8.148"/>
  <testcase classname="com.timp.test.SCANC.RelatoriosRefineriaGerados.RelatorioRefinariaGeradosManutencaoCriarLancamentoVisulizacaoAnexo" name="criarCampoDeSaida" time="173.745"/>
</testsuite> <!-- com.timp.test.SCANC.RelatoriosRefineriaGerados.RelatorioRefinariaGeradosManutencaoCriarLancamentoVisulizacaoAnexo -->
