<?xml version="1.0" encoding="UTF-8"?>
<!-- Generated by org.testng.reporters.JUnitReportReporter -->
<testsuite hostname="DESKTOP-C57COV6" failures="0" tests="3" name="com.timp.test.BPMA.ProcessodeNegocio.ProcessodeNegocioCriarCopia" time="335.864" errors="0" timestamp="13 may. 2021 02:25:48 GMT" skipped="0">
  <testcase classname="com.timp.test.BPMA.ProcessodeNegocio.ProcessodeNegocioCriarCopia" name="login" time="13.320"/>
  <testcase classname="com.timp.test.BPMA.ProcessodeNegocio.ProcessodeNegocioCriarCopia" name="BPMAEntrar" time="159.822"/>
  <testcase classname="com.timp.test.BPMA.ProcessodeNegocio.ProcessodeNegocioCriarCopia" name="CriarCopia" time="162.722"/>
</testsuite> <!-- com.timp.test.BPMA.ProcessodeNegocio.ProcessodeNegocioCriarCopia -->
