<?xml version="1.0" encoding="UTF-8"?>
<!-- Generated by org.testng.reporters.JUnitReportReporter -->
<testsuite hostname="LAPTOP-EIQG1MUE" failures="0" tests="1" name="com.timp.test.MDR.CodigoContabilizacao.CodigoContabalizacaoVisualizar" time="115.932" errors="0" timestamp="20 Jul 2021 15:14:13 GMT" skipped="0">
  <testcase classname="com.timp.test.MDR.CodigoContabilizacao.CodigoContabalizacaoVisualizar" name="visualizar" time="115.932"/>
</testsuite> <!-- com.timp.test.MDR.CodigoContabilizacao.CodigoContabalizacaoVisualizar -->
