<?xml version="1.0" encoding="UTF-8"?>
<!-- Generated by org.testng.reporters.JUnitReportReporter -->
<testsuite hostname="LAPTOP-EIQG1MUE" failures="0" tests="1" name="com.timp.test.ADM.Configuração.ConfiguracaoDeTributos.ConfiguracaoDeMapeamentoDeTributo.ConfiguracaoDeMapeamentoDeTributoCriar" time="84.241" errors="0" timestamp="12 Jul 2021 10:27:46 GMT" skipped="0">
  <testcase classname="com.timp.test.ADM.Configuração.ConfiguracaoDeTributos.ConfiguracaoDeMapeamentoDeTributo.ConfiguracaoDeMapeamentoDeTributoCriar" name="criar" time="84.241"/>
</testsuite> <!-- com.timp.test.ADM.Configuração.ConfiguracaoDeTributos.ConfiguracaoDeMapeamentoDeTributo.ConfiguracaoDeMapeamentoDeTributoCriar -->
