<?xml version="1.0" encoding="UTF-8"?>
<!-- Generated by org.testng.reporters.JUnitReportReporter -->
<testsuite hostname="MIGUEL" failures="0" tests="3" name="com.timp.test.ATR.CopiaEstruturas.CopiaGrupoDeEstruturas.GrupoDeEstruturasFiltroPorID" time="38.879" errors="0" timestamp="16 mar. 2021 06:36:34 GMT" skipped="0">
  <testcase classname="com.timp.test.ATR.CopiaEstruturas.CopiaGrupoDeEstruturas.GrupoDeEstruturasFiltroPorID" name="login" time="8.016"/>
  <testcase classname="com.timp.test.ATR.CopiaEstruturas.CopiaGrupoDeEstruturas.GrupoDeEstruturasFiltroPorID" name="filtro" time="16.119"/>
  <testcase classname="com.timp.test.ATR.CopiaEstruturas.CopiaGrupoDeEstruturas.GrupoDeEstruturasFiltroPorID" name="ATREntrar" time="14.744"/>
</testsuite> <!-- com.timp.test.ATR.CopiaEstruturas.CopiaGrupoDeEstruturas.GrupoDeEstruturasFiltroPorID -->
