<?xml version="1.0" encoding="UTF-8"?>
<!-- Generated by org.testng.reporters.JUnitReportReporter -->
<testsuite hostname="LAPTOP-EIQG1MUE" failures="0" tests="2" name="com.timp.test.MDR.TabelasApoioESocial.Tabela17.DescricaoDeNatDeLes達oExcluirEmMassa" time="161.168" errors="0" timestamp="25 Jul 2021 09:43:36 GMT" skipped="0">
  <testcase classname="com.timp.test.MDR.TabelasApoioESocial.Tabela17.DescricaoDeNatDeLes達oExcluirEmMassa" name="criar" time="123.468"/>
  <testcase classname="com.timp.test.MDR.TabelasApoioESocial.Tabela17.DescricaoDeNatDeLes達oExcluirEmMassa" name="excluir" time="37.700"/>
</testsuite> <!-- com.timp.test.MDR.TabelasApoioESocial.Tabela17.DescricaoDeNatDeLes達oExcluirEmMassa -->
