<?xml version="1.0" encoding="UTF-8"?>
<!-- Generated by org.testng.reporters.JUnitReportReporter -->
<testsuite hostname="DESKTOP-JP1A9E6" failures="0" tests="1" name="com.timp.test.TDK.Dashboard.Edicao.DashboardGraficoExcluir" time="179.046" errors="0" timestamp="25 jun. 2021 16:21:32 GMT" skipped="0">
  <testcase classname="com.timp.test.TDK.Dashboard.Edicao.DashboardGraficoExcluir" name="grafico" time="179.046"/>
</testsuite> <!-- com.timp.test.TDK.Dashboard.Edicao.DashboardGraficoExcluir -->
