<?xml version="1.0" encoding="UTF-8"?>
<!-- Generated by org.testng.reporters.JUnitReportReporter -->
<testsuite hostname="DESKTOP-C57COV6" failures="0" tests="3" name="com.timp.test.DFG.Leiautes.ParametrosGeraisCriarRaizIDPúblicoPrivadoInformacao" time="82.045" errors="0" timestamp="13 jun. 2021 17:20:13 GMT" skipped="0">
  <testcase classname="com.timp.test.DFG.Leiautes.ParametrosGeraisCriarRaizIDPúblicoPrivadoInformacao" name="ingresar" time="8.056"/>
  <testcase classname="com.timp.test.DFG.Leiautes.ParametrosGeraisCriarRaizIDPúblicoPrivadoInformacao" name="mdrEntrar" time="25.157"/>
  <testcase classname="com.timp.test.DFG.Leiautes.ParametrosGeraisCriarRaizIDPúblicoPrivadoInformacao" name="criar" time="48.832"/>
</testsuite> <!-- com.timp.test.DFG.Leiautes.ParametrosGeraisCriarRaizIDPúblicoPrivadoInformacao -->
