<?xml version="1.0" encoding="UTF-8"?>
<!-- Generated by org.testng.reporters.JUnitReportReporter -->
<testsuite hostname="LitoSoler" name="com.timp.test.MDR.SCANC.ProductosSCANCExcluir" tests="3" failures="0" timestamp="29 Aug 2020 01:37:43 GMT" time="86.535" errors="0">
  <testcase name="acessarMDR" time="13.230" classname="com.timp.test.MDR.SCANC.ProductosSCANCExcluir"/>
  <testcase name="criar" time="65.073" classname="com.timp.test.MDR.SCANC.ProductosSCANCExcluir"/>
  <testcase name="login" time="8.232" classname="com.timp.test.MDR.SCANC.ProductosSCANCExcluir"/>
</testsuite> <!-- com.timp.test.MDR.SCANC.ProductosSCANCExcluir -->
