<?xml version="1.0" encoding="UTF-8"?>
<!-- Generated by org.testng.reporters.JUnitReportReporter -->
<testsuite hostname="DESKTOP-BNBDMGT" failures="0" tests="2" name="com.timp.test.TFP.AcessarTFP" time="29.822" errors="0" timestamp="8 Dec 2020 05:28:42 GMT">
  <testcase classname="com.timp.test.TFP.AcessarTFP" name="login" time="6.946"/>
  <testcase classname="com.timp.test.TFP.AcessarTFP" name="TFPEntrar" time="22.876"/>
</testsuite> <!-- com.timp.test.TFP.AcessarTFP -->
