<?xml version="1.0" encoding="UTF-8"?>
<!-- Generated by org.testng.reporters.JUnitReportReporter -->
<testsuite hostname="LAPTOP-EIQG1MUE" failures="0" tests="1" name="com.timp.test.BRB.AtivarComentario" time="113.114" errors="0" timestamp="29 Jul 2021 09:22:42 GMT" skipped="0">
  <testcase classname="com.timp.test.BRB.AtivarComentario" name="ativarComentarios" time="113.114"/>
</testsuite> <!-- com.timp.test.BRB.AtivarComentario -->
