<?xml version="1.0" encoding="UTF-8"?>
<!-- Generated by org.testng.reporters.JUnitReportReporter -->
<testsuite hostname="DESKTOP-BNBDMGT" failures="0" tests="3" name="com.timp.test.ATR.EstruturasMapeamentodeEstruturas.MapeamentodeParâmetrosdeEntradaFiltroporIDLimpar" time="39.752" errors="0" timestamp="16 mar. 2021 13:23:36 GMT" skipped="0">
  <testcase classname="com.timp.test.ATR.EstruturasMapeamentodeEstruturas.MapeamentodeParâmetrosdeEntradaFiltroporIDLimpar" name="login" time="7.409"/>
  <testcase classname="com.timp.test.ATR.EstruturasMapeamentodeEstruturas.MapeamentodeParâmetrosdeEntradaFiltroporIDLimpar" name="acessarATRPO" time="14.089"/>
  <testcase classname="com.timp.test.ATR.EstruturasMapeamentodeEstruturas.MapeamentodeParâmetrosdeEntradaFiltroporIDLimpar" name="filtro" time="18.254"/>
</testsuite> <!-- com.timp.test.ATR.EstruturasMapeamentodeEstruturas.MapeamentodeParâmetrosdeEntradaFiltroporIDLimpar -->
