<?xml version="1.0" encoding="UTF-8"?>
<<<<<<< HEAD
<!-- Generated by org.testng.reporters.JUnitReportReporter -->
<<<<<<< HEAD
<testsuite hostname="DESKTOP-BNBDMGT" failures="0" tests="3" name="com.timp.test.ADM.Configuração.Usuarios.UsuáriosVisualizar" time="63.541" errors="0" timestamp="27 abr. 2021 15:31:47 GMT" skipped="0">
  <testcase classname="com.timp.test.ADM.Configuração.Usuarios.UsuáriosVisualizar" name="login" time="8.124"/>
  <testcase classname="com.timp.test.ADM.Configuração.Usuarios.UsuáriosVisualizar" name="AcessarADM" time="14.232"/>
  <testcase classname="com.timp.test.ADM.Configuração.Usuarios.UsuáriosVisualizar" name="ver" time="41.185"/>
=======
<testsuite hostname="DESKTOP-C57COV6" failures="0" tests="3" name="com.timp.test.ADM.Configuração.Usuarios.UsuáriosVisualizar" time="63.341" errors="0" timestamp="24 may. 2021 22:00:33 GMT" skipped="0">
  <testcase classname="com.timp.test.ADM.Configuração.Usuarios.UsuáriosVisualizar" name="login" time="7.915"/>
  <testcase classname="com.timp.test.ADM.Configuração.Usuarios.UsuáriosVisualizar" name="AcessarADM" time="15.299"/>
  <testcase classname="com.timp.test.ADM.Configuração.Usuarios.UsuáriosVisualizar" name="ver" time="40.127"/>
>>>>>>> branch 'master' of https://github.com/salc1997/TIMP_R1.git
=======
<!-- Generated by org.testng.reporters.JUnitReportReporter -->
<testsuite hostname="DESKTOP-C57COV6" failures="0" tests="3" name="com.timp.test.ADM.Configuração.Usuarios.UsuáriosVisualizar" time="68.662" errors="0" timestamp="25 jun. 2021 05:19:46 GMT" skipped="0">
  <testcase classname="com.timp.test.ADM.Configuração.Usuarios.UsuáriosVisualizar" name="login" time="9.382"/>
  <testcase classname="com.timp.test.ADM.Configuração.Usuarios.UsuáriosVisualizar" name="AcessarADM" time="17.420"/>
  <testcase classname="com.timp.test.ADM.Configuração.Usuarios.UsuáriosVisualizar" name="ver" time="41.860"/>
>>>>>>> refs/remotes/origin/Yessy
</testsuite> <!-- com.timp.test.ADM.Configuração.Usuarios.UsuáriosVisualizar -->
