<?xml version="1.0" encoding="UTF-8"?>
<!-- Generated by org.testng.reporters.JUnitReportReporter -->
<testsuite hostname="DESKTOP-BNBDMGT" failures="0" tests="2" name="com.timp.test.ADM.AcessarADM" time="21.762" errors="0" timestamp="19 mar. 2021 20:48:11 GMT" skipped="0">
  <testcase classname="com.timp.test.ADM.AcessarADM" name="login" time="7.396"/>
  <testcase classname="com.timp.test.ADM.AcessarADM" name="AcessarADM" time="14.366"/>
</testsuite> <!-- com.timp.test.ADM.AcessarADM -->
