<?xml version="1.0" encoding="UTF-8"?>
<!-- Generated by org.testng.reporters.JUnitReportReporter -->
<testsuite hostname="LAPTOP-EIQG1MUE" failures="0" tests="2" name="com.timp.test.MDR.Siscoserv.RegistroRAS.RegistroRASExcluirEmMassa" time="158.476" errors="0" timestamp="25 Jul 2021 07:32:23 GMT" skipped="0">
  <testcase classname="com.timp.test.MDR.Siscoserv.RegistroRAS.RegistroRASExcluirEmMassa" name="criar" time="132.181"/>
  <testcase classname="com.timp.test.MDR.Siscoserv.RegistroRAS.RegistroRASExcluirEmMassa" name="excluir" time="26.295"/>
</testsuite> <!-- com.timp.test.MDR.Siscoserv.RegistroRAS.RegistroRASExcluirEmMassa -->
