<?xml version="1.0" encoding="UTF-8"?>
<!-- Generated by org.testng.reporters.JUnitReportReporter -->
<testsuite hostname="LitoSoler" name="com.timp.test.MDR.Centralizacao2.cnetralizacao" tests="2" failures="0" timestamp="23 Jul 2020 21:46:22 GMT" time="13.122" errors="0">
  <testcase name="login" time="6.043" classname="com.timp.test.MDR.Centralizacao2.cnetralizacao"/>
  <testcase name="acessarMDR" time="7.079" classname="com.timp.test.MDR.Centralizacao2.cnetralizacao"/>
</testsuite> <!-- com.timp.test.MDR.Centralizacao2.cnetralizacao -->
