<?xml version="1.0" encoding="UTF-8"?>
<!-- Generated by org.testng.reporters.JUnitReportReporter -->
<testsuite hostname="LAPTOP-EIQG1MUE" failures="0" tests="1" name="com.timp.test.BRB.Duplicidade" time="207.661" errors="0" timestamp="29 Jul 2021 16:20:48 GMT" skipped="0">
  <testcase classname="com.timp.test.BRB.Duplicidade" name="editar" time="207.661"/>
</testsuite> <!-- com.timp.test.BRB.Duplicidade -->
