<?xml version="1.0" encoding="UTF-8"?>
<!-- Generated by org.testng.reporters.JUnitReportReporter -->
<testsuite hostname="LAPTOP-IN7IV9K5" failures="0" tests="2" name="com.timp.test.TCM.AcessarTCM" time="17.723" errors="0" timestamp="15 Feb 2021 18:13:07 GMT">
  <testcase classname="com.timp.test.TCM.AcessarTCM" name="login" time="7.394"/>
  <testcase classname="com.timp.test.TCM.AcessarTCM" name="tcmEntrar" time="10.329"/>
</testsuite> <!-- com.timp.test.TCM.AcessarTCM -->
