<?xml version="1.0" encoding="UTF-8"?>
<!-- Generated by org.testng.reporters.JUnitReportReporter -->
<testsuite hostname="DESKTOP-BNBDMGT" failures="0" tests="9" name="com.timp.test.CALENDAR.Tarefas.TarefasGatewayMultiplo" time="764.355" errors="0" timestamp="04 mar. 2021 18:07:21 GMT" skipped="0">
  <testcase classname="com.timp.test.CALENDAR.Tarefas.TarefasGatewayMultiplo" name="login" time="12.179"/>
  <testcase classname="com.timp.test.CALENDAR.Tarefas.TarefasGatewayMultiplo" name="BPMAEntrar" time="17.083"/>
  <testcase classname="com.timp.test.CALENDAR.Tarefas.TarefasGatewayMultiplo" name="criar" time="349.197"/>
  <testcase classname="com.timp.test.CALENDAR.Tarefas.TarefasGatewayMultiplo" name="TFPEntrar" time="21.047"/>
  <testcase classname="com.timp.test.CALENDAR.Tarefas.TarefasGatewayMultiplo" name="irTFP" time="67.365"/>
  <testcase classname="com.timp.test.CALENDAR.Tarefas.TarefasGatewayMultiplo" name="CalendarioEntrar" time="34.750"/>
  <testcase classname="com.timp.test.CALENDAR.Tarefas.TarefasGatewayMultiplo" name="irCalendario" time="156.147"/>
  <testcase classname="com.timp.test.CALENDAR.Tarefas.TarefasGatewayMultiplo" name="BPMAEntrar2" time="9.934"/>
  <testcase classname="com.timp.test.CALENDAR.Tarefas.TarefasGatewayMultiplo" name="Lixeria" time="96.653"/>
</testsuite> <!-- com.timp.test.CALENDAR.Tarefas.TarefasGatewayMultiplo -->
