<?xml version="1.0" encoding="UTF-8"?>
<!-- Generated by org.testng.reporters.JUnitReportReporter -->
<testsuite hostname="LitoSoler" name="com.timp.test.MDR.AtividadeFiscal.AtividadeVisualizar" tests="3" failures="0" timestamp="18 Jul 2020 00:47:18 GMT" time="55.969" errors="0">
  <testcase name="acessarMDR" time="16.955" classname="com.timp.test.MDR.AtividadeFiscal.AtividadeVisualizar"/>
  <testcase name="login" time="11.385" classname="com.timp.test.MDR.AtividadeFiscal.AtividadeVisualizar"/>
  <testcase name="filtro" time="27.629" classname="com.timp.test.MDR.AtividadeFiscal.AtividadeVisualizar"/>
</testsuite> <!-- com.timp.test.MDR.AtividadeFiscal.AtividadeVisualizar -->
