<?xml version="1.0" encoding="UTF-8"?>
<!-- Generated by org.testng.reporters.JUnitReportReporter -->
<testsuite hostname="DESKTOP-C57COV6" failures="0" tests="3" name="com.timp.test.DFG.Leiautes.ParametrosGeraisCriarRaizIDPúblicoPrivadoVisualizar" time="187.807" errors="0" timestamp="13 jun. 2021 17:27:26 GMT" skipped="0">
  <testcase classname="com.timp.test.DFG.Leiautes.ParametrosGeraisCriarRaizIDPúblicoPrivadoVisualizar" name="ingresar" time="22.505"/>
  <testcase classname="com.timp.test.DFG.Leiautes.ParametrosGeraisCriarRaizIDPúblicoPrivadoVisualizar" name="mdrEntrar" time="59.435"/>
  <testcase classname="com.timp.test.DFG.Leiautes.ParametrosGeraisCriarRaizIDPúblicoPrivadoVisualizar" name="editar" time="105.867"/>
</testsuite> <!-- com.timp.test.DFG.Leiautes.ParametrosGeraisCriarRaizIDPúblicoPrivadoVisualizar -->
