<?xml version="1.0" encoding="UTF-8"?>
<!-- Generated by org.testng.reporters.JUnitReportReporter -->
<testsuite hostname="LitoSoler" name="com.timp.test.MDR.AtividadeFiscal.AtividadeCriar" tests="3" failures="0" timestamp="18 Jul 2020 00:45:50 GMT" time="105.143" errors="0">
  <testcase name="login" time="12.160" classname="com.timp.test.MDR.AtividadeFiscal.AtividadeCriar"/>
  <testcase name="acessarMDR" time="16.707" classname="com.timp.test.MDR.AtividadeFiscal.AtividadeCriar"/>
  <testcase name="visualizar" time="76.276" classname="com.timp.test.MDR.AtividadeFiscal.AtividadeCriar"/>
</testsuite> <!-- com.timp.test.MDR.AtividadeFiscal.AtividadeCriar -->
