<?xml version="1.0" encoding="UTF-8"?>
<!-- Generated by org.testng.reporters.JUnitReportReporter -->
<testsuite hostname="LAPTOP-EIQG1MUE" failures="0" tests="4" name="com.timp.test.MDR.TabelasApoioSped.TabelaCodigoDeContribucaoSocialApurada.TabelaCodigoDeContribucaoSocialApuradaExcluirEmMassa" time="277.139" errors="0" timestamp="25 Jul 2021 17:18:19 GMT" skipped="0">
  <testcase classname="com.timp.test.MDR.TabelasApoioSped.TabelaCodigoDeContribucaoSocialApurada.TabelaCodigoDeContribucaoSocialApuradaExcluirEmMassa" name="excluirEmMassa" time="28.775"/>
  <testcase classname="com.timp.test.MDR.TabelasApoioSped.TabelaCodigoDeContribucaoSocialApurada.TabelaCodigoDeContribucaoSocialApuradaExcluirEmMassa" name="criar" time="111.275"/>
  <testcase classname="com.timp.test.MDR.TabelasApoioSped.TabelaCodigoDeContribucaoSocialApurada.TabelaCodigoDeContribucaoSocialApuradaExcluirEmMassa" name="excluirEmMassa" time="28.559"/>
  <testcase classname="com.timp.test.MDR.TabelasApoioSped.TabelaCodigoDeContribucaoSocialApurada.TabelaCodigoDeContribucaoSocialApuradaExcluirEmMassa" name="criar" time="108.530"/>
</testsuite> <!-- com.timp.test.MDR.TabelasApoioSped.TabelaCodigoDeContribucaoSocialApurada.TabelaCodigoDeContribucaoSocialApuradaExcluirEmMassa -->
