<?xml version="1.0" encoding="UTF-8"?>
<!-- Generated by org.testng.reporters.JUnitReportReporter -->
<testsuite hostname="LAPTOP-EIQG1MUE" failures="0" tests="1" name="com.timp.test.MDR.CenariosCorrecao.CenariosCorrecaoFiltrosAvanzados" time="159.940" errors="0" timestamp="20 Jul 2021 07:34:39 GMT" skipped="0">
  <testcase classname="com.timp.test.MDR.CenariosCorrecao.CenariosCorrecaoFiltrosAvanzados" name="filtros" time="159.940"/>
</testsuite> <!-- com.timp.test.MDR.CenariosCorrecao.CenariosCorrecaoFiltrosAvanzados -->
