<?xml version="1.0" encoding="UTF-8"?>
<!-- Generated by org.testng.reporters.JUnitReportReporter -->
<testsuite hostname="DESKTOP-5P4F1JE" failures="0" tests="3" name="com.timp.test.TDK.Execucoes.ExecucoesPublicas.ExecucoesRestaurar" time="116.046" errors="0" timestamp="20 Jan 2021 16:04:16 GMT">
  <testcase classname="com.timp.test.TDK.Execucoes.ExecucoesPublicas.ExecucoesRestaurar" name="login" time="12.303"/>
  <testcase classname="com.timp.test.TDK.Execucoes.ExecucoesPublicas.ExecucoesRestaurar" name="restaurar" time="72.206"/>
  <testcase classname="com.timp.test.TDK.Execucoes.ExecucoesPublicas.ExecucoesRestaurar" name="acessarTDK" time="31.537"/>
</testsuite> <!-- com.timp.test.TDK.Execucoes.ExecucoesPublicas.ExecucoesRestaurar -->
