<?xml version="1.0" encoding="UTF-8"?>
<!-- Generated by org.testng.reporters.JUnitReportReporter -->
<testsuite hostname="DESKTOP-C57COV6" failures="0" tests="1" name="com.timp.test.TDK.Kpis.MeusRelatoriosKpis.MeusFavoritos.KpisMeusFavoritosFiltroPorID" time="84.096" errors="0" timestamp="25 jun. 2021 16:03:55 GMT" skipped="0">
  <testcase classname="com.timp.test.TDK.Kpis.MeusRelatoriosKpis.MeusFavoritos.KpisMeusFavoritosFiltroPorID" name="filtro" time="84.096"/>
</testsuite> <!-- com.timp.test.TDK.Kpis.MeusRelatoriosKpis.MeusFavoritos.KpisMeusFavoritosFiltroPorID -->
