<?xml version="1.0" encoding="UTF-8"?>
<!-- Generated by org.testng.reporters.JUnitReportReporter -->
<testsuite hostname="DESKTOP-BNBDMGT" failures="0" tests="1" name="com.timp.test.TFP.Configurações.Subperíodo.SubperíodoCopiar" time="158.617" errors="0" timestamp="17 feb. 2021 15:56:40 GMT" skipped="0">
  <testcase classname="com.timp.test.TFP.Configurações.Subperíodo.SubperíodoCopiar" name="Copiar" time="158.617"/>
</testsuite> <!-- com.timp.test.TFP.Configurações.Subperíodo.SubperíodoCopiar -->
