<?xml version="1.0" encoding="UTF-8"?>
<!-- Generated by org.testng.reporters.JUnitReportReporter -->
<testsuite hostname="LAPTOP-EIQG1MUE" failures="0" tests="1" name="com.timp.test.ADM.DevopsTest" time="33.448" errors="0" timestamp="02 Aug 2021 12:47:14 GMT" skipped="0">
  <testcase classname="com.timp.test.ADM.DevopsTest" name="checkDataForIndia" time="33.448"/>
</testsuite> <!-- com.timp.test.ADM.DevopsTest -->
