<?xml version="1.0" encoding="UTF-8"?>
<!-- Generated by org.testng.reporters.JUnitReportReporter -->
<testsuite hostname="LitoSoler" name="com.timp.test.MDR.SCANC.ProdutosSCANCDetalhes" tests="3" failures="0" timestamp="29 Aug 2020 01:45:20 GMT" time="77.142" errors="0">
  <testcase name="detalhes" time="49.747" classname="com.timp.test.MDR.SCANC.ProdutosSCANCDetalhes"/>
  <testcase name="acessarMDR" time="16.101" classname="com.timp.test.MDR.SCANC.ProdutosSCANCDetalhes"/>
  <testcase name="login" time="11.294" classname="com.timp.test.MDR.SCANC.ProdutosSCANCDetalhes"/>
</testsuite> <!-- com.timp.test.MDR.SCANC.ProdutosSCANCDetalhes -->
