<?xml version="1.0" encoding="UTF-8"?>
<!-- Generated by org.testng.reporters.JUnitReportReporter -->
<testsuite hostname="DESKTOP-BNBDMGT" failures="0" tests="1" name="com.timp.test.CALENDAR.ParametrosGerais.AbrirCalendario" time="41.583" errors="0" timestamp="29 mar. 2021 00:11:32 GMT" skipped="0">
  <testcase classname="com.timp.test.CALENDAR.ParametrosGerais.AbrirCalendario" name="CalendarEntrar" time="41.583"/>
</testsuite> <!-- com.timp.test.CALENDAR.ParametrosGerais.AbrirCalendario -->
