<?xml version="1.0" encoding="UTF-8"?>
<!-- Generated by org.testng.reporters.JUnitReportReporter -->
<testsuite hostname="DESKTOP-C57COV6" failures="0" tests="3" name="com.timp.test.BPMA.Processo.ParametrosGerais.ParametrosGeraisPesquisaPorNomeDeProcesso" time="37.455" errors="0" timestamp="12 may. 2021 22:37:22 GMT" skipped="0">
  <testcase classname="com.timp.test.BPMA.Processo.ParametrosGerais.ParametrosGeraisPesquisaPorNomeDeProcesso" name="login" time="11.343"/>
  <testcase classname="com.timp.test.BPMA.Processo.ParametrosGerais.ParametrosGeraisPesquisaPorNomeDeProcesso" name="acessarBPMA" time="14.210"/>
  <testcase classname="com.timp.test.BPMA.Processo.ParametrosGerais.ParametrosGeraisPesquisaPorNomeDeProcesso" name="criar" time="11.902"/>
</testsuite> <!-- com.timp.test.BPMA.Processo.ParametrosGerais.ParametrosGeraisPesquisaPorNomeDeProcesso -->
