<?xml version="1.0" encoding="UTF-8"?>
<!-- Generated by org.testng.reporters.JUnitReportReporter -->
<testsuite hostname="LAPTOP-EIQG1MUE" failures="0" tests="2" name="com.timp.test.MDR.TabelasApoioESocial.UnidadeDeMedida.UnidadeDeMedidaExcluirEmMasa" time="125.981" errors="0" timestamp="23 Jul 2021 14:23:53 GMT" skipped="0">
  <testcase classname="com.timp.test.MDR.TabelasApoioESocial.UnidadeDeMedida.UnidadeDeMedidaExcluirEmMasa" name="criar" time="91.482"/>
  <testcase classname="com.timp.test.MDR.TabelasApoioESocial.UnidadeDeMedida.UnidadeDeMedidaExcluirEmMasa" name="excluir" time="34.499"/>
</testsuite> <!-- com.timp.test.MDR.TabelasApoioESocial.UnidadeDeMedida.UnidadeDeMedidaExcluirEmMasa -->
