<?xml version="1.0" encoding="UTF-8"?>
<!-- Generated by org.testng.reporters.JUnitReportReporter -->
<testsuite hostname="DESKTOP-BNBDMGT" failures="0" tests="3" name="com.timp.test.CALENDAR.Tarefas.TarefasGatewayAprovação" time="105.455" errors="0" timestamp="06 abr. 2021 06:20:01 GMT" skipped="0">
  <testcase classname="com.timp.test.CALENDAR.Tarefas.TarefasGatewayAprovação" name="login" time="8.170"/>
  <testcase classname="com.timp.test.CALENDAR.Tarefas.TarefasGatewayAprovação" name="acessarCalendar" time="43.089"/>
  <testcase classname="com.timp.test.CALENDAR.Tarefas.TarefasGatewayAprovação" name="Calendar" time="54.196"/>
</testsuite> <!-- com.timp.test.CALENDAR.Tarefas.TarefasGatewayAprovação -->
