<?xml version="1.0" encoding="UTF-8"?>
<!-- Generated by org.testng.reporters.JUnitReportReporter -->
<testsuite hostname="LAPTOP-EIQG1MUE" failures="0" tests="1" name="com.timp.test.BRE.RegrasDeEscrituração.ParametrosGerais.RegrasDeEscrituraçãoVisualizar" time="104.866" errors="0" timestamp="27 Jul 2021 12:26:52 GMT" skipped="0">
  <testcase classname="com.timp.test.BRE.RegrasDeEscrituração.ParametrosGerais.RegrasDeEscrituraçãoVisualizar" name="visualizar" time="104.866"/>
</testsuite> <!-- com.timp.test.BRE.RegrasDeEscrituração.ParametrosGerais.RegrasDeEscrituraçãoVisualizar -->
