<?xml version="1.0" encoding="UTF-8"?>
<!-- Generated by org.testng.reporters.JUnitReportReporter -->
<testsuite hostname="DESKTOP-SUF121B" failures="0" tests="3" name="com.timp.test.MDR.Tributos.TributosVisualizar" time="105.085" errors="0" timestamp="27 Jul 2020 22:28:45 GMT">
  <testcase classname="com.timp.test.MDR.Tributos.TributosVisualizar" name="visualizar" time="53.794"/>
  <testcase classname="com.timp.test.MDR.Tributos.TributosVisualizar" name="acessarMDR" time="38.231"/>
  <testcase classname="com.timp.test.MDR.Tributos.TributosVisualizar" name="login" time="13.060"/>
</testsuite> <!-- com.timp.test.MDR.Tributos.TributosVisualizar -->
