<?xml version="1.0" encoding="UTF-8"?>
<!-- Generated by org.testng.reporters.JUnitReportReporter -->
<testsuite hostname="LAPTOP-EIQG1MUE" failures="0" tests="1" name="com.timp.test.BRE.RegrasDeMensagens.ParametrosGerais.RegrasDeMensagensCriarComCopia" time="191.188" errors="0" timestamp="27 Jul 2021 14:14:47 GMT" skipped="0">
  <testcase classname="com.timp.test.BRE.RegrasDeMensagens.ParametrosGerais.RegrasDeMensagensCriarComCopia" name="criarComCopia" time="191.188"/>
</testsuite> <!-- com.timp.test.BRE.RegrasDeMensagens.ParametrosGerais.RegrasDeMensagensCriarComCopia -->
