<?xml version="1.0" encoding="UTF-8"?>
<!-- Generated by org.testng.reporters.JUnitReportReporter -->
<testsuite hostname="LitoSoler" name="com.timp.test.MDR.Municipio.MunicipioFiltros" tests="3" failures="0" timestamp="10 Jul 2020 16:17:16 GMT" time="47.824" errors="0">
  <testcase name="login" time="14.963" classname="com.timp.test.MDR.Municipio.MunicipioFiltros"/>
  <testcase name="acessarMDR" time="13.558" classname="com.timp.test.MDR.Municipio.MunicipioFiltros"/>
  <testcase name="filtro" time="19.303" classname="com.timp.test.MDR.Municipio.MunicipioFiltros"/>
</testsuite> <!-- com.timp.test.MDR.Municipio.MunicipioFiltros -->
