<?xml version="1.0" encoding="UTF-8"?>
<!-- Generated by org.testng.reporters.JUnitReportReporter -->
<testsuite hostname="MIGUEL" failures="0" tests="4" name="com.timp.test.TDK.Dashboard.Lixeira.DashboardLixeiraExcluirEmMassa" time="92.813" errors="0" timestamp="11 mar. 2021 22:53:08 GMT" skipped="0">
  <testcase classname="com.timp.test.TDK.Dashboard.Lixeira.DashboardLixeiraExcluirEmMassa" name="login" time="7.403"/>
  <testcase classname="com.timp.test.TDK.Dashboard.Lixeira.DashboardLixeiraExcluirEmMassa" name="acessarTDK" time="28.266"/>
  <testcase classname="com.timp.test.TDK.Dashboard.Lixeira.DashboardLixeiraExcluirEmMassa" name="criar" time="16.038"/>
  <testcase classname="com.timp.test.TDK.Dashboard.Lixeira.DashboardLixeiraExcluirEmMassa" name="excluirEmMassa" time="41.106"/>
</testsuite> <!-- com.timp.test.TDK.Dashboard.Lixeira.DashboardLixeiraExcluirEmMassa -->
