<?xml version="1.0" encoding="UTF-8"?>
<!-- Generated by org.testng.reporters.JUnitReportReporter -->
<testsuite hostname="CRISTHIAN-VASQUEZ" failures="0" tests="3" name="com.timp.test.MDR.TabelasApoioSped.CFOP.CFOPFiltrosAvancados" time="93.425" errors="0" timestamp="20 Jan 2021 13:44:35 GMT">
  <testcase classname="com.timp.test.MDR.TabelasApoioSped.CFOP.CFOPFiltrosAvancados" name="filtros" time="71.518"/>
  <testcase classname="com.timp.test.MDR.TabelasApoioSped.CFOP.CFOPFiltrosAvancados" name="mdrEntrar" time="13.152"/>
  <testcase classname="com.timp.test.MDR.TabelasApoioSped.CFOP.CFOPFiltrosAvancados" name="ingresar" time="8.755"/>
</testsuite> <!-- com.timp.test.MDR.TabelasApoioSped.CFOP.CFOPFiltrosAvancados -->
