<?xml version="1.0" encoding="UTF-8"?>
<!-- Generated by org.testng.reporters.JUnitReportReporter -->
<testsuite hostname="CRISTHIAN-VASQUEZ" failures="0" tests="3" name="com.timp.test.TDK.Execucoes.ExecucoesPublicas.ExecucoesFiltrosAva" time="111.865" errors="0" timestamp="30 Jan 2021 17:29:49 GMT">
  <testcase classname="com.timp.test.TDK.Execucoes.ExecucoesPublicas.ExecucoesFiltrosAva" name="acessarMDR" time="20.615"/>
  <testcase classname="com.timp.test.TDK.Execucoes.ExecucoesPublicas.ExecucoesFiltrosAva" name="login" time="18.226"/>
  <testcase classname="com.timp.test.TDK.Execucoes.ExecucoesPublicas.ExecucoesFiltrosAva" name="filtros" time="73.024"/>
</testsuite> <!-- com.timp.test.TDK.Execucoes.ExecucoesPublicas.ExecucoesFiltrosAva -->
