<?xml version="1.0" encoding="UTF-8"?>
<!-- Generated by org.testng.reporters.JUnitReportReporter -->
<testsuite hostname="LAPTOP-EIQG1MUE" failures="0" tests="2" name="com.timp.test.BRB.Exportar" time="163.874" errors="0" timestamp="29 Jul 2021 17:13:37 GMT" skipped="0">
  <testcase classname="com.timp.test.BRB.Exportar" name="exportarCSV" time="142.189"/>
  <testcase classname="com.timp.test.BRB.Exportar" name="exportarXLSX" time="21.685"/>
</testsuite> <!-- com.timp.test.BRB.Exportar -->
