<?xml version="1.0" encoding="UTF-8"?>
<!-- Generated by org.testng.reporters.JUnitReportReporter -->
<testsuite hostname="DESKTOP-C57COV6" failures="0" tests="3" name="com.timp.test.MDR.TabelasComplementaresParaObrigaçoesAcessorias.TabelaLogradouros.TabelaLogradouroCriar" time="101.508" errors="0" timestamp="15 jun. 2021 06:17:45 GMT" skipped="0">
  <testcase classname="com.timp.test.MDR.TabelasComplementaresParaObrigaçoesAcessorias.TabelaLogradouros.TabelaLogradouroCriar" name="login" time="10.109"/>
  <testcase classname="com.timp.test.MDR.TabelasComplementaresParaObrigaçoesAcessorias.TabelaLogradouros.TabelaLogradouroCriar" name="acessarMDR" time="43.968"/>
  <testcase classname="com.timp.test.MDR.TabelasComplementaresParaObrigaçoesAcessorias.TabelaLogradouros.TabelaLogradouroCriar" name="criar" time="47.431"/>
</testsuite> <!-- com.timp.test.MDR.TabelasComplementaresParaObrigaçoesAcessorias.TabelaLogradouros.TabelaLogradouroCriar -->
