<?xml version="1.0" encoding="UTF-8"?>
<!-- Generated by org.testng.reporters.JUnitReportReporter -->
<testsuite hostname="LAPTOP-IN7IV9K5" failures="0" tests="1" name="com.timp.test.BSC.CorrecaoDeNFAprovarEmMassaCJOB" time="428.693" errors="0" timestamp="25 jun. 2021 05:10:38 GMT" skipped="0">
  <testcase classname="com.timp.test.BSC.CorrecaoDeNFAprovarEmMassaCJOB" name="Aprovar" time="428.693"/>
</testsuite> <!-- com.timp.test.BSC.CorrecaoDeNFAprovarEmMassaCJOB -->
