<?xml version="1.0" encoding="UTF-8"?>
<!-- Generated by org.testng.reporters.JUnitReportReporter -->
<testsuite hostname="LAPTOP-EIQG1MUE" failures="0" tests="1" name="com.timp.test.BRB.OutputAutomático" time="161.670" errors="0" timestamp="29 Jul 2021 14:25:41 GMT" skipped="0">
  <testcase classname="com.timp.test.BRB.OutputAutomático" name="outputAutomatico" time="161.670"/>
</testsuite> <!-- com.timp.test.BRB.OutputAutomático -->
