<?xml version="1.0" encoding="UTF-8"?>
<!-- Generated by org.testng.reporters.JUnitReportReporter -->
<testsuite hostname="LAPTOP-EIQG1MUE" failures="0" tests="3" name="com.timp.test.ADM.Usuários.Pacotes.PacotesCriar" time="124.566" errors="0" timestamp="12 Jul 2021 15:32:57 GMT" skipped="0">
  <testcase classname="com.timp.test.ADM.Usuários.Pacotes.PacotesCriar" name="login" time="31.163"/>
  <testcase classname="com.timp.test.ADM.Usuários.Pacotes.PacotesCriar" name="AcessarADM" time="17.691"/>
  <testcase classname="com.timp.test.ADM.Usuários.Pacotes.PacotesCriar" name="Crear" time="75.712"/>
</testsuite> <!-- com.timp.test.ADM.Usuários.Pacotes.PacotesCriar -->
