<?xml version="1.0" encoding="UTF-8"?>
<!-- Generated by org.testng.reporters.JUnitReportReporter -->
<testsuite hostname="LAPTOP-IN7IV9K5" failures="0" tests="3" name="com.timp.test.BRE.RegrasDeEscrituração.RegrasDeEscrituraçãoCriarMasCaminho" time="146.380" errors="0" timestamp="19 feb. 2021 21:34:07 GMT" skipped="0">
  <testcase classname="com.timp.test.BRE.RegrasDeEscrituração.RegrasDeEscrituraçãoCriarMasCaminho" name="login" time="8.067"/>
  <testcase classname="com.timp.test.BRE.RegrasDeEscrituração.RegrasDeEscrituraçãoCriarMasCaminho" name="acessarBRE" time="19.348"/>
  <testcase classname="com.timp.test.BRE.RegrasDeEscrituração.RegrasDeEscrituraçãoCriarMasCaminho" name="criar" time="118.965"/>
</testsuite> <!-- com.timp.test.BRE.RegrasDeEscrituração.RegrasDeEscrituraçãoCriarMasCaminho -->
