<?xml version="1.0" encoding="UTF-8"?>
<!-- Generated by org.testng.reporters.JUnitReportReporter -->
<testsuite hostname="MIGUEL" failures="0" tests="1" name="com.timp.test.TCC.GestaoDeCreditoTributarioICMS.Executados.PainelCreditoICMS.PainelCreditoICMSExcluir" time="103.981" errors="0" timestamp="21 abr. 2021 05:07:45 GMT" skipped="0">
  <testcase classname="com.timp.test.TCC.GestaoDeCreditoTributarioICMS.Executados.PainelCreditoICMS.PainelCreditoICMSExcluir" name="excluir" time="103.981"/>
</testsuite> <!-- com.timp.test.TCC.GestaoDeCreditoTributarioICMS.Executados.PainelCreditoICMS.PainelCreditoICMSExcluir -->
