<?xml version="1.0" encoding="UTF-8"?>
<!-- Generated by org.testng.reporters.JUnitReportReporter -->
<testsuite hostname="LAPTOP-IN7IV9K5" failures="0" tests="1" name="com.timp.test.TCC.BancoDeCréditoTributário.PainelPerDcomp.ConfiguraçãodeLayoutdePainel.ConfiguraçãodeLayoutdePainelFiltrosAvancados" time="157.842" errors="0" timestamp="01 jul. 2021 17:50:56 GMT" skipped="0">
  <testcase classname="com.timp.test.TCC.BancoDeCréditoTributário.PainelPerDcomp.ConfiguraçãodeLayoutdePainel.ConfiguraçãodeLayoutdePainelFiltrosAvancados" name="filtros" time="157.842"/>
</testsuite> <!-- com.timp.test.TCC.BancoDeCréditoTributário.PainelPerDcomp.ConfiguraçãodeLayoutdePainel.ConfiguraçãodeLayoutdePainelFiltrosAvancados -->
