<?xml version="1.0" encoding="UTF-8"?>
<!-- Generated by org.testng.reporters.JUnitReportReporter -->
<testsuite hostname="LitoSoler" name="com.timp.test.MDR.DEREXInstituicao.InstituicaoExcluir" tests="3" failures="0" timestamp="17 Jul 2020 21:14:51 GMT" time="36.037" errors="0">
  <testcase name="login" time="5.637" classname="com.timp.test.MDR.DEREXInstituicao.InstituicaoExcluir"/>
  <testcase name="acessarMDR" time="7.249" classname="com.timp.test.MDR.DEREXInstituicao.InstituicaoExcluir"/>
  <testcase name="visualizar" time="23.151" classname="com.timp.test.MDR.DEREXInstituicao.InstituicaoExcluir"/>
</testsuite> <!-- com.timp.test.MDR.DEREXInstituicao.InstituicaoExcluir -->
