<?xml version="1.0" encoding="UTF-8"?>
<!-- Generated by org.testng.reporters.JUnitReportReporter -->
<testsuite hostname="LitoSoler" name="com.timp.test.MDR.DEREXInstituicao.InstituicaoCriar" tests="3" failures="0" timestamp="17 Jul 2020 21:05:40 GMT" time="98.140" errors="0">
  <testcase name="acessarMDR" time="8.450" classname="com.timp.test.MDR.DEREXInstituicao.InstituicaoCriar"/>
  <testcase name="login" time="7.313" classname="com.timp.test.MDR.DEREXInstituicao.InstituicaoCriar"/>
  <testcase name="visualizar" time="82.377" classname="com.timp.test.MDR.DEREXInstituicao.InstituicaoCriar"/>
</testsuite> <!-- com.timp.test.MDR.DEREXInstituicao.InstituicaoCriar -->
