<?xml version="1.0" encoding="UTF-8"?>
<!-- Generated by org.testng.reporters.JUnitReportReporter -->
<testsuite hostname="LAPTOP-EIQG1MUE" failures="0" tests="1" name="com.timp.test.BRE.RegrasDeEscrituração.ParametrosGerais.RegrasDeEscrituracaoExcluir" time="126.246" errors="0" timestamp="27 Jul 2021 13:26:10 GMT" skipped="0">
  <testcase classname="com.timp.test.BRE.RegrasDeEscrituração.ParametrosGerais.RegrasDeEscrituracaoExcluir" name="excluir" time="126.246"/>
</testsuite> <!-- com.timp.test.BRE.RegrasDeEscrituração.ParametrosGerais.RegrasDeEscrituracaoExcluir -->
