<?xml version="1.0" encoding="UTF-8"?>
<!-- Generated by org.testng.reporters.JUnitReportReporter -->
<<<<<<< HEAD
<testsuite hostname="DESKTOP-C57COV6" failures="0" tests="1" name="com.timp.test.MDR.ParametrosContabilizacao.MapeamentoSubstituiçãoContaEstoqueCenáriosCorreções.MapeamentoSubstituicaoContaEstoqueCenariosCorrecoesCriar" time="174.833" errors="0" timestamp="25 jun. 2021 21:27:45 GMT" skipped="0">
  <testcase classname="com.timp.test.MDR.ParametrosContabilizacao.MapeamentoSubstituiçãoContaEstoqueCenáriosCorreções.MapeamentoSubstituicaoContaEstoqueCenariosCorrecoesCriar" name="criar" time="174.833"/>
=======
<testsuite hostname="DESKTOP-JP1A9E6" failures="0" tests="1" name="com.timp.test.MDR.ParametrosContabilizacao.MapeamentoSubstituiçãoContaEstoqueCenáriosCorreções.MapeamentoSubstituicaoContaEstoqueCenariosCorrecoesCriar" time="103.025" errors="0" timestamp="25 jun. 2021 09:07:19 GMT" skipped="0">
  <testcase classname="com.timp.test.MDR.ParametrosContabilizacao.MapeamentoSubstituiçãoContaEstoqueCenáriosCorreções.MapeamentoSubstituicaoContaEstoqueCenariosCorrecoesCriar" name="criar" time="103.025"/>
>>>>>>> branch 'Yessy' of https://github.com/salc1997/TIMP_R1.git
</testsuite> <!-- com.timp.test.MDR.ParametrosContabilizacao.MapeamentoSubstituiçãoContaEstoqueCenáriosCorreções.MapeamentoSubstituicaoContaEstoqueCenariosCorrecoesCriar -->
