<?xml version="1.0" encoding="UTF-8"?>
<!-- Generated by org.testng.reporters.JUnitReportReporter -->
<testsuite hostname="DESKTOP-C57COV6" failures="0" tests="1" name="com.timp.test.MDR.ValorAdicionado.Municipio.MunicipioExcluir" time="74.337" errors="0" timestamp="25 jun. 2021 08:52:57 GMT" skipped="0">
  <testcase classname="com.timp.test.MDR.ValorAdicionado.Municipio.MunicipioExcluir" name="excluir" time="74.337"/>
</testsuite> <!-- com.timp.test.MDR.ValorAdicionado.Municipio.MunicipioExcluir -->
