<?xml version="1.0" encoding="UTF-8"?>
<!-- Generated by org.testng.reporters.JUnitReportReporter -->
<testsuite hostname="DESKTOP-5P4F1JE" failures="0" tests="2" name="com.timp.test.TBD.AcessarTBD" time="27.073" errors="0" timestamp="21 Dec 2020 00:04:46 GMT">
  <testcase classname="com.timp.test.TBD.AcessarTBD" name="login" time="10.696"/>
  <testcase classname="com.timp.test.TBD.AcessarTBD" name="BSCEntrar" time="16.377"/>
</testsuite> <!-- com.timp.test.TBD.AcessarTBD -->
