<?xml version="1.0" encoding="UTF-8"?>
<!-- Generated by org.testng.reporters.JUnitReportReporter -->
<<<<<<< HEAD
<testsuite hostname="DESKTOP-C57COV6" failures="0" tests="3" name="com.timp.test.DFG.Configuracoes.ConfiguracoesLixeiraExcluir" time="170.016" errors="0" timestamp="13 may. 2021 20:47:32 GMT" skipped="0">
  <testcase classname="com.timp.test.DFG.Configuracoes.ConfiguracoesLixeiraExcluir" name="ingresar" time="7.795"/>
  <testcase classname="com.timp.test.DFG.Configuracoes.ConfiguracoesLixeiraExcluir" name="dfgEntrar" time="22.909"/>
  <testcase classname="com.timp.test.DFG.Configuracoes.ConfiguracoesLixeiraExcluir" name="Lixeria" time="139.312"/>
=======
<testsuite hostname="LAPTOP-IN7IV9K5" failures="0" tests="3" name="com.timp.test.DFG.Configuracoes.ConfiguracoesLixeiraExcluir" time="195.709" errors="0" timestamp="09 jun. 2021 21:01:09 GMT" skipped="0">
  <testcase classname="com.timp.test.DFG.Configuracoes.ConfiguracoesLixeiraExcluir" name="ingresar" time="7.394"/>
  <testcase classname="com.timp.test.DFG.Configuracoes.ConfiguracoesLixeiraExcluir" name="dfgEntrar" time="23.140"/>
  <testcase classname="com.timp.test.DFG.Configuracoes.ConfiguracoesLixeiraExcluir" name="Lixeria" time="165.175"/>
>>>>>>> refs/remotes/origin/Kenssy
</testsuite> <!-- com.timp.test.DFG.Configuracoes.ConfiguracoesLixeiraExcluir -->
