<?xml version="1.0" encoding="UTF-8"?>
<!-- Generated by org.testng.reporters.JUnitReportReporter -->
<testsuite hostname="LAPTOP-EIQG1MUE" failures="0" tests="2" name="com.timp.test.BRB.ExcluirRelatorio" time="123.264" errors="0" timestamp="29 Jul 2021 13:13:24 GMT" skipped="0">
  <testcase classname="com.timp.test.BRB.ExcluirRelatorio" name="eliminarLixeira" time="34.957"/>
  <testcase classname="com.timp.test.BRB.ExcluirRelatorio" name="eliminar" time="88.307"/>
</testsuite> <!-- com.timp.test.BRB.ExcluirRelatorio -->
