<?xml version="1.0" encoding="UTF-8"?>
<!-- Generated by org.testng.reporters.JUnitReportReporter -->
<testsuite hostname="LitoSoler" name="com.timp.test.MDR.AtividadeFiscal.AtividadeFiltro" tests="3" failures="0" timestamp="17 Jul 2020 23:15:56 GMT" time="23.008" errors="0">
  <testcase name="login" time="5.640" classname="com.timp.test.MDR.AtividadeFiscal.AtividadeFiltro"/>
  <testcase name="acessarMDR" time="6.885" classname="com.timp.test.MDR.AtividadeFiscal.AtividadeFiltro"/>
  <testcase name="visualizar" time="10.483" classname="com.timp.test.MDR.AtividadeFiscal.AtividadeFiltro"/>
</testsuite> <!-- com.timp.test.MDR.AtividadeFiscal.AtividadeFiltro -->
