<?xml version="1.0" encoding="UTF-8"?>
<!-- Generated by org.testng.reporters.JUnitReportReporter -->
<testsuite hostname="DESKTOP-BNBDMGT" failures="0" tests="3" name="com.timp.test.TBD.Configuração.TipoDeDocumento.FiltroPorID" time="37.463" errors="0" timestamp="27 abr. 2021 15:46:23 GMT" skipped="0">
  <testcase classname="com.timp.test.TBD.Configuração.TipoDeDocumento.FiltroPorID" name="login" time="9.301"/>
  <testcase classname="com.timp.test.TBD.Configuração.TipoDeDocumento.FiltroPorID" name="acessarTCC" time="15.717"/>
  <testcase classname="com.timp.test.TBD.Configuração.TipoDeDocumento.FiltroPorID" name="filtro" time="12.445"/>
</testsuite> <!-- com.timp.test.TBD.Configuração.TipoDeDocumento.FiltroPorID -->
