<?xml version="1.0" encoding="UTF-8"?>
<!-- Generated by org.testng.reporters.JUnitReportReporter -->
<testsuite hostname="MIGUEL" failures="0" tests="2" name="com.timp.test.AcessarTAA" time="31.175" errors="0" timestamp="16 Dec 2020 17:04:20 GMT">
  <testcase classname="com.timp.test.AcessarTAA" name="login" time="7.733"/>
  <testcase classname="com.timp.test.AcessarTAA" name="taaEntrar" time="23.442"/>
</testsuite> <!-- com.timp.test.AcessarTAA -->
