<?xml version="1.0" encoding="UTF-8"?>
<!-- Generated by org.testng.reporters.JUnitReportReporter -->
<testsuite hostname="LitoSoler" name="com.timp.test.MDR.Bairro.BairroEliminar" tests="3" failures="0" timestamp="17 Jul 2020 21:54:52 GMT" time="69.239" errors="0">
  <testcase name="acessarMDR" time="20.050" classname="com.timp.test.MDR.Bairro.BairroEliminar"/>
  <testcase name="login" time="6.559" classname="com.timp.test.MDR.Bairro.BairroEliminar"/>
  <testcase name="eliminar" time="42.630" classname="com.timp.test.MDR.Bairro.BairroEliminar"/>
</testsuite> <!-- com.timp.test.MDR.Bairro.BairroEliminar -->
