<?xml version="1.0" encoding="UTF-8"?>
<!-- Generated by org.testng.reporters.JUnitReportReporter -->
<testsuite hostname="LAPTOP-EIQG1MUE" failures="0" tests="1" name="com.timp.test.MDR.TabelasComplementaresParaObrigaçoesAcessorias.TabelaDeCodigoDaReceitas.TabelaDeCodigosDeReceitasExcluirEmMassa" time="157.294" errors="0" timestamp="21 Jul 2021 16:34:45 GMT" skipped="0">
  <testcase classname="com.timp.test.MDR.TabelasComplementaresParaObrigaçoesAcessorias.TabelaDeCodigoDaReceitas.TabelaDeCodigosDeReceitasExcluirEmMassa" name="criar" time="157.294"/>
</testsuite> <!-- com.timp.test.MDR.TabelasComplementaresParaObrigaçoesAcessorias.TabelaDeCodigoDaReceitas.TabelaDeCodigosDeReceitasExcluirEmMassa -->
