<?xml version="1.0" encoding="UTF-8"?>
<!-- Generated by org.testng.reporters.JUnitReportReporter -->
<testsuite hostname="DESKTOP-BNBDMGT" failures="0" tests="7" name="com.timp.test.CALENDAR.Tarefas.TarefasAdicionarComentário" time="360.142" errors="0" timestamp="06 abr. 2021 00:56:44 GMT" skipped="0">
  <testcase classname="com.timp.test.CALENDAR.Tarefas.TarefasAdicionarComentário" name="login" time="8.029"/>
  <testcase classname="com.timp.test.CALENDAR.Tarefas.TarefasAdicionarComentário" name="TFPEntrar" time="22.696"/>
  <testcase classname="com.timp.test.CALENDAR.Tarefas.TarefasAdicionarComentário" name="irTFP" time="62.158"/>
  <testcase classname="com.timp.test.CALENDAR.Tarefas.TarefasAdicionarComentário" name="CalendarioEntrar" time="29.372"/>
  <testcase classname="com.timp.test.CALENDAR.Tarefas.TarefasAdicionarComentário" name="irCalendario" time="122.017"/>
  <testcase classname="com.timp.test.CALENDAR.Tarefas.TarefasAdicionarComentário" name="BPMAEntrar2" time="13.053"/>
  <testcase classname="com.timp.test.CALENDAR.Tarefas.TarefasAdicionarComentário" name="Lixeria" time="102.817"/>
</testsuite> <!-- com.timp.test.CALENDAR.Tarefas.TarefasAdicionarComentário -->
