<?xml version="1.0" encoding="UTF-8"?>
<!-- Generated by org.testng.reporters.JUnitReportReporter -->
<testsuite hostname="LAPTOP-EIQG1MUE" failures="0" tests="3" name="com.timp.test.BRB.FiltrosRelatorio" time="300.187" errors="0" timestamp="29 Jul 2021 08:34:33 GMT" skipped="0">
  <testcase classname="com.timp.test.BRB.FiltrosRelatorio" name="CasignarValores" time="23.943"/>
  <testcase classname="com.timp.test.BRB.FiltrosRelatorio" name="BfiltrosBiblioteca" time="61.749"/>
  <testcase classname="com.timp.test.BRB.FiltrosRelatorio" name="AfiltrosEditor" time="214.495"/>
</testsuite> <!-- com.timp.test.BRB.FiltrosRelatorio -->
