<?xml version="1.0" encoding="UTF-8"?>
<!-- Generated by org.testng.reporters.JUnitReportReporter -->
<testsuite hostname="LitoSoler" name="com.timp.test.MDR.DEREXInstituicao.InstitucaoVisualizar" tests="3" failures="0" timestamp="17 Jul 2020 19:15:26 GMT" time="35.481" errors="0">
  <testcase name="login" time="7.119" classname="com.timp.test.MDR.DEREXInstituicao.InstitucaoVisualizar"/>
  <testcase name="visualizar" time="20.107" classname="com.timp.test.MDR.DEREXInstituicao.InstitucaoVisualizar"/>
  <testcase name="acessarMDR" time="8.255" classname="com.timp.test.MDR.DEREXInstituicao.InstitucaoVisualizar"/>
</testsuite> <!-- com.timp.test.MDR.DEREXInstituicao.InstitucaoVisualizar -->
