<?xml version="1.0" encoding="UTF-8"?>
<!-- Generated by org.testng.reporters.JUnitReportReporter -->
<testsuite hostname="MIGUEL" failures="0" tests="3" name="com.timp.test.MDR.EventosESocial.S1250AquisicaoDeProducaoRural.S1250AquisicaoDeProducaoRural.S1250InfProcJudicialExcluir" time="87.174" errors="0" timestamp="7 Jan 2021 20:24:51 GMT">
  <testcase classname="com.timp.test.MDR.EventosESocial.S1250AquisicaoDeProducaoRural.S1250AquisicaoDeProducaoRural.S1250InfProcJudicialExcluir" name="excluir" time="64.783"/>
  <testcase classname="com.timp.test.MDR.EventosESocial.S1250AquisicaoDeProducaoRural.S1250AquisicaoDeProducaoRural.S1250InfProcJudicialExcluir" name="login" time="10.749"/>
  <testcase classname="com.timp.test.MDR.EventosESocial.S1250AquisicaoDeProducaoRural.S1250AquisicaoDeProducaoRural.S1250InfProcJudicialExcluir" name="acessarMDR" time="11.642"/>
</testsuite> <!-- com.timp.test.MDR.EventosESocial.S1250AquisicaoDeProducaoRural.S1250AquisicaoDeProducaoRural.S1250InfProcJudicialExcluir -->
