<?xml version="1.0" encoding="UTF-8"?>
<!-- Generated by org.testng.reporters.JUnitReportReporter -->
<testsuite hostname="LAPTOP-IN7IV9K5" failures="0" tests="1" name="com.timp.test.TCC.BancoDeCreditoExtemporaneo.PainelBCE.ConfiguracaoEExecucao.PainelBCEConfiguracaoeExecucaoExcluir" time="134.693" errors="0" timestamp="01 jul. 2021 16:42:50 GMT" skipped="0">
  <testcase classname="com.timp.test.TCC.BancoDeCreditoExtemporaneo.PainelBCE.ConfiguracaoEExecucao.PainelBCEConfiguracaoeExecucaoExcluir" name="excluir" time="134.693"/>
</testsuite> <!-- com.timp.test.TCC.BancoDeCreditoExtemporaneo.PainelBCE.ConfiguracaoEExecucao.PainelBCEConfiguracaoeExecucaoExcluir -->
