<?xml version="1.0" encoding="UTF-8"?>
<!-- Generated by org.testng.reporters.JUnitReportReporter -->
<testsuite hostname="DESKTOP-C57COV6" failures="0" tests="3" name="com.timp.test.TDK.Kpis.KpisPublicos.KpisLixeiraEmMassa" time="318.083" errors="0" timestamp="03 jul. 2021 06:33:54 GMT" skipped="0">
  <testcase classname="com.timp.test.TDK.Kpis.KpisPublicos.KpisLixeiraEmMassa" name="comparar" time="20.485"/>
  <testcase classname="com.timp.test.TDK.Kpis.KpisPublicos.KpisLixeiraEmMassa" name="criar" time="230.883"/>
  <testcase classname="com.timp.test.TDK.Kpis.KpisPublicos.KpisLixeiraEmMassa" name="excluirEmMassa" time="66.715"/>
</testsuite> <!-- com.timp.test.TDK.Kpis.KpisPublicos.KpisLixeiraEmMassa -->
