<?xml version="1.0" encoding="UTF-8"?>
<!-- Generated by org.testng.reporters.JUnitReportReporter -->
<testsuite hostname="LAPTOP-EIQG1MUE" failures="0" tests="1" name="com.timp.test.MDR.Siscoserv.Enquadramento.EnquadramentoExcluirMassa" time="178.918" errors="0" timestamp="23 Jul 2021 11:49:50 GMT" skipped="0">
  <testcase classname="com.timp.test.MDR.Siscoserv.Enquadramento.EnquadramentoExcluirMassa" name="criar" time="178.918"/>
</testsuite> <!-- com.timp.test.MDR.Siscoserv.Enquadramento.EnquadramentoExcluirMassa -->
