<?xml version="1.0" encoding="UTF-8"?>
<!-- Generated by org.testng.reporters.JUnitReportReporter -->
<testsuite hostname="LAPTOP-EIQG1MUE" failures="0" tests="2" name="com.timp.test.MDR.CenariosCorrecao.CenariosCorrecaoExcluirMassa" time="199.992" errors="0" timestamp="20 Jul 2021 07:25:15 GMT" skipped="0">
  <testcase classname="com.timp.test.MDR.CenariosCorrecao.CenariosCorrecaoExcluirMassa" name="criar" time="154.709"/>
  <testcase classname="com.timp.test.MDR.CenariosCorrecao.CenariosCorrecaoExcluirMassa" name="excluirMassa" time="45.283"/>
</testsuite> <!-- com.timp.test.MDR.CenariosCorrecao.CenariosCorrecaoExcluirMassa -->
