<?xml version="1.0" encoding="UTF-8"?>
<!-- Generated by org.testng.reporters.JUnitReportReporter -->
<testsuite hostname="LAPTOP-IN7IV9K5" failures="0" tests="1" name="com.timp.test.ATR.Estruturas.MapeamentoDeParametrosDeEntrada.MapeamentoDeParametrosDeEntradaExcluir" time="56.891" errors="0" timestamp="25 jun. 2021 08:17:53 GMT" skipped="0">
  <testcase classname="com.timp.test.ATR.Estruturas.MapeamentoDeParametrosDeEntrada.MapeamentoDeParametrosDeEntradaExcluir" name="Excluir" time="56.891"/>
</testsuite> <!-- com.timp.test.ATR.Estruturas.MapeamentoDeParametrosDeEntrada.MapeamentoDeParametrosDeEntradaExcluir -->
