<?xml version="1.0" encoding="UTF-8"?>
<!-- Generated by org.testng.reporters.JUnitReportReporter -->
<testsuite hostname="LAPTOP-EIQG1MUE" failures="0" tests="1" name="com.timp.test.BCB.ParametrosGeraisHierarquia.Hierarquia.ParametrosGeraisHierarquiaCriar" time="118.719" errors="0" timestamp="30 Jul 2021 12:30:25 GMT" skipped="0">
  <testcase classname="com.timp.test.BCB.ParametrosGeraisHierarquia.Hierarquia.ParametrosGeraisHierarquiaCriar" name="criarConfiguracaoHierarquia" time="118.719"/>
</testsuite> <!-- com.timp.test.BCB.ParametrosGeraisHierarquia.Hierarquia.ParametrosGeraisHierarquiaCriar -->
