<?xml version="1.0" encoding="UTF-8"?>
<!-- Generated by org.testng.reporters.JUnitReportReporter -->
<testsuite hostname="CRISTHIAN-VASQUEZ" failures="0" tests="3" name="com.timp.test.BRE.RegrasDeMensagens.RegraDeMensagensCriar" time="122.288" errors="0" timestamp="19 feb. 2021 19:16:45 GMT" skipped="0">
  <testcase classname="com.timp.test.BRE.RegrasDeMensagens.RegraDeMensagensCriar" name="login" time="7.149"/>
  <testcase classname="com.timp.test.BRE.RegrasDeMensagens.RegraDeMensagensCriar" name="acessarBRE" time="17.359"/>
  <testcase classname="com.timp.test.BRE.RegrasDeMensagens.RegraDeMensagensCriar" name="criar" time="97.780"/>
</testsuite> <!-- com.timp.test.BRE.RegrasDeMensagens.RegraDeMensagensCriar -->
