<?xml version="1.0" encoding="UTF-8"?>
<!-- Generated by org.testng.reporters.JUnitReportReporter -->
<testsuite hostname="DESKTOP-BNBDMGT" failures="0" tests="3" name="com.timp.test.BRE.RegrasDeNegocio.RegrasDeNegocioCriar" time="204.023" errors="0" timestamp="15 Feb 2021 21:12:19 GMT">
  <testcase classname="com.timp.test.BRE.RegrasDeNegocio.RegrasDeNegocioCriar" name="login" time="6.601"/>
  <testcase classname="com.timp.test.BRE.RegrasDeNegocio.RegrasDeNegocioCriar" name="acessarBRE" time="18.487"/>
  <testcase classname="com.timp.test.BRE.RegrasDeNegocio.RegrasDeNegocioCriar" name="criar" time="178.935"/>
</testsuite> <!-- com.timp.test.BRE.RegrasDeNegocio.RegrasDeNegocioCriar -->
