<?xml version="1.0" encoding="UTF-8"?>
<!-- Generated by org.testng.reporters.JUnitReportReporter -->
<testsuite hostname="LAPTOP-IN7IV9K5" failures="0" tests="9" name="com.timp.test.CALENDAR.TarefasMultiplasEstagios" time="572.738" errors="0" timestamp="25 feb. 2021 06:41:38 GMT" skipped="0">
  <testcase classname="com.timp.test.CALENDAR.TarefasMultiplasEstagios" name="login" time="6.946"/>
  <testcase classname="com.timp.test.CALENDAR.TarefasMultiplasEstagios" name="BPMAEntrar" time="13.683"/>
  <testcase classname="com.timp.test.CALENDAR.TarefasMultiplasEstagios" name="criar" time="348.165"/>
  <testcase classname="com.timp.test.CALENDAR.TarefasMultiplasEstagios" name="TFPEntrar" time="15.783"/>
  <testcase classname="com.timp.test.CALENDAR.TarefasMultiplasEstagios" name="irTFP" time="57.762"/>
  <testcase classname="com.timp.test.CALENDAR.TarefasMultiplasEstagios" name="CalendarioEntrar" time="15.783"/>
  <testcase classname="com.timp.test.CALENDAR.TarefasMultiplasEstagios" name="irCalendario" time="27.626"/>
  <testcase classname="com.timp.test.CALENDAR.TarefasMultiplasEstagios" name="BPMAEntrarDeNuevo" time="10.789"/>
  <testcase classname="com.timp.test.CALENDAR.TarefasMultiplasEstagios" name="lixeiraProcesoNegocio" time="76.201"/>
</testsuite> <!-- com.timp.test.CALENDAR.TarefasMultiplasEstagios -->
