<?xml version="1.0" encoding="UTF-8"?>
<!-- Generated by org.testng.reporters.JUnitReportReporter -->
<testsuite hostname="DESKTOP-BNBDMGT" failures="0" tests="3" name="com.timp.test.CALENDAR.Tarefas.TarefaManual" time="77.142" errors="0" timestamp="05 abr. 2021 20:35:45 GMT" skipped="0">
  <testcase classname="com.timp.test.CALENDAR.Tarefas.TarefaManual" name="login" time="11.749"/>
  <testcase classname="com.timp.test.CALENDAR.Tarefas.TarefaManual" name="acessarCalendar" time="22.429"/>
  <testcase classname="com.timp.test.CALENDAR.Tarefas.TarefaManual" name="Calendar" time="42.964"/>
</testsuite> <!-- com.timp.test.CALENDAR.Tarefas.TarefaManual -->
