<?xml version="1.0" encoding="UTF-8"?>
<!-- Generated by org.testng.reporters.JUnitReportReporter -->
<testsuite hostname="DESKTOP-C57COV6" failures="0" tests="2" name="com.timp.test.TDK.Kpis.Lixeira.KpisLixeiraExcluirEmMassa" time="121.918" errors="0" timestamp="03 jul. 2021 06:39:13 GMT" skipped="0">
  <testcase classname="com.timp.test.TDK.Kpis.Lixeira.KpisLixeiraExcluirEmMassa" name="comparar" time="63.552"/>
  <testcase classname="com.timp.test.TDK.Kpis.Lixeira.KpisLixeiraExcluirEmMassa" name="excluir" time="58.366"/>
</testsuite> <!-- com.timp.test.TDK.Kpis.Lixeira.KpisLixeiraExcluirEmMassa -->
