<?xml version="1.0" encoding="UTF-8"?>
<!-- Generated by org.testng.reporters.JUnitReportReporter -->
<testsuite hostname="DESKTOP-BNBDMGT" failures="0" tests="3" name="com.timp.test.CALENDAR.Tarefas.TarefasExecutarRelatorioBCB" time="145.038" errors="0" timestamp="06 abr. 2021 05:30:31 GMT" skipped="0">
  <testcase classname="com.timp.test.CALENDAR.Tarefas.TarefasExecutarRelatorioBCB" name="login" time="15.830"/>
  <testcase classname="com.timp.test.CALENDAR.Tarefas.TarefasExecutarRelatorioBCB" name="acessarCalendar" time="34.743"/>
  <testcase classname="com.timp.test.CALENDAR.Tarefas.TarefasExecutarRelatorioBCB" name="CalendarEntrar" time="94.465"/>
</testsuite> <!-- com.timp.test.CALENDAR.Tarefas.TarefasExecutarRelatorioBCB -->
