<?xml version="1.0" encoding="UTF-8"?>
<!-- Generated by org.testng.reporters.JUnitReportReporter -->
<testsuite hostname="LitoSoler" name="com.timp.test.MDR.DEREXInstituicao.InstituicaoEditar" tests="3" failures="0" timestamp="17 Jul 2020 16:16:30 GMT" time="81.505" errors="0">
  <testcase name="login" time="7.172" classname="com.timp.test.MDR.DEREXInstituicao.InstituicaoEditar"/>
  <testcase name="editar" time="65.554" classname="com.timp.test.MDR.DEREXInstituicao.InstituicaoEditar"/>
  <testcase name="acessarMDR" time="8.779" classname="com.timp.test.MDR.DEREXInstituicao.InstituicaoEditar"/>
</testsuite> <!-- com.timp.test.MDR.DEREXInstituicao.InstituicaoEditar -->
