<?xml version="1.0" encoding="UTF-8"?>
<!-- Generated by org.testng.reporters.JUnitReportReporter -->
<<<<<<< HEAD
<testsuite hostname="DESKTOP-C57COV6" failures="0" tests="11" name="com.timp.test.DFG.Arquivos.Funcionalidades" time="540.421" errors="0" timestamp="13 may. 2021 19:41:09 GMT" skipped="0">
  <testcase classname="com.timp.test.DFG.Arquivos.Funcionalidades" name="ingresar" time="7.840"/>
  <testcase classname="com.timp.test.DFG.Arquivos.Funcionalidades" name="dfgEntrar" time="16.824"/>
  <testcase classname="com.timp.test.DFG.Arquivos.Funcionalidades" name="criarNovoLeiaute" time="94.241"/>
  <testcase classname="com.timp.test.DFG.Arquivos.Funcionalidades" name="registros" time="46.756"/>
  <testcase classname="com.timp.test.DFG.Arquivos.Funcionalidades" name="criarConfiguracao" time="78.749"/>
  <testcase classname="com.timp.test.DFG.Arquivos.Funcionalidades" name="executar" time="102.727"/>
  <testcase classname="com.timp.test.DFG.Arquivos.Funcionalidades" name="idPublicoPrivado" time="30.983"/>
  <testcase classname="com.timp.test.DFG.Arquivos.Funcionalidades" name="favorito" time="42.175"/>
  <testcase classname="com.timp.test.DFG.Arquivos.Funcionalidades" name="informacao" time="8.969"/>
  <testcase classname="com.timp.test.DFG.Arquivos.Funcionalidades" name="oficializarArquivo" time="27.722"/>
  <testcase classname="com.timp.test.DFG.Arquivos.Funcionalidades" name="lixeira" time="83.435"/>
=======
<testsuite hostname="LAPTOP-IN7IV9K5" failures="0" tests="11" name="com.timp.test.DFG.Arquivos.Funcionalidades" time="723.983" errors="0" timestamp="14 jun. 2021 04:37:17 GMT" skipped="0">
  <testcase classname="com.timp.test.DFG.Arquivos.Funcionalidades" name="ingresar" time="7.998"/>
  <testcase classname="com.timp.test.DFG.Arquivos.Funcionalidades" name="dfgEntrar" time="25.125"/>
  <testcase classname="com.timp.test.DFG.Arquivos.Funcionalidades" name="criarNovoLeiaute" time="109.231"/>
  <testcase classname="com.timp.test.DFG.Arquivos.Funcionalidades" name="registros" time="63.161"/>
  <testcase classname="com.timp.test.DFG.Arquivos.Funcionalidades" name="criarConfiguracao" time="127.240"/>
  <testcase classname="com.timp.test.DFG.Arquivos.Funcionalidades" name="executar" time="147.631"/>
  <testcase classname="com.timp.test.DFG.Arquivos.Funcionalidades" name="idPublicoPrivado" time="36.001"/>
  <testcase classname="com.timp.test.DFG.Arquivos.Funcionalidades" name="favorito" time="42.951"/>
  <testcase classname="com.timp.test.DFG.Arquivos.Funcionalidades" name="informacao" time="8.919"/>
  <testcase classname="com.timp.test.DFG.Arquivos.Funcionalidades" name="oficializarArquivo" time="34.394"/>
  <testcase classname="com.timp.test.DFG.Arquivos.Funcionalidades" name="lixeira" time="121.332"/>
>>>>>>> refs/remotes/origin/Kenssy
</testsuite> <!-- com.timp.test.DFG.Arquivos.Funcionalidades -->
