<?xml version="1.0" encoding="UTF-8"?>
<!-- Generated by org.testng.reporters.JUnitReportReporter -->
<testsuite hostname="LAPTOP-EIQG1MUE" failures="0" tests="2" name="com.timp.test.MDR.CadastroDerex.InstituicaoFinanceira.InstituicaoExcluirMasas" time="351.838" errors="0" timestamp="19 Jul 2021 15:55:22 GMT" skipped="0">
  <testcase classname="com.timp.test.MDR.CadastroDerex.InstituicaoFinanceira.InstituicaoExcluirMasas" name="criar" time="292.387"/>
  <testcase classname="com.timp.test.MDR.CadastroDerex.InstituicaoFinanceira.InstituicaoExcluirMasas" name="excluir" time="59.451"/>
</testsuite> <!-- com.timp.test.MDR.CadastroDerex.InstituicaoFinanceira.InstituicaoExcluirMasas -->
