<?xml version="1.0" encoding="UTF-8"?>
<!-- Generated by org.testng.reporters.JUnitReportReporter -->
<testsuite hostname="LAPTOP-EIQG1MUE" failures="0" tests="1" name="com.timp.test.MDR.SaldoInicialDiferido.SaldoInicialDiferidoFiltroID" time="68.489" errors="0" timestamp="24 Jul 2021 09:28:55 GMT" skipped="0">
  <testcase classname="com.timp.test.MDR.SaldoInicialDiferido.SaldoInicialDiferidoFiltroID" name="filtro" time="68.489"/>
</testsuite> <!-- com.timp.test.MDR.SaldoInicialDiferido.SaldoInicialDiferidoFiltroID -->
