<?xml version="1.0" encoding="UTF-8"?>
<!-- Generated by org.testng.reporters.JUnitReportReporter -->
<testsuite hostname="LAPTOP-EIQG1MUE" failures="0" tests="1" name="com.timp.test.BRE.CalculoDeTributos.Edicao.CalculoDeTributosFiltrosAvansados" time="61.372" errors="0" timestamp="26 Jul 2021 07:03:49 GMT" skipped="0">
  <testcase classname="com.timp.test.BRE.CalculoDeTributos.Edicao.CalculoDeTributosFiltrosAvansados" name="Filtro" time="61.372"/>
</testsuite> <!-- com.timp.test.BRE.CalculoDeTributos.Edicao.CalculoDeTributosFiltrosAvansados -->
