<?xml version="1.0" encoding="UTF-8"?>
<!-- Generated by org.testng.reporters.JUnitReportReporter -->
<testsuite hostname="DESKTOP-5P4F1JE" failures="0" tests="3" name="com.timp.test.TDK.Kpis.KpisFiltroPorId" time="58.689" errors="0" timestamp="21 Jan 2021 12:35:10 GMT">
  <testcase classname="com.timp.test.TDK.Kpis.KpisFiltroPorId" name="login" time="8.995"/>
  <testcase classname="com.timp.test.TDK.Kpis.KpisFiltroPorId" name="acessarTDK" time="24.452"/>
  <testcase classname="com.timp.test.TDK.Kpis.KpisFiltroPorId" name="filtro" time="25.242"/>
</testsuite> <!-- com.timp.test.TDK.Kpis.KpisFiltroPorId -->
