<?xml version="1.0" encoding="UTF-8"?>
<<<<<<< HEAD
<!-- Generated by org.testng.reporters.JUnitReportReporter -->
<testsuite hostname="LAPTOP-IN7IV9K5" failures="0" tests="3" name="com.timp.test.SCANC.ArquivosImportados.ArquivosImportadosInformacao" time="157.525" errors="0" timestamp="11 mar. 2021 15:28:47 GMT" skipped="0">
  <testcase classname="com.timp.test.SCANC.ArquivosImportados.ArquivosImportadosInformacao" name="ingresar" time="7.155"/>
  <testcase classname="com.timp.test.SCANC.ArquivosImportados.ArquivosImportadosInformacao" name="scancEntrar" time="26.096"/>
  <testcase classname="com.timp.test.SCANC.ArquivosImportados.ArquivosImportadosInformacao" name="informacao" time="124.274"/>
=======
<!-- Generated by org.testng.reporters.JUnitReportReporter -->
<testsuite hostname="LAPTOP-IN7IV9K5" failures="0" tests="3" name="com.timp.test.SCANC.ArquivosImportados.ArquivosImportadosInformacao" time="157.735" errors="0" timestamp="19 mar. 2021 19:11:13 GMT" skipped="0">
  <testcase classname="com.timp.test.SCANC.ArquivosImportados.ArquivosImportadosInformacao" name="ingresar" time="7.370"/>
  <testcase classname="com.timp.test.SCANC.ArquivosImportados.ArquivosImportadosInformacao" name="scancEntrar" time="26.210"/>
  <testcase classname="com.timp.test.SCANC.ArquivosImportados.ArquivosImportadosInformacao" name="informacao" time="124.155"/>
>>>>>>> refs/remotes/origin/Kenssy
</testsuite> <!-- com.timp.test.SCANC.ArquivosImportados.ArquivosImportadosInformacao -->
