<?xml version="1.0" encoding="UTF-8"?>
<!-- Generated by org.testng.reporters.JUnitReportReporter -->
<testsuite hostname="LAPTOP-IN7IV9K5" failures="0" tests="3" name="com.timp.test.BRE.RegrasDeEscrituração.RegrasDeEscrituraçãoEditar" time="204.659" errors="0" timestamp="19 feb. 2021 21:47:20 GMT" skipped="0">
  <testcase classname="com.timp.test.BRE.RegrasDeEscrituração.RegrasDeEscrituraçãoEditar" name="login" time="7.255"/>
  <testcase classname="com.timp.test.BRE.RegrasDeEscrituração.RegrasDeEscrituraçãoEditar" name="acessarBRE" time="19.044"/>
  <testcase classname="com.timp.test.BRE.RegrasDeEscrituração.RegrasDeEscrituraçãoEditar" name="criar" time="178.360"/>
</testsuite> <!-- com.timp.test.BRE.RegrasDeEscrituração.RegrasDeEscrituraçãoEditar -->
