<?xml version="1.0" encoding="UTF-8"?>
<!-- Generated by org.testng.reporters.JUnitReportReporter -->
<testsuite hostname="MIGUEL" failures="0" tests="2" name="com.timp.test.SCANC.AcessarSCANC" time="35.762" errors="0" timestamp="30 Nov 2020 15:32:14 GMT">
  <testcase classname="com.timp.test.SCANC.AcessarSCANC" name="login" time="8.218"/>
  <testcase classname="com.timp.test.SCANC.AcessarSCANC" name="scancEntrar" time="27.544"/>
</testsuite> <!-- com.timp.test.SCANC.AcessarSCANC -->
