<?xml version="1.0" encoding="UTF-8"?>
<!-- Generated by org.testng.reporters.JUnitReportReporter -->
<testsuite hostname="DESKTOP-BNBDMGT" failures="0" tests="3" name="com.timp.test.CALENDAR.Tarefas.TarefasVisualizarExecucaoBCB" time="156.699" errors="0" timestamp="12 abr. 2021 19:51:28 GMT" skipped="0">
  <testcase classname="com.timp.test.CALENDAR.Tarefas.TarefasVisualizarExecucaoBCB" name="login" time="32.854"/>
  <testcase classname="com.timp.test.CALENDAR.Tarefas.TarefasVisualizarExecucaoBCB" name="acessarCalendar" time="29.060"/>
  <testcase classname="com.timp.test.CALENDAR.Tarefas.TarefasVisualizarExecucaoBCB" name="CalendarEntrar" time="94.785"/>
</testsuite> <!-- com.timp.test.CALENDAR.Tarefas.TarefasVisualizarExecucaoBCB -->
