<?xml version="1.0" encoding="UTF-8"?>
<!-- Generated by org.testng.reporters.JUnitReportReporter -->
<testsuite hostname="DESKTOP-C57COV6" failures="0" tests="3" name="com.timp.test.TFP.Configurações.Status.SubPeriodo.ConfiguracoesStatusSubPeriodoEditar" time="112.851" errors="0" timestamp="23 abr. 2021 04:00:34 GMT" skipped="0">
  <testcase classname="com.timp.test.TFP.Configurações.Status.SubPeriodo.ConfiguracoesStatusSubPeriodoEditar" name="login" time="7.197"/>
  <testcase classname="com.timp.test.TFP.Configurações.Status.SubPeriodo.ConfiguracoesStatusSubPeriodoEditar" name="TFPEntrar" time="35.805"/>
  <testcase classname="com.timp.test.TFP.Configurações.Status.SubPeriodo.ConfiguracoesStatusSubPeriodoEditar" name="editar" time="69.849"/>
</testsuite> <!-- com.timp.test.TFP.Configurações.Status.SubPeriodo.ConfiguracoesStatusSubPeriodoEditar -->
