<?xml version="1.0" encoding="UTF-8"?>
<!-- Generated by org.testng.reporters.JUnitReportReporter -->
<testsuite hostname="LAPTOP-EIQG1MUE" failures="0" tests="2" name="com.timp.test.MDR.TabelasApoioESocial.Tabela22.CompatibilidadeEntreFPASExcluirEnMasa" time="172.642" errors="0" timestamp="25 Jul 2021 17:18:19 GMT" skipped="0">
  <testcase classname="com.timp.test.MDR.TabelasApoioESocial.Tabela22.CompatibilidadeEntreFPASExcluirEnMasa" name="excluir" time="31.280"/>
  <testcase classname="com.timp.test.MDR.TabelasApoioESocial.Tabela22.CompatibilidadeEntreFPASExcluirEnMasa" name="criar" time="141.362"/>
</testsuite> <!-- com.timp.test.MDR.TabelasApoioESocial.Tabela22.CompatibilidadeEntreFPASExcluirEnMasa -->
