<?xml version="1.0" encoding="UTF-8"?>
<!-- Generated by org.testng.reporters.JUnitReportReporter -->
<testsuite hostname="LAPTOP-EIQG1MUE" failures="0" tests="1" name="com.timp.test.BRB.AgrupadoPeloCampo" time="185.101" errors="0" timestamp="29 Jul 2021 10:00:18 GMT" skipped="0">
  <testcase classname="com.timp.test.BRB.AgrupadoPeloCampo" name="agrupadoPeloCampo" time="185.101"/>
</testsuite> <!-- com.timp.test.BRB.AgrupadoPeloCampo -->
