<?xml version="1.0" encoding="UTF-8"?>
<!-- Generated by org.testng.reporters.JUnitReportReporter -->
<testsuite hostname="DESKTOP-HB7TMPD" failures="0" tests="3" name="com.timp.test.MDR.TabelaApoioECD.EliminacoesDaConsolidacao.EliminacoesDaConsolidacaoDetalhes" time="59.897" errors="0" timestamp="30 Oct 2020 00:27:33 GMT">
  <testcase classname="com.timp.test.MDR.TabelaApoioECD.EliminacoesDaConsolidacao.EliminacoesDaConsolidacaoDetalhes" name="detalheElimacoeDaConsolidacao" time="41.331"/>
  <testcase classname="com.timp.test.MDR.TabelaApoioECD.EliminacoesDaConsolidacao.EliminacoesDaConsolidacaoDetalhes" name="mdrEntrar" time="10.322"/>
  <testcase classname="com.timp.test.MDR.TabelaApoioECD.EliminacoesDaConsolidacao.EliminacoesDaConsolidacaoDetalhes" name="ingresar" time="8.244"/>
</testsuite> <!-- com.timp.test.MDR.TabelaApoioECD.EliminacoesDaConsolidacao.EliminacoesDaConsolidacaoDetalhes -->
