<?xml version="1.0" encoding="UTF-8"?>
<!-- Generated by org.testng.reporters.JUnitReportReporter -->
<testsuite hostname="DESKTOP-BNBDMGT" failures="0" tests="2" name="com.timp.test.CALENDAR.AcessarCalendar" time="24.467" errors="0" timestamp="05 abr. 2021 13:37:18 GMT" skipped="0">
  <testcase classname="com.timp.test.CALENDAR.AcessarCalendar" name="login" time="7.358"/>
  <testcase classname="com.timp.test.CALENDAR.AcessarCalendar" name="CalendarEntrar" time="17.109"/>
</testsuite> <!-- com.timp.test.CALENDAR.AcessarCalendar -->
