<?xml version="1.0" encoding="UTF-8"?>
<!-- Generated by org.testng.reporters.JUnitReportReporter -->
<testsuite hostname="MIGUEL" failures="0" tests="3" name="com.timp.test.ATR.CopiaEstruturas.CopiaGrupoDeEstruturas.GrupoDeEstruturasExcluir" time="56.982" errors="0" timestamp="16 mar. 2021 06:40:19 GMT" skipped="0">
  <testcase classname="com.timp.test.ATR.CopiaEstruturas.CopiaGrupoDeEstruturas.GrupoDeEstruturasExcluir" name="login" time="8.598"/>
  <testcase classname="com.timp.test.ATR.CopiaEstruturas.CopiaGrupoDeEstruturas.GrupoDeEstruturasExcluir" name="ATREntrar" time="14.496"/>
  <testcase classname="com.timp.test.ATR.CopiaEstruturas.CopiaGrupoDeEstruturas.GrupoDeEstruturasExcluir" name="criar" time="33.888"/>
</testsuite> <!-- com.timp.test.ATR.CopiaEstruturas.CopiaGrupoDeEstruturas.GrupoDeEstruturasExcluir -->
