<?xml version="1.0" encoding="UTF-8"?>
<!-- Generated by org.testng.reporters.JUnitReportReporter -->
<testsuite hostname="LAPTOP-EIQG1MUE" failures="0" tests="1" name="com.timp.test.BRB.CriarComCopia" time="181.611" errors="0" timestamp="29 Jul 2021 08:39:07 GMT" skipped="0">
  <testcase classname="com.timp.test.BRB.CriarComCopia" name="criarCopia" time="181.611"/>
</testsuite> <!-- com.timp.test.BRB.CriarComCopia -->
