<?xml version="1.0" encoding="UTF-8"?>
<!-- Generated by org.testng.reporters.JUnitReportReporter -->
<testsuite hostname="LAPTOP-IN7IV9K5" failures="0" tests="2" name="com.timp.test.MDR.CEP.Logradouro.LogradouroExcluirMassa" time="130.408" errors="0" timestamp="23 abr. 2021 17:49:11 GMT" skipped="0">
  <testcase classname="com.timp.test.MDR.CEP.Logradouro.LogradouroExcluirMassa" name="excluirMassa" time="40.882"/>
  <testcase classname="com.timp.test.MDR.CEP.Logradouro.LogradouroExcluirMassa" name="criar" time="89.526"/>
</testsuite> <!-- com.timp.test.MDR.CEP.Logradouro.LogradouroExcluirMassa -->
