<?xml version="1.0" encoding="UTF-8"?>
<!-- Generated by org.testng.reporters.JUnitReportReporter -->
<testsuite hostname="DESKTOP-C57COV6" failures="0" tests="3" name="com.timp.test.BPMA.ProcessodeNegocio.GatewayEvento" time="308.655" errors="0" timestamp="12 may. 2021 23:14:46 GMT" skipped="0">
  <testcase classname="com.timp.test.BPMA.ProcessodeNegocio.GatewayEvento" name="login" time="9.924"/>
  <testcase classname="com.timp.test.BPMA.ProcessodeNegocio.GatewayEvento" name="BPMAEntrar" time="14.219"/>
  <testcase classname="com.timp.test.BPMA.ProcessodeNegocio.GatewayEvento" name="criar" time="284.512"/>
</testsuite> <!-- com.timp.test.BPMA.ProcessodeNegocio.GatewayEvento -->
