<?xml version="1.0" encoding="UTF-8"?>
<!-- Generated by org.testng.reporters.JUnitReportReporter -->
<testsuite hostname="LAPTOP-IN7IV9K5" failures="0" tests="3" name="com.timp.test.BRE.RegrasDeEscrituração.RegrasDeEscrituracaoLixeiraEmMassaMaisExcluirEmMassa" time="262.318" errors="0" timestamp="19 feb. 2021 22:10:44 GMT" skipped="0">
  <testcase classname="com.timp.test.BRE.RegrasDeEscrituração.RegrasDeEscrituracaoLixeiraEmMassaMaisExcluirEmMassa" name="login" time="13.180"/>
  <testcase classname="com.timp.test.BRE.RegrasDeEscrituração.RegrasDeEscrituracaoLixeiraEmMassaMaisExcluirEmMassa" name="acessarBRE" time="28.931"/>
  <testcase classname="com.timp.test.BRE.RegrasDeEscrituração.RegrasDeEscrituracaoLixeiraEmMassaMaisExcluirEmMassa" name="criar" time="220.207"/>
</testsuite> <!-- com.timp.test.BRE.RegrasDeEscrituração.RegrasDeEscrituracaoLixeiraEmMassaMaisExcluirEmMassa -->
