<?xml version="1.0" encoding="UTF-8"?>
<!-- Generated by org.testng.reporters.JUnitReportReporter -->
<testsuite hostname="LAPTOP-EIQG1MUE" failures="0" tests="2" name="com.timp.test.MDR.TabelasApoioESocial.Tabela19.MotivosdeDesligamentoExcluirMasa" time="147.966" errors="0" timestamp="25 Jul 2021 17:18:19 GMT" skipped="0">
  <testcase classname="com.timp.test.MDR.TabelasApoioESocial.Tabela19.MotivosdeDesligamentoExcluirMasa" name="criar" time="110.856"/>
  <testcase classname="com.timp.test.MDR.TabelasApoioESocial.Tabela19.MotivosdeDesligamentoExcluirMasa" name="excluirEmMassa" time="37.110"/>
</testsuite> <!-- com.timp.test.MDR.TabelasApoioESocial.Tabela19.MotivosdeDesligamentoExcluirMasa -->
