<?xml version="1.0" encoding="UTF-8"?>
<!-- Generated by org.testng.reporters.JUnitReportReporter -->
<testsuite hostname="LAPTOP-EIQG1MUE" failures="0" tests="2" name="com.timp.test.MDR.TabelasApoioESocial.Tabela25.TiposDeBenefíciosExcluirMassa" time="176.928" errors="0" timestamp="25 Jul 2021 09:43:36 GMT" skipped="0">
  <testcase classname="com.timp.test.MDR.TabelasApoioESocial.Tabela25.TiposDeBenefíciosExcluirMassa" name="criar" time="127.261"/>
  <testcase classname="com.timp.test.MDR.TabelasApoioESocial.Tabela25.TiposDeBenefíciosExcluirMassa" name="excluir" time="49.667"/>
</testsuite> <!-- com.timp.test.MDR.TabelasApoioESocial.Tabela25.TiposDeBenefíciosExcluirMassa -->
