<?xml version="1.0" encoding="UTF-8"?>
<!-- Generated by org.testng.reporters.JUnitReportReporter -->
<testsuite hostname="LitoSoler" name="com.timp.test.mdr.LoginTest" tests="1" failures="0" timestamp="12 May 2020 17:11:54 GMT" time="22.304" errors="0">
  <testcase name="Login" time="22.304" classname="com.timp.test.mdr.LoginTest"/>
</testsuite> <!-- com.timp.test.mdr.LoginTest -->
