<?xml version="1.0" encoding="UTF-8"?>
<!-- Generated by org.testng.reporters.JUnitReportReporter -->
<testsuite hostname="LAPTOP-EIQG1MUE" failures="0" tests="3" name="com.timp.test.BRB.Formula" time="208.253" errors="0" timestamp="29 Jul 2021 09:49:06 GMT" skipped="0">
  <testcase classname="com.timp.test.BRB.Formula" name="formulaColuna" time="106.049"/>
  <testcase classname="com.timp.test.BRB.Formula" name="formulaBoton" time="82.407"/>
  <testcase classname="com.timp.test.BRB.Formula" name="aplicar" time="19.797"/>
</testsuite> <!-- com.timp.test.BRB.Formula -->
