<?xml version="1.0" encoding="UTF-8"?>
<!-- Generated by org.testng.reporters.JUnitReportReporter -->
<testsuite hostname="DESKTOP-SUF121B" failures="0" tests="3" name="com.timp.test.MDR.Tributos.TributosExcluir" time="139.750" errors="0" timestamp="28 Jul 2020 01:56:17 GMT">
  <testcase classname="com.timp.test.MDR.Tributos.TributosExcluir" name="tributosExcluir" time="87.852"/>
  <testcase classname="com.timp.test.MDR.Tributos.TributosExcluir" name="acessarMDR" time="40.912"/>
  <testcase classname="com.timp.test.MDR.Tributos.TributosExcluir" name="login" time="10.986"/>
</testsuite> <!-- com.timp.test.MDR.Tributos.TributosExcluir -->
