<?xml version="1.0" encoding="UTF-8"?>
<!-- Generated by org.testng.reporters.JUnitReportReporter -->
<testsuite hostname="LAPTOP-EIQG1MUE" failures="0" tests="1" name="com.timp.test.MDR.EventosESocial.S1210PagamentosDeRendimentosDoTrabalho.S1210PagamentosDeRendimientosDoTrabalhoExcluir" time="90.164" errors="0" timestamp="25 Jul 2021 09:43:36 GMT" skipped="0">
  <testcase classname="com.timp.test.MDR.EventosESocial.S1210PagamentosDeRendimentosDoTrabalho.S1210PagamentosDeRendimientosDoTrabalhoExcluir" name="excluir" time="90.164"/>
</testsuite> <!-- com.timp.test.MDR.EventosESocial.S1210PagamentosDeRendimentosDoTrabalho.S1210PagamentosDeRendimientosDoTrabalhoExcluir -->
