<?xml version="1.0" encoding="UTF-8"?>
<!-- Generated by org.testng.reporters.JUnitReportReporter -->
<testsuite hostname="LAPTOP-EIQG1MUE" failures="0" tests="1" name="com.timp.test.BRB.FiltrosAvancados" time="65.188" errors="0" timestamp="28 Jul 2021 14:19:10 GMT" skipped="0">
  <testcase classname="com.timp.test.BRB.FiltrosAvancados" name="filtrosAvanzados" time="65.188"/>
</testsuite> <!-- com.timp.test.BRB.FiltrosAvancados -->
