<?xml version="1.0" encoding="UTF-8"?>
<!-- Generated by org.testng.reporters.JUnitReportReporter -->
<testsuite hostname="LitoSoler" name="com.timp.test.MDR.PrecoDeTransferencia.ParametroModeloApuracaoTP.ParametroModeloApuracaoTPFiltroID" tests="3" failures="0" timestamp="15 Oct 2020 20:20:38 GMT" time="68.861" errors="0">
  <testcase name="acessarMDR" time="23.472" classname="com.timp.test.MDR.PrecoDeTransferencia.ParametroModeloApuracaoTP.ParametroModeloApuracaoTPFiltroID"/>
  <testcase name="filtro" time="38.976" classname="com.timp.test.MDR.PrecoDeTransferencia.ParametroModeloApuracaoTP.ParametroModeloApuracaoTPFiltroID"/>
  <testcase name="login" time="6.413" classname="com.timp.test.MDR.PrecoDeTransferencia.ParametroModeloApuracaoTP.ParametroModeloApuracaoTPFiltroID"/>
</testsuite> <!-- com.timp.test.MDR.PrecoDeTransferencia.ParametroModeloApuracaoTP.ParametroModeloApuracaoTPFiltroID -->
