<?xml version="1.0" encoding="UTF-8"?>
<!-- Generated by org.testng.reporters.JUnitReportReporter -->
<testsuite hostname="DESKTOP-C57COV6" failures="0" tests="1" name="com.timp.test.TAA.AtribuiçõesdeRegras.RegradeAbasCriar" time="142.744" errors="0" timestamp="25 jun. 2021 04:44:39 GMT" skipped="0">
  <testcase classname="com.timp.test.TAA.AtribuiçõesdeRegras.RegradeAbasCriar" name="criar" time="142.744"/>
</testsuite> <!-- com.timp.test.TAA.AtribuiçõesdeRegras.RegradeAbasCriar -->
