<?xml version="1.0" encoding="UTF-8"?>
<!-- Generated by org.testng.reporters.JUnitReportReporter -->
<testsuite hostname="MIGUEL" failures="0" tests="3" name="com.timp.test.MDR.EventosESocial.S1250AquisicaoDeProducaoRural.S1250AquisicaoDeProducaoRural.S1250InfProcJudicialCriar" time="94.675" errors="0" timestamp="7 Jan 2021 20:23:03 GMT">
  <testcase classname="com.timp.test.MDR.EventosESocial.S1250AquisicaoDeProducaoRural.S1250AquisicaoDeProducaoRural.S1250InfProcJudicialCriar" name="criar" time="75.208"/>
  <testcase classname="com.timp.test.MDR.EventosESocial.S1250AquisicaoDeProducaoRural.S1250AquisicaoDeProducaoRural.S1250InfProcJudicialCriar" name="login" time="8.539"/>
  <testcase classname="com.timp.test.MDR.EventosESocial.S1250AquisicaoDeProducaoRural.S1250AquisicaoDeProducaoRural.S1250InfProcJudicialCriar" name="acessarMDR" time="10.928"/>
</testsuite> <!-- com.timp.test.MDR.EventosESocial.S1250AquisicaoDeProducaoRural.S1250AquisicaoDeProducaoRural.S1250InfProcJudicialCriar -->
