<?xml version="1.0" encoding="UTF-8"?>
<!-- Generated by org.testng.reporters.JUnitReportReporter -->
<testsuite hostname="LAPTOP-IN7IV9K5" failures="0" tests="1" name="com.timp.test.TFP.Periodos.Periodos.PeriodoAlterarStatusSubPeriodoAvulso" time="86.777" errors="0" timestamp="03 mar. 2021 02:02:23 GMT" skipped="0">
  <testcase classname="com.timp.test.TFP.Periodos.Periodos.PeriodoAlterarStatusSubPeriodoAvulso" name="filtro" time="86.777"/>
</testsuite> <!-- com.timp.test.TFP.Periodos.Periodos.PeriodoAlterarStatusSubPeriodoAvulso -->
