<?xml version="1.0" encoding="UTF-8"?>
<!-- Generated by org.testng.reporters.JUnitReportReporter -->
<testsuite hostname="DESKTOP-BNBDMGT" failures="0" tests="3" name="com.timp.test.ATR.EstruturasMapeamentodeEstruturas.MapeamentodeEstruturasExcluirMassa" time="199.743" errors="0" timestamp="16 mar. 2021 13:29:14 GMT" skipped="0">
  <testcase classname="com.timp.test.ATR.EstruturasMapeamentodeEstruturas.MapeamentodeEstruturasExcluirMassa" name="ingresar" time="7.584"/>
  <testcase classname="com.timp.test.ATR.EstruturasMapeamentodeEstruturas.MapeamentodeEstruturasExcluirMassa" name="mdrEntrar" time="16.109"/>
  <testcase classname="com.timp.test.ATR.EstruturasMapeamentodeEstruturas.MapeamentodeEstruturasExcluirMassa" name="excluirMasaMotivosDesligamento" time="176.050"/>
</testsuite> <!-- com.timp.test.ATR.EstruturasMapeamentodeEstruturas.MapeamentodeEstruturasExcluirMassa -->
