<?xml version="1.0" encoding="UTF-8"?>
<!-- Generated by org.testng.reporters.JUnitReportReporter -->
<testsuite hostname="DESKTOP-JP1A9E6" failures="0" tests="1" name="com.timp.test.MDR.TipoDeTributoContaContabil.TipoDeTributoContaContabilExcluir" time="69.397" errors="0" timestamp="25 jun. 2021 08:28:12 GMT" skipped="0">
  <testcase classname="com.timp.test.MDR.TipoDeTributoContaContabil.TipoDeTributoContaContabilExcluir" name="excluir" time="69.397"/>
</testsuite> <!-- com.timp.test.MDR.TipoDeTributoContaContabil.TipoDeTributoContaContabilExcluir -->
