<?xml version="1.0" encoding="UTF-8"?>
<!-- Generated by org.testng.reporters.JUnitReportReporter -->
<testsuite hostname="LAPTOP-EIQG1MUE" failures="0" tests="1" name="com.timp.test.ATR.Arquivos.NotaFiscalEletronicaDeTransporte.NotaFiscalEletronicaDeTransporteFiltroPorINFNFE" time="82.748" errors="0" timestamp="13 Jul 2021 07:38:34 GMT" skipped="0">
  <testcase classname="com.timp.test.ATR.Arquivos.NotaFiscalEletronicaDeTransporte.NotaFiscalEletronicaDeTransporteFiltroPorINFNFE" name="filtro" time="82.748"/>
</testsuite> <!-- com.timp.test.ATR.Arquivos.NotaFiscalEletronicaDeTransporte.NotaFiscalEletronicaDeTransporteFiltroPorINFNFE -->
