<?xml version="1.0" encoding="UTF-8"?>
<!-- Generated by org.testng.reporters.JUnitReportReporter -->
<testsuite hostname="LAPTOP-EIQG1MUE" failures="0" tests="1" name="com.timp.test.BRE.Lixeira.ParametrosGerais.LixeiraRestaurar" time="78.878" errors="0" timestamp="26 Jul 2021 16:00:04 GMT" skipped="0">
  <testcase classname="com.timp.test.BRE.Lixeira.ParametrosGerais.LixeiraRestaurar" name="restaurar" time="78.878"/>
</testsuite> <!-- com.timp.test.BRE.Lixeira.ParametrosGerais.LixeiraRestaurar -->
