<?xml version="1.0" encoding="UTF-8"?>
<!-- Generated by org.testng.reporters.JUnitReportReporter -->
<testsuite hostname="LAPTOP-EIQG1MUE" failures="0" tests="1" name="com.timp.test.MDR.ContratoIOF.ContratoIOFDetalhes" time="122.055" errors="0" timestamp="21 Jul 2021 07:57:43 GMT" skipped="0">
  <testcase classname="com.timp.test.MDR.ContratoIOF.ContratoIOFDetalhes" name="Detalhes" time="122.055"/>
</testsuite> <!-- com.timp.test.MDR.ContratoIOF.ContratoIOFDetalhes -->
