<?xml version="1.0" encoding="UTF-8"?>
<!-- Generated by org.testng.reporters.JUnitReportReporter -->
<testsuite hostname="LAPTOP-EIQG1MUE" failures="0" tests="1" name="com.timp.test.BRB.EditarRelatorio" time="112.903" errors="0" timestamp="29 Jul 2021 07:00:16 GMT" skipped="0">
  <testcase classname="com.timp.test.BRB.EditarRelatorio" name="editar" time="112.903"/>
</testsuite> <!-- com.timp.test.BRB.EditarRelatorio -->
