<?xml version="1.0" encoding="UTF-8"?>
<!-- Generated by org.testng.reporters.JUnitReportReporter -->
<testsuite hostname="CRISTHIAN-VASQUEZ" failures="0" tests="3" name="com.timp.test.TCC.GestaoDeCreditoTributarioPIS.ConfiguracaoEExecucao.Registros1101.Registros1101Visualizar" time="106.472" errors="0" timestamp="28 Jan 2021 13:44:55 GMT">
  <testcase classname="com.timp.test.TCC.GestaoDeCreditoTributarioPIS.ConfiguracaoEExecucao.Registros1101.Registros1101Visualizar" name="acessarTCC" time="21.930"/>
  <testcase classname="com.timp.test.TCC.GestaoDeCreditoTributarioPIS.ConfiguracaoEExecucao.Registros1101.Registros1101Visualizar" name="visualizar" time="74.993"/>
  <testcase classname="com.timp.test.TCC.GestaoDeCreditoTributarioPIS.ConfiguracaoEExecucao.Registros1101.Registros1101Visualizar" name="login" time="9.549"/>
</testsuite> <!-- com.timp.test.TCC.GestaoDeCreditoTributarioPIS.ConfiguracaoEExecucao.Registros1101.Registros1101Visualizar -->
