<?xml version="1.0" encoding="UTF-8"?>
<!-- Generated by org.testng.reporters.JUnitReportReporter -->
<testsuite hostname="LitoSoler" name="com.timp.test.BRB.CriarCopia" tests="3" failures="0" timestamp="23 Dec 2020 20:02:55 GMT" time="138.163" errors="0">
  <testcase name="brbEntrar" time="23.053" classname="com.timp.test.BRB.CriarCopia"/>
  <testcase name="criarCopia" time="106.664" classname="com.timp.test.BRB.CriarCopia"/>
  <testcase name="login" time="8.446" classname="com.timp.test.BRB.CriarCopia"/>
</testsuite> <!-- com.timp.test.BRB.CriarCopia -->
