<?xml version="1.0" encoding="UTF-8"?>
<!-- Generated by org.testng.reporters.JUnitReportReporter -->
<testsuite hostname="DESKTOP-C57COV6" failures="0" tests="3" name="com.timp.test.ADM.Configuração.Usuarios.UsuáriosDetalhes" time="69.149" errors="0" timestamp="25 jun. 2021 05:15:07 GMT" skipped="0">
  <testcase classname="com.timp.test.ADM.Configuração.Usuarios.UsuáriosDetalhes" name="login" time="8.006"/>
  <testcase classname="com.timp.test.ADM.Configuração.Usuarios.UsuáriosDetalhes" name="AcessarADM" time="22.536"/>
  <testcase classname="com.timp.test.ADM.Configuração.Usuarios.UsuáriosDetalhes" name="ver" time="38.607"/>
</testsuite> <!-- com.timp.test.ADM.Configuração.Usuarios.UsuáriosDetalhes -->
