<?xml version="1.0" encoding="UTF-8"?>
<!-- Generated by org.testng.reporters.JUnitReportReporter -->
<testsuite hostname="LitoSoler" name="com.timp.test.NovoRelatorio" tests="1" failures="0" timestamp="12 May 2020 14:35:03 GMT" time="73.803" errors="0">
  <testcase name="novoRelatorio" time="73.803" classname="com.timp.test.NovoRelatorio"/>
</testsuite> <!-- com.timp.test.NovoRelatorio -->
