<?xml version="1.0" encoding="UTF-8"?>
<!-- Generated by org.testng.reporters.JUnitReportReporter -->
<testsuite hostname="LAPTOP-EIQG1MUE" failures="0" tests="1" name="com.timp.test.MDR.CEP.Logradouro.LogradouroEditar" time="89.384" errors="0" timestamp="20 Jul 2021 13:55:18 GMT" skipped="0">
  <testcase classname="com.timp.test.MDR.CEP.Logradouro.LogradouroEditar" name="editar" time="89.384"/>
</testsuite> <!-- com.timp.test.MDR.CEP.Logradouro.LogradouroEditar -->
