<?xml version="1.0" encoding="UTF-8"?>
<!-- Generated by org.testng.reporters.JUnitReportReporter -->
<testsuite hostname="LAPTOP-EIQG1MUE" failures="0" tests="1" name="com.timp.test.BRB.CampoOutput" time="108.422" errors="0" timestamp="29 Jul 2021 10:04:46 GMT" skipped="0">
  <testcase classname="com.timp.test.BRB.CampoOutput" name="campoOutput" time="108.422"/>
</testsuite> <!-- com.timp.test.BRB.CampoOutput -->
