<?xml version="1.0" encoding="UTF-8"?>
<<<<<<< HEAD
<!-- Generated by org.testng.reporters.JUnitReportReporter -->
<testsuite hostname="DESKTOP-JP1A9E6" failures="0" tests="1" name="com.timp.test.TDK.Dashboard.Edicao.DashboardEdiçãoGráfico" time="368.874" errors="0" timestamp="25 jun. 2021 16:21:32 GMT" skipped="0">
  <testcase classname="com.timp.test.TDK.Dashboard.Edicao.DashboardEdiçãoGráfico" name="editar" time="368.874"/>
=======
<!-- Generated by org.testng.reporters.JUnitReportReporter -->
<testsuite hostname="LAPTOP-IN7IV9K5" failures="0" tests="2" name="com.timp.test.TDK.Dashboard.Edicao.DashboardEdiçãoGráfico" time="697.821" errors="0" timestamp="25 jun. 2021 09:13:31 GMT" skipped="0">
  <testcase classname="com.timp.test.TDK.Dashboard.Edicao.DashboardEdiçãoGráfico" name="editar" time="348.807"/>
  <testcase classname="com.timp.test.TDK.Dashboard.Edicao.DashboardEdiçãoGráfico" name="editar" time="349.014"/>
>>>>>>> refs/remotes/origin/Kenssy
</testsuite> <!-- com.timp.test.TDK.Dashboard.Edicao.DashboardEdiçãoGráfico -->
