<?xml version="1.0" encoding="UTF-8"?>
<!-- Generated by org.testng.reporters.JUnitReportReporter -->
<testsuite hostname="LitoSoler" name="com.sap.timp.pageObjectModel.TBD.ArmazenagemDeArquivos.AprovacaoDeDocumentos.AprovacaoDeDocumentoVisualizar" tests="1" failures="0" timestamp="4 Jan 2021 15:25:10 GMT" time="0.012" errors="0">
  <testcase name="f" time="0.012" classname="com.sap.timp.pageObjectModel.TBD.ArmazenagemDeArquivos.AprovacaoDeDocumentos.AprovacaoDeDocumentoVisualizar"/>
</testsuite> <!-- com.sap.timp.pageObjectModel.TBD.ArmazenagemDeArquivos.AprovacaoDeDocumentos.AprovacaoDeDocumentoVisualizar -->
