<?xml version="1.0" encoding="UTF-8"?>
<!-- Generated by org.testng.reporters.JUnitReportReporter -->
<<<<<<< HEAD
<testsuite hostname="DESKTOP-C57COV6" failures="0" tests="3" name="com.timp.test.DFG.Configuracoes.ConfiguracoesLixeiraMasRestaurar" time="103.735" errors="0" timestamp="13 may. 2021 20:59:19 GMT" skipped="0">
  <testcase classname="com.timp.test.DFG.Configuracoes.ConfiguracoesLixeiraMasRestaurar" name="ingresar" time="8.458"/>
  <testcase classname="com.timp.test.DFG.Configuracoes.ConfiguracoesLixeiraMasRestaurar" name="mdrEntrar" time="23.516"/>
  <testcase classname="com.timp.test.DFG.Configuracoes.ConfiguracoesLixeiraMasRestaurar" name="lixeiraMasRestaurar" time="71.761"/>
=======
<testsuite hostname="LAPTOP-IN7IV9K5" failures="0" tests="3" name="com.timp.test.DFG.Configuracoes.ConfiguracoesLixeiraMasRestaurar" time="132.545" errors="0" timestamp="14 jun. 2021 05:33:21 GMT" skipped="0">
  <testcase classname="com.timp.test.DFG.Configuracoes.ConfiguracoesLixeiraMasRestaurar" name="ingresar" time="7.240"/>
  <testcase classname="com.timp.test.DFG.Configuracoes.ConfiguracoesLixeiraMasRestaurar" name="mdrEntrar" time="23.502"/>
  <testcase classname="com.timp.test.DFG.Configuracoes.ConfiguracoesLixeiraMasRestaurar" name="lixeiraMasRestaurar" time="101.803"/>
>>>>>>> refs/remotes/origin/Kenssy
</testsuite> <!-- com.timp.test.DFG.Configuracoes.ConfiguracoesLixeiraMasRestaurar -->
