<?xml version="1.0" encoding="UTF-8"?>
<!-- Generated by org.testng.reporters.JUnitReportReporter -->
<testsuite hostname="CRISTHIAN-VASQUEZ" failures="0" tests="3" name="com.timp.test.MDR.TabelasApoioSped.CFOP.CFODetalhe" time="66.835" errors="0" timestamp="20 Jan 2021 13:00:57 GMT">
  <testcase classname="com.timp.test.MDR.TabelasApoioSped.CFOP.CFODetalhe" name="ingresar" time="9.410"/>
  <testcase classname="com.timp.test.MDR.TabelasApoioSped.CFOP.CFODetalhe" name="mdrEntrar" time="27.642"/>
  <testcase classname="com.timp.test.MDR.TabelasApoioSped.CFOP.CFODetalhe" name="detalhe" time="29.783"/>
</testsuite> <!-- com.timp.test.MDR.TabelasApoioSped.CFOP.CFODetalhe -->
