<?xml version="1.0" encoding="UTF-8"?>
<!-- Generated by org.testng.reporters.JUnitReportReporter -->
<testsuite hostname="DESKTOP-HB7TMPD" failures="0" tests="8" name="com.timp.test.BCB.DemaisHierarquiaConfiguracaoTodasAsFuncionalidades" time="440.420" errors="0" timestamp="7 Jan 2021 05:01:16 GMT">
  <testcase classname="com.timp.test.BCB.DemaisHierarquiaConfiguracaoTodasAsFuncionalidades" name="relacionamentoFinalyAbrirHierarquiaGrupo" time="15.203"/>
  <testcase classname="com.timp.test.BCB.DemaisHierarquiaConfiguracaoTodasAsFuncionalidades" name="brbEntrar" time="14.667"/>
  <testcase classname="com.timp.test.BCB.DemaisHierarquiaConfiguracaoTodasAsFuncionalidades" name="excluirHierarquia2" time="58.477"/>
  <testcase classname="com.timp.test.BCB.DemaisHierarquiaConfiguracaoTodasAsFuncionalidades" name="excluirConfiguracoes1" time="78.844"/>
  <testcase classname="com.timp.test.BCB.DemaisHierarquiaConfiguracaoTodasAsFuncionalidades" name="excluirHierarquia1" time="53.809"/>
  <testcase classname="com.timp.test.BCB.DemaisHierarquiaConfiguracaoTodasAsFuncionalidades" name="login" time="7.006"/>
  <testcase classname="com.timp.test.BCB.DemaisHierarquiaConfiguracaoTodasAsFuncionalidades" name="excluirConfiguracoes2" time="62.960"/>
  <testcase classname="com.timp.test.BCB.DemaisHierarquiaConfiguracaoTodasAsFuncionalidades" name="ejecutarFinal" time="149.454"/>
</testsuite> <!-- com.timp.test.BCB.DemaisHierarquiaConfiguracaoTodasAsFuncionalidades -->
