<?xml version="1.0" encoding="UTF-8"?>
<!-- Generated by org.testng.reporters.JUnitReportReporter -->
<testsuite hostname="LAPTOP-IN7IV9K5" failures="0" tests="6" name="com.timp.test.TDK.Execucoes.ExecucoesPublicas.ExecuçõesExecuçõesPúblicasLixeiraemMassa" time="329.764" errors="0" timestamp="23 feb. 2021 04:05:48 GMT" skipped="0">
  <testcase classname="com.timp.test.TDK.Execucoes.ExecucoesPublicas.ExecuçõesExecuçõesPúblicasLixeiraemMassa" name="login" time="17.706"/>
  <testcase classname="com.timp.test.TDK.Execucoes.ExecucoesPublicas.ExecuçõesExecuçõesPúblicasLixeiraemMassa" name="acessarTDK" time="82.145"/>
  <testcase classname="com.timp.test.TDK.Execucoes.ExecucoesPublicas.ExecuçõesExecuçõesPúblicasLixeiraemMassa" name="criar" time="119.780"/>
  <testcase classname="com.timp.test.TDK.Execucoes.ExecucoesPublicas.ExecuçõesExecuçõesPúblicasLixeiraemMassa" name="lixeira" time="34.249"/>
  <testcase classname="com.timp.test.TDK.Execucoes.ExecucoesPublicas.ExecuçõesExecuçõesPúblicasLixeiraemMassa" name="lixeiraDefinitiva" time="33.992"/>
  <testcase classname="com.timp.test.TDK.Execucoes.ExecucoesPublicas.ExecuçõesExecuçõesPúblicasLixeiraemMassa" name="lixeiraExecucao" time="41.892"/>
</testsuite> <!-- com.timp.test.TDK.Execucoes.ExecucoesPublicas.ExecuçõesExecuçõesPúblicasLixeiraemMassa -->
