<?xml version="1.0" encoding="UTF-8"?>
<!-- Generated by org.testng.reporters.JUnitReportReporter -->
<testsuite hostname="LAPTOP-EIQG1MUE" failures="0" tests="1" name="com.timp.test.MDR.Reinf.R1070DadosAdicionais.R1070DadosAdicionaisDetalhes" time="89.995" errors="0" timestamp="22 Jul 2021 16:36:22 GMT" skipped="0">
  <testcase classname="com.timp.test.MDR.Reinf.R1070DadosAdicionais.R1070DadosAdicionaisDetalhes" name="detalhes" time="89.995"/>
</testsuite> <!-- com.timp.test.MDR.Reinf.R1070DadosAdicionais.R1070DadosAdicionaisDetalhes -->
