<?xml version="1.0" encoding="UTF-8"?>
<!-- Generated by org.testng.reporters.JUnitReportReporter -->
<testsuite hostname="MIGUEL" failures="0" tests="3" name="com.timp.test.TDK.Dashboard.MeusDashboards.MeusFavoritos.DashboardMeusFavoritosFiltroPorID" time="80.540" errors="0" timestamp="15 mar. 2021 22:33:11 GMT" skipped="0">
  <testcase classname="com.timp.test.TDK.Dashboard.MeusDashboards.MeusFavoritos.DashboardMeusFavoritosFiltroPorID" name="login" time="9.530"/>
  <testcase classname="com.timp.test.TDK.Dashboard.MeusDashboards.MeusFavoritos.DashboardMeusFavoritosFiltroPorID" name="acessarTDK" time="21.792"/>
  <testcase classname="com.timp.test.TDK.Dashboard.MeusDashboards.MeusFavoritos.DashboardMeusFavoritosFiltroPorID" name="filtro" time="49.218"/>
</testsuite> <!-- com.timp.test.TDK.Dashboard.MeusDashboards.MeusFavoritos.DashboardMeusFavoritosFiltroPorID -->
