<?xml version="1.0" encoding="UTF-8"?>
<!-- Generated by org.testng.reporters.JUnitReportReporter -->
<testsuite hostname="MIGUEL" failures="0" tests="3" name="com.timp.test.BRE.CalculoDeTributos.CalculodeTributosTabelas" time="328.026" errors="0" timestamp="19 feb. 2021 21:12:23 GMT" skipped="0">
  <testcase classname="com.timp.test.BRE.CalculoDeTributos.CalculodeTributosTabelas" name="login" time="11.007"/>
  <testcase classname="com.timp.test.BRE.CalculoDeTributos.CalculodeTributosTabelas" name="acessarBRE" time="17.251"/>
  <testcase classname="com.timp.test.BRE.CalculoDeTributos.CalculodeTributosTabelas" name="editar" time="299.768"/>
</testsuite> <!-- com.timp.test.BRE.CalculoDeTributos.CalculodeTributosTabelas -->
