<?xml version="1.0" encoding="UTF-8"?>
<!-- Generated by org.testng.reporters.JUnitReportReporter -->
<testsuite hostname="DESKTOP-BNBDMGT" failures="0" tests="2" name="com.timp.test.DFG.AcessarDFG" time="35.002" errors="0" timestamp="19 Nov 2020 17:23:27 GMT">
  <testcase classname="com.timp.test.DFG.AcessarDFG" name="DFGEntrar" time="27.130"/>
  <testcase classname="com.timp.test.DFG.AcessarDFG" name="login" time="7.872"/>
</testsuite> <!-- com.timp.test.DFG.AcessarDFG -->
