<?xml version="1.0" encoding="UTF-8"?>
<!-- Generated by org.testng.reporters.JUnitReportReporter -->
<testsuite hostname="DESKTOP-5P4F1JE" failures="0" tests="3" name="com.timp.test.BRE.RegrasDeAuditoriaN3.RegrasDeAuditoriaN3CriarMasCaminho" time="152.153" errors="0" timestamp="15 Feb 2021 21:07:28 GMT">
  <testcase classname="com.timp.test.BRE.RegrasDeAuditoriaN3.RegrasDeAuditoriaN3CriarMasCaminho" name="criar" time="124.625"/>
  <testcase classname="com.timp.test.BRE.RegrasDeAuditoriaN3.RegrasDeAuditoriaN3CriarMasCaminho" name="acessarBRE" time="19.428"/>
  <testcase classname="com.timp.test.BRE.RegrasDeAuditoriaN3.RegrasDeAuditoriaN3CriarMasCaminho" name="login" time="8.100"/>
</testsuite> <!-- com.timp.test.BRE.RegrasDeAuditoriaN3.RegrasDeAuditoriaN3CriarMasCaminho -->
