<?xml version="1.0" encoding="UTF-8"?>
<!-- Generated by org.testng.reporters.JUnitReportReporter -->
<testsuite hostname="LAPTOP-EIQG1MUE" failures="0" tests="1" name="com.timp.test.MDR.CEP.Logradouro.LogradouroVisualizar" time="76.621" errors="0" timestamp="20 Jul 2021 13:55:18 GMT" skipped="0">
  <testcase classname="com.timp.test.MDR.CEP.Logradouro.LogradouroVisualizar" name="visualizar" time="76.621"/>
</testsuite> <!-- com.timp.test.MDR.CEP.Logradouro.LogradouroVisualizar -->
