<?xml version="1.0" encoding="UTF-8"?>
<!-- Generated by org.testng.reporters.JUnitReportReporter -->
<testsuite hostname="LAPTOP-EIQG1MUE" failures="0" tests="3" name="com.timp.test.ATR.Arquivos.NotaFiscalEletronicaDeTransporte.NotaFiscalEletronicaDeTransporteFiltrosAvancados" time="98.576" errors="0" timestamp="13 Jul 2021 07:40:28 GMT" skipped="0">
  <testcase classname="com.timp.test.ATR.Arquivos.NotaFiscalEletronicaDeTransporte.NotaFiscalEletronicaDeTransporteFiltrosAvancados" name="filtroAvansado" time="27.565"/>
  <testcase classname="com.timp.test.ATR.Arquivos.NotaFiscalEletronicaDeTransporte.NotaFiscalEletronicaDeTransporteFiltrosAvancados" name="ATREntrar" time="21.829"/>
  <testcase classname="com.timp.test.ATR.Arquivos.NotaFiscalEletronicaDeTransporte.NotaFiscalEletronicaDeTransporteFiltrosAvancados" name="filtro" time="49.182"/>
</testsuite> <!-- com.timp.test.ATR.Arquivos.NotaFiscalEletronicaDeTransporte.NotaFiscalEletronicaDeTransporteFiltrosAvancados -->
