<?xml version="1.0" encoding="UTF-8"?>
<!-- Generated by org.testng.reporters.JUnitReportReporter -->
<testsuite hostname="MIGUEL" failures="0" tests="3" name="com.timp.test.ATR.CopiaEstruturas.CopiaGrupoDeEstruturas.GrupoDeEstruturasCriar" time="72.260" errors="0" timestamp="16 mar. 2021 06:19:12 GMT" skipped="0">
  <testcase classname="com.timp.test.ATR.CopiaEstruturas.CopiaGrupoDeEstruturas.GrupoDeEstruturasCriar" name="login" time="7.099"/>
  <testcase classname="com.timp.test.ATR.CopiaEstruturas.CopiaGrupoDeEstruturas.GrupoDeEstruturasCriar" name="criar" time="51.205"/>
  <testcase classname="com.timp.test.ATR.CopiaEstruturas.CopiaGrupoDeEstruturas.GrupoDeEstruturasCriar" name="ATREntrar" time="13.956"/>
</testsuite> <!-- com.timp.test.ATR.CopiaEstruturas.CopiaGrupoDeEstruturas.GrupoDeEstruturasCriar -->
