<?xml version="1.0" encoding="UTF-8"?>
<!-- Generated by org.testng.reporters.JUnitReportReporter -->
<testsuite hostname="DESKTOP-5P4F1JE" failures="0" tests="3" name="com.timp.test.MDR.TaxasDeActualizacao.AliquotasDeTaxaDeActualizacaoPesquisaPorID" time="47.879" errors="0" timestamp="13 Nov 2020 20:50:59 GMT">
  <testcase classname="com.timp.test.MDR.TaxasDeActualizacao.AliquotasDeTaxaDeActualizacaoPesquisaPorID" name="login" time="9.436"/>
  <testcase classname="com.timp.test.MDR.TaxasDeActualizacao.AliquotasDeTaxaDeActualizacaoPesquisaPorID" name="acessarMDR" time="12.091"/>
  <testcase classname="com.timp.test.MDR.TaxasDeActualizacao.AliquotasDeTaxaDeActualizacaoPesquisaPorID" name="filtro" time="26.352"/>
</testsuite> <!-- com.timp.test.MDR.TaxasDeActualizacao.AliquotasDeTaxaDeActualizacaoPesquisaPorID -->
