<?xml version="1.0" encoding="UTF-8"?>
<!-- Generated by org.testng.reporters.JUnitReportReporter -->
<<<<<<< HEAD
<testsuite hostname="DESKTOP-C57COV6" failures="0" tests="1" name="com.timp.test.TDK.Kpis.Edicao.KpisCartaoIndicadorEditar" time="276.430" errors="0" timestamp="02 jul. 2021 19:19:45 GMT" skipped="0">
  <testcase classname="com.timp.test.TDK.Kpis.Edicao.KpisCartaoIndicadorEditar" name="CartaoIndicador" time="276.430"/>
=======
<testsuite hostname="MIGUEL" failures="0" tests="3" name="com.timp.test.TDK.Kpis.Edicao.KpisCartaoIndicadorEditar" time="100.238" errors="0" timestamp="19 mar. 2021 16:30:43 GMT" skipped="0">
  <testcase classname="com.timp.test.TDK.Kpis.Edicao.KpisCartaoIndicadorEditar" name="login" time="7.448"/>
  <testcase classname="com.timp.test.TDK.Kpis.Edicao.KpisCartaoIndicadorEditar" name="acessarTDK" time="25.489"/>
  <testcase classname="com.timp.test.TDK.Kpis.Edicao.KpisCartaoIndicadorEditar" name="CartaoIndicador" time="67.301"/>
>>>>>>> refs/remotes/origin/Kenssy
</testsuite> <!-- com.timp.test.TDK.Kpis.Edicao.KpisCartaoIndicadorEditar -->
