<?xml version="1.0" encoding="UTF-8"?>
<!-- Generated by org.testng.reporters.JUnitReportReporter -->
<testsuite hostname="MIGUEL" failures="0" tests="3" name="com.timp.test.BRE.CalculoDeTributos.ParametroGerais.CalculodeTributosTabelas" time="344.569" errors="0" timestamp="19 feb. 2021 20:38:44 GMT" skipped="0">
  <testcase classname="com.timp.test.BRE.CalculoDeTributos.ParametroGerais.CalculodeTributosTabelas" name="login" time="18.595"/>
  <testcase classname="com.timp.test.BRE.CalculoDeTributos.ParametroGerais.CalculodeTributosTabelas" name="acessarBRE" time="19.050"/>
  <testcase classname="com.timp.test.BRE.CalculoDeTributos.ParametroGerais.CalculodeTributosTabelas" name="editar" time="306.924"/>
</testsuite> <!-- com.timp.test.BRE.CalculoDeTributos.ParametroGerais.CalculodeTributosTabelas -->
